<?xml version="1.0" encoding="UTF-8"?>
<!-- Generated by org.testng.reporters.JUnitReportReporter -->
<testsuite skipped="0" hostname="A2ML20178" name="io.mosip.kernel.tests.CentetMachineUserMappingToMasterData" tests="15" failures="0" timestamp="29 Jun 2019 08:58:22 GMT" time="4.842" errors="0">
  <testcase name="kernel_CentetMachineUserMappingToMasterData_empty_IsActive" time="0.301" classname="io.mosip.kernel.tests.CentetMachineUserMappingToMasterData"/>
  <testcase name="kernel_CentetMachineUserMappingToMasterData_invalid_machineId" time="0.346" classname="io.mosip.kernel.tests.CentetMachineUserMappingToMasterData"/>
  <testcase name="kernel_CentetMachineUserMappingToMasterData_centerId_length_11" time="0.309" classname="io.mosip.kernel.tests.CentetMachineUserMappingToMasterData"/>
  <testcase name="kernel_CentetMachineUserMappingToMasterData_UserId_length_37" time="0.312" classname="io.mosip.kernel.tests.CentetMachineUserMappingToMasterData"/>
  <testcase name="kernel_CentetMachineUserMappingToMasterData_invalid_isActive" time="0.294" classname="io.mosip.kernel.tests.CentetMachineUserMappingToMasterData"/>
  <testcase name="kernel_CentetMachineUserMappingToMasterData_invalid_langCode" time="0.293" classname="io.mosip.kernel.tests.CentetMachineUserMappingToMasterData"/>
  <testcase name="kernel_CentetMachineUserMappingToMasterData_empty_RegCenterId" time="0.285" classname="io.mosip.kernel.tests.CentetMachineUserMappingToMasterData"/>
  <testcase name="kernel_CentetMachineUserMappingToMasterData_updateExisting" time="0.321" classname="io.mosip.kernel.tests.CentetMachineUserMappingToMasterData"/>
  <testcase name="kernel_CentetMachineUserMappingToMasterData_invalid_cntrId" time="0.300" classname="io.mosip.kernel.tests.CentetMachineUserMappingToMasterData"/>
  <testcase name="kernel_CentetMachineUserMappingToMasterData_smoke" time="0.560" classname="io.mosip.kernel.tests.CentetMachineUserMappingToMasterData"/>
  <testcase name="kernel_CentetMachineUserMappingToMasterData_empty_MachineId" time="0.319" classname="io.mosip.kernel.tests.CentetMachineUserMappingToMasterData"/>
  <testcase name="kernel_CentetMachineUserMappingToMasterData_response_time" time="0.314" classname="io.mosip.kernel.tests.CentetMachineUserMappingToMasterData"/>
  <testcase name="kernel_CentetMachineUserMappingToMasterData_invalid_usrId" time="0.298" classname="io.mosip.kernel.tests.CentetMachineUserMappingToMasterData"/>
  <testcase name="kernel_CentetMachineUserMappingToMasterData_MachineId_length_11" time="0.290" classname="io.mosip.kernel.tests.CentetMachineUserMappingToMasterData"/>
  <testcase name="kernel_CentetMachineUserMappingToMasterData_empty_UserId" time="0.300" classname="io.mosip.kernel.tests.CentetMachineUserMappingToMasterData"/>
</testsuite> <!-- io.mosip.kernel.tests.CentetMachineUserMappingToMasterData -->
