<?xml version="1.0" encoding="UTF-8"?>
<!-- Generated by org.testng.reporters.JUnitReportReporter -->
<testsuite skipped="0" hostname="A2ML20178" name="io.mosip.preregistration.tests.DiscardIndividual" tests="2" failures="0" timestamp="29 Jun 2019 07:14:05 GMT" time="5.969" errors="0">
  <testcase name="Pre Reg_Demographic_Discard individual with invalid Pre Registration Id" time="0.395" classname="io.mosip.preregistration.tests.DiscardIndividual"/>
  <testcase name="Pre Reg_Demographic_Discard Individual Applicant By using Pre Registration ID_smoke" time="5.574" classname="io.mosip.preregistration.tests.DiscardIndividual"/>
</testsuite> <!-- io.mosip.preregistration.tests.DiscardIndividual -->
