<?xml version="1.0" encoding="UTF-8"?>
<!-- Generated by org.testng.reporters.JUnitReportReporter -->
<testsuite skipped="0" hostname="A2ML20178" name="io.mosip.preregistration.tests.RetriveAllPreRegIdByRegCenterId" tests="29" failures="0" timestamp="29 Jun 2019 07:14:05 GMT" time="113.299" errors="0">
  <testcase name="prereg_RetrivePreIdByRegCenterId_toDate_withInvalidDay" time="4.723" classname="io.mosip.preregistration.tests.RetriveAllPreRegIdByRegCenterId"/>
  <testcase name="prereg_RetrivePreIdByRegCenterId_registrationCenterId_withInvalidValueGreaterThanMaxLength" time="5.236" classname="io.mosip.preregistration.tests.RetriveAllPreRegIdByRegCenterId"/>
  <testcase name="preReg_RetrivePreIdByRegCenterId_smoke" time="4.868" classname="io.mosip.preregistration.tests.RetriveAllPreRegIdByRegCenterId"/>
  <testcase name="prereg_RetrivePreIdByRegCenterId_fromDate_withEmptyValue" time="4.951" classname="io.mosip.preregistration.tests.RetriveAllPreRegIdByRegCenterId"/>
  <testcase name="prereg_RetrivePreIdByRegCenterId_fromDate_withZeroInAllFields" time="2.421" classname="io.mosip.preregistration.tests.RetriveAllPreRegIdByRegCenterId"/>
  <testcase name="prereg_RetrivePreIdByRegCenterId_toDate_withZeroInAllFields" time="5.185" classname="io.mosip.preregistration.tests.RetriveAllPreRegIdByRegCenterId"/>
  <testcase name="prereg_RetrivePreIdByRegCenterId_fromDate_withFebNonLeapYearWith29" time="5.572" classname="io.mosip.preregistration.tests.RetriveAllPreRegIdByRegCenterId"/>
  <testcase name="prereg_RetrivePreIdByRegCenterId_fromDate_withAlphabets" time="5.134" classname="io.mosip.preregistration.tests.RetriveAllPreRegIdByRegCenterId"/>
  <testcase name="prereg_RetrivePreIdByRegCenterId_registrationCenterId_withInvalidValueAsAlphaNumericAndSpecialCharacters" time="2.292" classname="io.mosip.preregistration.tests.RetriveAllPreRegIdByRegCenterId"/>
  <testcase name="prereg_RetrivePreIdByRegCenterId_toDate_withInvalidDateFormat" time="2.330" classname="io.mosip.preregistration.tests.RetriveAllPreRegIdByRegCenterId"/>
  <testcase name="prereg_RetrivePreIdByRegCenterId_fromDate_withSpecialCharacters" time="3.024" classname="io.mosip.preregistration.tests.RetriveAllPreRegIdByRegCenterId"/>
  <testcase name="prereg_RetrivePreIdByRegCenterId_registrationCenterId_withInvalidValueAsEmptyValue" time="4.965" classname="io.mosip.preregistration.tests.RetriveAllPreRegIdByRegCenterId"/>
  <testcase name="prereg_RetrivePreIdByRegCenterId_fromDate_withInvalidDateFormat" time="4.848" classname="io.mosip.preregistration.tests.RetriveAllPreRegIdByRegCenterId"/>
  <testcase name="prereg_RetrivePreIdByRegCenterId_toDate_withFebGreaterThan29" time="2.538" classname="io.mosip.preregistration.tests.RetriveAllPreRegIdByRegCenterId"/>
  <testcase name="prereg_RetrivePreIdByRegCenterId_registrationCenterId_withInvalidNonExistingValue" time="4.923" classname="io.mosip.preregistration.tests.RetriveAllPreRegIdByRegCenterId"/>
  <testcase name="prereg_RetrivePreIdByRegCenterId_registrationCenterId_withInvalidValueAsSpaces" time="5.689" classname="io.mosip.preregistration.tests.RetriveAllPreRegIdByRegCenterId"/>
  <testcase name="prereg_RetrivePreIdByRegCenterId_fromDate_withSpaces" time="2.397" classname="io.mosip.preregistration.tests.RetriveAllPreRegIdByRegCenterId"/>
  <testcase name="prereg_RetrivePreIdByRegCenterId_fromDate_withInvalidMonth" time="4.763" classname="io.mosip.preregistration.tests.RetriveAllPreRegIdByRegCenterId"/>
  <testcase name="prereg_RetrivePreIdByRegCenterId_toDate_withEmptyValue" time="2.310" classname="io.mosip.preregistration.tests.RetriveAllPreRegIdByRegCenterId"/>
  <testcase name="prereg_RetrivePreIdByRegCenterId_fromDate_withFebGreaterThan29" time="2.954" classname="io.mosip.preregistration.tests.RetriveAllPreRegIdByRegCenterId"/>
  <testcase name="prereg_RetrivePreIdByRegCenterId_toDate_withAlphabets" time="4.940" classname="io.mosip.preregistration.tests.RetriveAllPreRegIdByRegCenterId"/>
  <testcase name="prereg_RetrivePreIdByRegCenterId_fromDate_withInvalidDay" time="2.347" classname="io.mosip.preregistration.tests.RetriveAllPreRegIdByRegCenterId"/>
  <testcase name="prereg_RetrivePreIdByRegCenterId_toDate_withFebNonLeapYearWith29" time="5.383" classname="io.mosip.preregistration.tests.RetriveAllPreRegIdByRegCenterId"/>
  <testcase name="prereg_RetrivePreIdByRegCenterId_toDate_withInvalidYear" time="2.485" classname="io.mosip.preregistration.tests.RetriveAllPreRegIdByRegCenterId"/>
  <testcase name="prereg_RetrivePreIdByRegCenterId_registrationCenterId_withInvalidValueAsAlphabets" time="2.407" classname="io.mosip.preregistration.tests.RetriveAllPreRegIdByRegCenterId"/>
  <testcase name="prereg_RetrivePreIdByRegCenterId_toDate_withInvalidMonth" time="4.834" classname="io.mosip.preregistration.tests.RetriveAllPreRegIdByRegCenterId"/>
  <testcase name="prereg_RetrivePreIdByRegCenterId_registrationCenterId_withInvalidValueAsAlphaNumeric" time="2.356" classname="io.mosip.preregistration.tests.RetriveAllPreRegIdByRegCenterId"/>
  <testcase name="prereg_RetrivePreIdByRegCenterId_toDate_withSpecialCharacters" time="5.057" classname="io.mosip.preregistration.tests.RetriveAllPreRegIdByRegCenterId"/>
  <testcase name="prereg_RetrivePreIdByRegCenterId_toDate_withSpaces" time="2.367" classname="io.mosip.preregistration.tests.RetriveAllPreRegIdByRegCenterId"/>
</testsuite> <!-- io.mosip.preregistration.tests.RetriveAllPreRegIdByRegCenterId -->
