<?xml version="1.0" encoding="UTF-8"?>
<!-- Generated by org.testng.reporters.JUnitReportReporter -->
<testsuite skipped="0" hostname="A2ML20178" name="io.mosip.preregistration.tests.FetchAppointmentDetails" tests="10" failures="0" timestamp="29 Jun 2019 07:14:05 GMT" time="75.178" errors="0">
  <testcase name="prereg_FetchAppointmentDetails_preRegistrationId_withSpecialCharacters" time="3.932" classname="io.mosip.preregistration.tests.FetchAppointmentDetails"/>
  <testcase name="prereg_FetchAppointmentDetails_statusCode_withConsumed" time="16.362" classname="io.mosip.preregistration.tests.FetchAppointmentDetails"/>
  <testcase name="prereg_FetchAppointmentDetails_preRegistrationId_withAlphaNumeric" time="1.397" classname="io.mosip.preregistration.tests.FetchAppointmentDetails"/>
  <testcase name="prereg_FetchAppointmentDetails_preRegistrationId_withEmptyValue" time="1.187" classname="io.mosip.preregistration.tests.FetchAppointmentDetails"/>
  <testcase name="prereg_FetchAppointmentDetails_statusCode_withExpired" time="18.775" classname="io.mosip.preregistration.tests.FetchAppointmentDetails"/>
  <testcase name="prereg_FetchAppointmentDetails_preRegistrationId_withGreaterThanMaxLength" time="1.214" classname="io.mosip.preregistration.tests.FetchAppointmentDetails"/>
  <testcase name="prereg_FetchAppointmentDetails_preRegistrationId_withAlphaNumericAndSpecialCharacters" time="3.969" classname="io.mosip.preregistration.tests.FetchAppointmentDetails"/>
  <testcase name="preReg_FetchAppointmentDetails_smoke" time="5.795" classname="io.mosip.preregistration.tests.FetchAppointmentDetails"/>
  <testcase name="prereg_FetchAppointmentDetails_preRegistrationId_withAlphabets" time="3.775" classname="io.mosip.preregistration.tests.FetchAppointmentDetails"/>
  <testcase name="prereg_FetchAppointmentDetails_statusCode_withPendingAppointment" time="18.772" classname="io.mosip.preregistration.tests.FetchAppointmentDetails"/>
</testsuite> <!-- io.mosip.preregistration.tests.FetchAppointmentDetails -->
