<?xml version="1.0" encoding="UTF-8"?>
<!-- Generated by org.testng.reporters.JUnitReportReporter -->
<testsuite skipped="0" hostname="A2MD20092" name="io.mosip.preregistration.tests.RetriveAllPreRegIdByRegCenterId" tests="29" failures="0" timestamp="02 Jul 2019 13:56:07 GMT" time="919.296" errors="2">
  <testcase name="prereg_RetrivePreIdByRegCenterId_registrationCenterId_withInvalidValueAsSpaces" time="18.548" classname="io.mosip.preregistration.tests.RetriveAllPreRegIdByRegCenterId"/>
  <testcase name="prereg_RetrivePreIdByRegCenterId_fromDate_withInvalidDay" time="20.155" classname="io.mosip.preregistration.tests.RetriveAllPreRegIdByRegCenterId"/>
  <testcase name="prereg_RetrivePreIdByRegCenterId_fromDate_withInvalidMonth" time="25.563" classname="io.mosip.preregistration.tests.RetriveAllPreRegIdByRegCenterId"/>
  <testcase name="prereg_RetrivePreIdByRegCenterId_fromDate_withSpaces" time="19.079" classname="io.mosip.preregistration.tests.RetriveAllPreRegIdByRegCenterId"/>
  <testcase name="prereg_RetrivePreIdByRegCenterId_registrationCenterId_withInvalidValueAsAlphaNumeric" time="17.895" classname="io.mosip.preregistration.tests.RetriveAllPreRegIdByRegCenterId"/>
  <testcase name="prereg_RetrivePreIdByRegCenterId_toDate_withInvalidMonth" time="18.234" classname="io.mosip.preregistration.tests.RetriveAllPreRegIdByRegCenterId"/>
  <testcase name="prereg_RetrivePreIdByRegCenterId_fromDate_withZeroInAllFields" time="16.418" classname="io.mosip.preregistration.tests.RetriveAllPreRegIdByRegCenterId"/>
  <testcase name="prereg_RetrivePreIdByRegCenterId_fromDate_withInvalidDateFormat" time="19.589" classname="io.mosip.preregistration.tests.RetriveAllPreRegIdByRegCenterId"/>
  <testcase name="prereg_RetrivePreIdByRegCenterId_fromDate_withFebGreaterThan29" time="17.970" classname="io.mosip.preregistration.tests.RetriveAllPreRegIdByRegCenterId"/>
  <testcase name="prereg_RetrivePreIdByRegCenterId_registrationCenterId_withInvalidValueAsAlphaNumericAndSpecialCharacters" time="18.527" classname="io.mosip.preregistration.tests.RetriveAllPreRegIdByRegCenterId"/>
  <testcase name="prereg_RetrivePreIdByRegCenterId_fromDate_withAlphabets" time="20.343" classname="io.mosip.preregistration.tests.RetriveAllPreRegIdByRegCenterId"/>
  <testcase name="prereg_RetrivePreIdByRegCenterId_toDate_withAlphabets" time="27.522" classname="io.mosip.preregistration.tests.RetriveAllPreRegIdByRegCenterId"/>
  <testcase name="prereg_RetrivePreIdByRegCenterId_toDate_withFebGreaterThan29" time="21.137" classname="io.mosip.preregistration.tests.RetriveAllPreRegIdByRegCenterId"/>
  <testcase name="prereg_RetrivePreIdByRegCenterId_registrationCenterId_withInvalidNonExistingValue" time="18.561" classname="io.mosip.preregistration.tests.RetriveAllPreRegIdByRegCenterId"/>
  <testcase name="prereg_RetrivePreIdByRegCenterId_registrationCenterId_withInvalidValueAsAlphabets" time="17.784" classname="io.mosip.preregistration.tests.RetriveAllPreRegIdByRegCenterId"/>
  <testcase name="prereg_RetrivePreIdByRegCenterId_toDate_withInvalidDay" time="64.602" classname="io.mosip.preregistration.tests.RetriveAllPreRegIdByRegCenterId"/>
  <testcase name="prereg_RetrivePreIdByRegCenterId_toDate_withEmptyValue" time="21.930" classname="io.mosip.preregistration.tests.RetriveAllPreRegIdByRegCenterId">
    <error type="com.google.common.base.VerifyException">
      <![CDATA[com.google.common.base.VerifyException
	at com.google.common.base.Verify.verify(Verify.java:100)
	at io.mosip.preregistration.tests.RetriveAllPreRegIdByRegCenterId.retrivePreRegistrationByRegistrationCenterId(RetriveAllPreRegIdByRegCenterId.java:291)
	at sun.reflect.NativeMethodAccessorImpl.invoke0(Native Method)
	at sun.reflect.NativeMethodAccessorImpl.invoke(Unknown Source)
	at sun.reflect.DelegatingMethodAccessorImpl.invoke(Unknown Source)
	at java.lang.reflect.Method.invoke(Unknown Source)
	at org.testng.internal.MethodInvocationHelper.invokeMethod(MethodInvocationHelper.java:108)
	at org.testng.internal.Invoker.invokeMethod(Invoker.java:661)
	at org.testng.internal.Invoker.invokeTestMethod(Invoker.java:869)
	at org.testng.internal.Invoker.invokeTestMethods(Invoker.java:1193)
	at org.testng.internal.TestMethodWorker.invokeTestMethods(TestMethodWorker.java:126)
	at org.testng.internal.TestMethodWorker.run(TestMethodWorker.java:109)
	at org.testng.TestRunner.privateRun(TestRunner.java:744)
	at org.testng.TestRunner.run(TestRunner.java:602)
	at org.testng.SuiteRunner.runTest(SuiteRunner.java:380)
	at org.testng.SuiteRunner.runSequentially(SuiteRunner.java:375)
	at org.testng.SuiteRunner.privateRun(SuiteRunner.java:340)
	at org.testng.SuiteRunner.run(SuiteRunner.java:289)
	at org.testng.SuiteRunnerWorker.runSuite(SuiteRunnerWorker.java:52)
	at org.testng.SuiteRunnerWorker.run(SuiteRunnerWorker.java:86)
	at org.testng.TestNG.runSuitesSequentially(TestNG.java:1301)
	at org.testng.TestNG.runSuitesLocally(TestNG.java:1226)
	at org.testng.TestNG.runSuites(TestNG.java:1144)
	at org.testng.TestNG.run(TestNG.java:1115)
	at io.mosip.testrunner.MosipTestRunner.startTestRunner(MosipTestRunner.java:42)
	at io.mosip.testrunner.MosipTestRunner.main(MosipTestRunner.java:30)
]]>
    </error>
  </testcase> <!-- prereg_RetrivePreIdByRegCenterId_toDate_withEmptyValue -->
  <testcase name="prereg_RetrivePreIdByRegCenterId_fromDate_withEmptyValue" time="20.545" classname="io.mosip.preregistration.tests.RetriveAllPreRegIdByRegCenterId"/>
  <testcase name="prereg_RetrivePreIdByRegCenterId_toDate_withSpecialCharacters" time="20.183" classname="io.mosip.preregistration.tests.RetriveAllPreRegIdByRegCenterId"/>
  <testcase name="preReg_RetrivePreIdByRegCenterId_smoke" time="21.718" classname="io.mosip.preregistration.tests.RetriveAllPreRegIdByRegCenterId"/>
  <testcase name="prereg_RetrivePreIdByRegCenterId_toDate_withSpaces" time="26.828" classname="io.mosip.preregistration.tests.RetriveAllPreRegIdByRegCenterId"/>
  <testcase name="prereg_RetrivePreIdByRegCenterId_toDate_withInvalidYear" time="21.965" classname="io.mosip.preregistration.tests.RetriveAllPreRegIdByRegCenterId"/>
  <testcase name="prereg_RetrivePreIdByRegCenterId_fromDate_withSpecialCharacters" time="198.117" classname="io.mosip.preregistration.tests.RetriveAllPreRegIdByRegCenterId">
    <error type="java.lang.IllegalStateException" message="failure &#039;Exception while fetching appointment details&#039;">
      <![CDATA[java.lang.IllegalStateException: failure 'Exception while fetching appointment details'
	at com.ibm.icu.impl.Assert.fail(Assert.java:17)
	at io.mosip.preregistration.tests.RetriveAllPreRegIdByRegCenterId.retrivePreRegistrationByRegistrationCenterId(RetriveAllPreRegIdByRegCenterId.java:167)
	at sun.reflect.NativeMethodAccessorImpl.invoke0(Native Method)
	at sun.reflect.NativeMethodAccessorImpl.invoke(Unknown Source)
	at sun.reflect.DelegatingMethodAccessorImpl.invoke(Unknown Source)
	at java.lang.reflect.Method.invoke(Unknown Source)
	at org.testng.internal.MethodInvocationHelper.invokeMethod(MethodInvocationHelper.java:108)
	at org.testng.internal.Invoker.invokeMethod(Invoker.java:661)
	at org.testng.internal.Invoker.invokeTestMethod(Invoker.java:869)
	at org.testng.internal.Invoker.invokeTestMethods(Invoker.java:1193)
	at org.testng.internal.TestMethodWorker.invokeTestMethods(TestMethodWorker.java:126)
	at org.testng.internal.TestMethodWorker.run(TestMethodWorker.java:109)
	at org.testng.TestRunner.privateRun(TestRunner.java:744)
	at org.testng.TestRunner.run(TestRunner.java:602)
	at org.testng.SuiteRunner.runTest(SuiteRunner.java:380)
	at org.testng.SuiteRunner.runSequentially(SuiteRunner.java:375)
	at org.testng.SuiteRunner.privateRun(SuiteRunner.java:340)
	at org.testng.SuiteRunner.run(SuiteRunner.java:289)
	at org.testng.SuiteRunnerWorker.runSuite(SuiteRunnerWorker.java:52)
	at org.testng.SuiteRunnerWorker.run(SuiteRunnerWorker.java:86)
	at org.testng.TestNG.runSuitesSequentially(TestNG.java:1301)
	at org.testng.TestNG.runSuitesLocally(TestNG.java:1226)
	at org.testng.TestNG.runSuites(TestNG.java:1144)
	at org.testng.TestNG.run(TestNG.java:1115)
	at io.mosip.testrunner.MosipTestRunner.startTestRunner(MosipTestRunner.java:42)
	at io.mosip.testrunner.MosipTestRunner.main(MosipTestRunner.java:30)
]]>
    </error>
  </testcase> <!-- prereg_RetrivePreIdByRegCenterId_fromDate_withSpecialCharacters -->
  <testcase name="prereg_RetrivePreIdByRegCenterId_toDate_withZeroInAllFields" time="16.808" classname="io.mosip.preregistration.tests.RetriveAllPreRegIdByRegCenterId"/>
  <testcase name="prereg_RetrivePreIdByRegCenterId_registrationCenterId_withInvalidValueAsEmptyValue" time="14.826" classname="io.mosip.preregistration.tests.RetriveAllPreRegIdByRegCenterId"/>
  <testcase name="prereg_RetrivePreIdByRegCenterId_registrationCenterId_withInvalidValueGreaterThanMaxLength" time="24.393" classname="io.mosip.preregistration.tests.RetriveAllPreRegIdByRegCenterId"/>
  <testcase name="prereg_RetrivePreIdByRegCenterId_toDate_withInvalidDateFormat" time="16.401" classname="io.mosip.preregistration.tests.RetriveAllPreRegIdByRegCenterId"/>
  <testcase name="prereg_RetrivePreIdByRegCenterId_fromDate_withFebNonLeapYearWith29" time="30.749" classname="io.mosip.preregistration.tests.RetriveAllPreRegIdByRegCenterId"/>
  <testcase name="prereg_RetrivePreIdByRegCenterId_toDate_withFebNonLeapYearWith29" time="122.906" classname="io.mosip.preregistration.tests.RetriveAllPreRegIdByRegCenterId"/>
</testsuite> <!-- io.mosip.preregistration.tests.RetriveAllPreRegIdByRegCenterId -->
