<?xml version="1.0" encoding="UTF-8"?>
<!-- Generated by org.testng.reporters.JUnitReportReporter -->
<testsuite skipped="0" hostname="A2MD20092" name="io.mosip.preregistration.tests.BookingAppointment" tests="14" failures="0" timestamp="02 Jul 2019 13:56:07 GMT" time="428.748" errors="0">
  <testcase name="Pre Reg_BookAnAppointment_BookAnAppointmentByPassingInvalidVer_Empty" time="26.350" classname="io.mosip.preregistration.tests.BookingAppointment"/>
  <testcase name="Pre Reg_BookAnAppointment_BookingAppointment_smoke" time="21.580" classname="io.mosip.preregistration.tests.BookingAppointment"/>
  <testcase name="Pre Reg_BookAnAppointment_BookAnAppointmentByPassingInvalidVer_otherThanStandardValue" time="32.126" classname="io.mosip.preregistration.tests.BookingAppointment"/>
  <testcase name="Pre Reg_BookAnAppointment_BookAnAppointmentByPassingInvalidId_otherThanStandardValue" time="32.833" classname="io.mosip.preregistration.tests.BookingAppointment"/>
  <testcase name="Pre Reg_BookAnAppointment_BookAnAppointmentByPassingInvalidAppointmentDate_Alphabets" time="30.143" classname="io.mosip.preregistration.tests.BookingAppointment"/>
  <testcase name="Pre Reg_BookAnAppointment_BookAnAppointmentByPassingInvalidAppointmentDate_DateLessThanToday" time="28.860" classname="io.mosip.preregistration.tests.BookingAppointment"/>
  <testcase name="Pre Reg_BookAnAppointment_BookAnAppointmentByPassingInvalidRequestTime_InvalidValue" time="30.936" classname="io.mosip.preregistration.tests.BookingAppointment"/>
  <testcase name="Pre Reg_BookAnAppointment_BookAnAppointmentByPassingInvalidTimeSlotTo_Alphabets" time="24.365" classname="io.mosip.preregistration.tests.BookingAppointment"/>
  <testcase name="Pre Reg_BookAnAppointment_BookAnAppointmentByPassingInvalidTimeSlotFrom_Alphabets" time="40.495" classname="io.mosip.preregistration.tests.BookingAppointment"/>
  <testcase name="Pre Reg_BookAnAppointment_BookAnAppointmentByPassingInvalidPreRegistrationId_Alphabets" time="37.063" classname="io.mosip.preregistration.tests.BookingAppointment"/>
  <testcase name="Pre Reg_BookAnAppointment_BookAnAppointmentByPassingInvalidRegistrationCenterId_Alphabets" time="29.315" classname="io.mosip.preregistration.tests.BookingAppointment"/>
  <testcase name="Pre Reg_BookAnAppointment_BookAnAppointmentByPassingInvalidRequestTime_EmptyValue" time="31.466" classname="io.mosip.preregistration.tests.BookingAppointment"/>
  <testcase name="Pre Reg_BookAnAppointment_BookAnAppointmentByPassingInvalidId_Empty" time="27.270" classname="io.mosip.preregistration.tests.BookingAppointment"/>
  <testcase name="Pre Reg_BookAnAppointment_ReBookingAppointment_smoke" time="35.946" classname="io.mosip.preregistration.tests.BookingAppointment"/>
</testsuite> <!-- io.mosip.preregistration.tests.BookingAppointment -->
