<?xml version="1.0" encoding="UTF-8"?>
<!-- Generated by org.testng.reporters.JUnitReportReporter -->
<testsuite skipped="0" hostname="A2ML20178" name="io.mosip.kernel.tests.AuditLog" tests="29" failures="0" timestamp="28 Jun 2019 13:01:51 GMT" time="12.368" errors="0">
  <testcase name="kernel_AuditLog_invalid_eventId_blank" time="0.319" classname="io.mosip.kernel.tests.AuditLog"/>
  <testcase name="kernel_AuditLog_invalid_idType_blank" time="0.215" classname="io.mosip.kernel.tests.AuditLog"/>
  <testcase name="kernel_AuditLog_invalid_sessionUserId_blank" time="0.223" classname="io.mosip.kernel.tests.AuditLog"/>
  <testcase name="kernel_AuditLog_invalid_sessionUserName_above128" time="0.231" classname="io.mosip.kernel.tests.AuditLog"/>
  <testcase name="kernel_AuditLog_invalid_eventId_above64" time="0.295" classname="io.mosip.kernel.tests.AuditLog"/>
  <testcase name="kernel_AuditLog_invalid_hostName_above128" time="0.222" classname="io.mosip.kernel.tests.AuditLog"/>
  <testcase name="kernel_AuditLog_allValid_smoke_removing_optional_fields" time="0.261" classname="io.mosip.kernel.tests.AuditLog"/>
  <testcase name="kernel_AuditLog_invalid_id_blank" time="0.245" classname="io.mosip.kernel.tests.AuditLog"/>
  <testcase name="kernel_AuditLog_invalid_eventName_above128" time="0.298" classname="io.mosip.kernel.tests.AuditLog"/>
  <testcase name="kernel_AuditLog_invalid_sessionUserName_blank" time="0.233" classname="io.mosip.kernel.tests.AuditLog"/>
  <testcase name="kernel_AuditLog_invalid_hostIp_blank" time="0.228" classname="io.mosip.kernel.tests.AuditLog"/>
  <testcase name="kernel_AuditLog_invalid_createdBy_above256" time="0.519" classname="io.mosip.kernel.tests.AuditLog"/>
  <testcase name="kernel_AuditLog_invalid_requestBody_format" time="0.213" classname="io.mosip.kernel.tests.AuditLog"/>
  <testcase name="kernel_AuditLog_invalid_applicationId_blank" time="0.264" classname="io.mosip.kernel.tests.AuditLog"/>
  <testcase name="kernel_AuditLog_invalid_applicationName_blank" time="4.606" classname="io.mosip.kernel.tests.AuditLog"/>
  <testcase name="kernel_AuditLog_invalid_applicationId_above64" time="0.295" classname="io.mosip.kernel.tests.AuditLog"/>
  <testcase name="kernel_AuditLog_invalid_hostName_blank" time="0.229" classname="io.mosip.kernel.tests.AuditLog"/>
  <testcase name="kernel_AuditLog_invalid_applicationName_above128" time="0.289" classname="io.mosip.kernel.tests.AuditLog"/>
  <testcase name="kernel_AuditLog_invalid_eventName_blank" time="0.288" classname="io.mosip.kernel.tests.AuditLog"/>
  <testcase name="kernel_AuditLog_invalid_eventType_above64" time="0.473" classname="io.mosip.kernel.tests.AuditLog"/>
  <testcase name="kernel_AuditLog_invalid_createdBy_blank" time="0.245" classname="io.mosip.kernel.tests.AuditLog"/>
  <testcase name="kernel_AuditLog_invalid_createdBy_Removing required Data" time="0.271" classname="io.mosip.kernel.tests.AuditLog"/>
  <testcase name="kernel_AuditLog_invalid_eventType_blank" time="0.229" classname="io.mosip.kernel.tests.AuditLog"/>
  <testcase name="kernel_AuditLog_invalid_actionTimeStamp_diff_format" time="0.325" classname="io.mosip.kernel.tests.AuditLog"/>
  <testcase name="kernel_AuditLog_invalid_id_above64" time="0.215" classname="io.mosip.kernel.tests.AuditLog"/>
  <testcase name="kernel_AuditLog_allValid_smoke" time="0.343" classname="io.mosip.kernel.tests.AuditLog"/>
  <testcase name="kernel_AuditLog_invalid_hostIp_above16" time="0.331" classname="io.mosip.kernel.tests.AuditLog"/>
  <testcase name="kernel_AuditLog_invalid_sessionUserId_above256" time="0.223" classname="io.mosip.kernel.tests.AuditLog"/>
  <testcase name="kernel_AuditLog_invalid_idType_above64" time="0.240" classname="io.mosip.kernel.tests.AuditLog"/>
</testsuite> <!-- io.mosip.kernel.tests.AuditLog -->
