<?xml version="1.0" encoding="UTF-8"?>
<!-- Generated by org.testng.reporters.JUnitReportReporter -->
<testsuite skipped="0" hostname="A2ML20178" name="io.mosip.preregistration.tests.TriggerNotification" tests="37" failures="0" timestamp="28 Jun 2019 13:01:50 GMT" time="202.087" errors="0">
  <testcase name="preReg_TriggerNotification_appointmentTime_withInvalidValueAsEmpty" time="5.107" classname="io.mosip.preregistration.tests.TriggerNotification"/>
  <testcase name="preReg_TriggerNotification_emailId_withInvalidValueAsMissing@" time="3.520" classname="io.mosip.preregistration.tests.TriggerNotification"/>
  <testcase name="preReg_TriggerNotification_requesttime_withInvalidValueAsAlphabets" time="4.910" classname="io.mosip.preregistration.tests.TriggerNotification"/>
  <testcase name="preReg_TriggerNotification_emailId_withInvalidValueAsTwo@sign" time="5.750" classname="io.mosip.preregistration.tests.TriggerNotification"/>
  <testcase name="preReg_TriggerNotification_appointmentDate_withInvalidValueAsNonExisting" time="5.434" classname="io.mosip.preregistration.tests.TriggerNotification"/>
  <testcase name="preReg_TriggerNotification_emailId_withInvalidValueAsGarbage" time="5.538" classname="io.mosip.preregistration.tests.TriggerNotification"/>
  <testcase name="preReg_TriggerNotification_requesttime_withInvalidDateFormat" time="5.208" classname="io.mosip.preregistration.tests.TriggerNotification"/>
  <testcase name="preReg_TriggerNotification_requesttime_withInvalidDateOfSlashInsteadOfHypen" time="5.017" classname="io.mosip.preregistration.tests.TriggerNotification"/>
  <testcase name="preReg_TriggerNotification_name_withInvalidValueAsNonExisting" time="15.325" classname="io.mosip.preregistration.tests.TriggerNotification"/>
  <testcase name="preReg_TriggerNotification_requesttime_withInvalidvalueAsFebNonLeapYearWith29" time="5.186" classname="io.mosip.preregistration.tests.TriggerNotification"/>
  <testcase name="preReg_TriggerNotification_version_withInvalidOtherThanStandardValue" time="4.959" classname="io.mosip.preregistration.tests.TriggerNotification"/>
  <testcase name="preReg_TriggerNotification_id_withInvalidValueAsEmpty" time="5.586" classname="io.mosip.preregistration.tests.TriggerNotification"/>
  <testcase name="preReg_TriggerNotification_requesttime_withInvalidValueAsSpecialCharacters" time="3.511" classname="io.mosip.preregistration.tests.TriggerNotification"/>
  <testcase name="preReg_TriggerNotification_additionalRecipient_false_smoke" time="5.952" classname="io.mosip.preregistration.tests.TriggerNotification"/>
  <testcase name="preReg_TriggerNotification_emailId_withInvalidValueAsMissingUsername" time="5.637" classname="io.mosip.preregistration.tests.TriggerNotification"/>
  <testcase name="preReg_TriggerNotification_requesttime_withInvalidValueAsSpaces" time="5.050" classname="io.mosip.preregistration.tests.TriggerNotification"/>
  <testcase name="preReg_TriggerNotification_mobNum_withInvalidValueAsAlphabets" time="7.375" classname="io.mosip.preregistration.tests.TriggerNotification"/>
  <testcase name="preReg_TriggerNotification_requesttime_withInvalidvalueAsFebGreaterThan29" time="4.859" classname="io.mosip.preregistration.tests.TriggerNotification"/>
  <testcase name="preReg_TriggerNotification_emailId_withInvalidValueAsPlainAddress" time="5.430" classname="io.mosip.preregistration.tests.TriggerNotification"/>
  <testcase name="preReg_TriggerNotification_requesttime_withInvalidTime" time="5.322" classname="io.mosip.preregistration.tests.TriggerNotification"/>
  <testcase name="preReg_TriggerNotification_requesttime_withInvalidvalueAsEmptyValue" time="3.228" classname="io.mosip.preregistration.tests.TriggerNotification"/>
  <testcase name="preReg_TriggerNotification_langcode_withInvalidValueAsNonExisting" time="5.229" classname="io.mosip.preregistration.tests.TriggerNotification"/>
  <testcase name="preReg_TriggerNotification_mobNum_withInvalidValueGreaterThanMax" time="5.483" classname="io.mosip.preregistration.tests.TriggerNotification"/>
  <testcase name="preReg_TriggerNotification_preRegistrationId_withInvalidValueAsNonExisting" time="5.541" classname="io.mosip.preregistration.tests.TriggerNotification"/>
  <testcase name="preReg_TriggerNotification_requesttime_withInvalidYear" time="5.054" classname="io.mosip.preregistration.tests.TriggerNotification"/>
  <testcase name="preReg_TriggerNotification_additionalRecipient_true_smoke" time="5.229" classname="io.mosip.preregistration.tests.TriggerNotification"/>
  <testcase name="preReg_TriggerNotification_appointmentDate_withInvalidValueAsEmpty" time="5.261" classname="io.mosip.preregistration.tests.TriggerNotification"/>
  <testcase name="preReg_TriggerNotification_id_withInvalidOtherThanStandardValue" time="5.002" classname="io.mosip.preregistration.tests.TriggerNotification"/>
  <testcase name="preReg_TriggerNotification_langcode_withInvalidValueAsEmpty" time="5.227" classname="io.mosip.preregistration.tests.TriggerNotification"/>
  <testcase name="preReg_TriggerNotification_requesttime_withInvalidMonth" time="2.724" classname="io.mosip.preregistration.tests.TriggerNotification"/>
  <testcase name="preReg_TriggerNotification_emailId_withInvalidValueAsEncodedHtmlWithinEmailIsInvalid" time="3.190" classname="io.mosip.preregistration.tests.TriggerNotification"/>
  <testcase name="preReg_TriggerNotification_requesttime_withInvalidDay" time="5.157" classname="io.mosip.preregistration.tests.TriggerNotification"/>
  <testcase name="preReg_TriggerNotification_requesttime_withInvalidvalueAsDateLessThanCurrentDate" time="5.431" classname="io.mosip.preregistration.tests.TriggerNotification"/>
  <testcase name="preReg_TriggerNotification_requesttime_withInvalidValueAsDateGreaterThanCurrentDate" time="5.075" classname="io.mosip.preregistration.tests.TriggerNotification"/>
  <testcase name="preReg_TriggerNotification_requesttime_withInvalidValueAsZeroInAllFields" time="5.220" classname="io.mosip.preregistration.tests.TriggerNotification"/>
  <testcase name="preReg_TriggerNotification_mobNum_withInvalidValueLessThanMax" time="12.641" classname="io.mosip.preregistration.tests.TriggerNotification"/>
  <testcase name="preReg_TriggerNotification_version_withInvalidEmptyValue" time="2.719" classname="io.mosip.preregistration.tests.TriggerNotification"/>
</testsuite> <!-- io.mosip.preregistration.tests.TriggerNotification -->
