<?xml version="1.0" encoding="UTF-8"?>
<!-- Generated by org.testng.reporters.JUnitReportReporter -->
<testsuite skipped="0" hostname="A2MD20092" name="io.mosip.preregistration.tests.CreatePreRegistration" tests="23" failures="0" timestamp="02 Jul 2019 13:56:07 GMT" time="25.796" errors="0">
  <testcase name="Pre Reg_Demographic_Create Pre Registration By Passing 31 digit CNIENumber" time="0.413" classname="io.mosip.preregistration.tests.CreatePreRegistration"/>
  <testcase name="Pre Reg_Demographic_Create Pre Registration without passing DOB in request" time="0.472" classname="io.mosip.preregistration.tests.CreatePreRegistration"/>
  <testcase name="Pre Reg_Demographic_Create Pre Registration by passing 4 alphanumeric Postal code" time="0.500" classname="io.mosip.preregistration.tests.CreatePreRegistration"/>
  <testcase name="Pre Reg_Demographic_Create Pre Registration by passing 6 alphanumeric Postal code" time="0.437" classname="io.mosip.preregistration.tests.CreatePreRegistration"/>
  <testcase name="Pre Reg_Demographic_Create Pre Registration By Passing 09 digit CNIENumber" time="0.466" classname="io.mosip.preregistration.tests.CreatePreRegistration"/>
  <testcase name="Pre Reg_Demographic_Create Pre Registration by passing 51 charecter in name" time="0.881" classname="io.mosip.preregistration.tests.CreatePreRegistration"/>
  <testcase name="Pre Reg_Demographic_Create Pre Registration without passing Province in request" time="3.196" classname="io.mosip.preregistration.tests.CreatePreRegistration"/>
  <testcase name="Pre Reg_Demographic_Create Pre Registration with invalid email format" time="0.421" classname="io.mosip.preregistration.tests.CreatePreRegistration"/>
  <testcase name="Pre Reg_Demographic_requesttime_Create Pre Registration By past date" time="0.367" classname="io.mosip.preregistration.tests.CreatePreRegistration"/>
  <testcase name="Pre Reg_Demographic_Create Pre Registration by passing 8 digit mobile no" time="0.657" classname="io.mosip.preregistration.tests.CreatePreRegistration"/>
  <testcase name="Pre Reg_Demographic_Create Pre Registration without passing Region in request" time="0.424" classname="io.mosip.preregistration.tests.CreatePreRegistration"/>
  <testcase name="Pre Reg_Demographic_Create Pre Registration By Passing future DOB" time="0.822" classname="io.mosip.preregistration.tests.CreatePreRegistration"/>
  <testcase name="Pre Reg_Demographic_Create Pre Registration without passing Address line 1 in request" time="2.952" classname="io.mosip.preregistration.tests.CreatePreRegistration"/>
  <testcase name="Pre Reg_Demographic_Create Pre Registration without passing Local Administrative Authority in request" time="0.468" classname="io.mosip.preregistration.tests.CreatePreRegistration"/>
  <testcase name="createPreRegistration_smoke" time="4.189" classname="io.mosip.preregistration.tests.CreatePreRegistration"/>
  <testcase name="Pre Reg_Demographic_Create Pre Registration with invalid mobile no format" time="2.882" classname="io.mosip.preregistration.tests.CreatePreRegistration"/>
  <testcase name="Pre Reg_Demographic_Create Pre Registration without passing gender in request" time="3.140" classname="io.mosip.preregistration.tests.CreatePreRegistration"/>
  <testcase name="Pre Reg_Demographic_Create Pre Registration without passing CNIE in request" time="0.426" classname="io.mosip.preregistration.tests.CreatePreRegistration"/>
  <testcase name="Pre Reg_Demographic_Create Pre Registration without passing Postal code in request" time="0.616" classname="io.mosip.preregistration.tests.CreatePreRegistration"/>
  <testcase name="Pre Reg_Demographic_Create Pre registration By Passing 11 digit mobile no" time="0.870" classname="io.mosip.preregistration.tests.CreatePreRegistration"/>
  <testcase name="Pre Reg_Demographic_Create Pre Registration without passing City in request" time="0.413" classname="io.mosip.preregistration.tests.CreatePreRegistration"/>
  <testcase name="Pre Reg_Demographic_Create Pre Registration By passing invalid Language Code" time="0.344" classname="io.mosip.preregistration.tests.CreatePreRegistration"/>
  <testcase name="Pre Reg_Demographic_Create Pre Registration without passing name in request" time="0.440" classname="io.mosip.preregistration.tests.CreatePreRegistration"/>
</testsuite> <!-- io.mosip.preregistration.tests.CreatePreRegistration -->
