<?xml version="1.0" encoding="UTF-8"?>
<!-- Generated by org.testng.reporters.JUnitReportReporter -->
<testsuite skipped="0" hostname="A2ML20178" name="io.mosip.preregistration.tests.RetrivePreRegistration" tests="2" failures="0" timestamp="29 Jun 2019 07:14:05 GMT" time="9.761" errors="0">
  <testcase name="preReg_DataSync_retrivePreRegistrationData" time="0.580" classname="io.mosip.preregistration.tests.RetrivePreRegistration"/>
  <testcase name="preReg_DataSync_retrivePreRegistrationData" time="9.181" classname="io.mosip.preregistration.tests.RetrivePreRegistration"/>
</testsuite> <!-- io.mosip.preregistration.tests.RetrivePreRegistration -->
