<?xml version="1.0" encoding="UTF-8"?>
<!-- Generated by org.testng.reporters.JUnitReportReporter -->
<testsuite skipped="0" hostname="A2ML20178" name="io.mosip.preregistration.tests.BatchJob" tests="2" failures="0" timestamp="28 Jun 2019 13:01:50 GMT" time="27.495" errors="0">
  <testcase name="preReg_BatchJob_batchJobForConsumedApplication" time="11.473" classname="io.mosip.preregistration.tests.BatchJob"/>
  <testcase name="preReg_BatchJob_batchJobForExpiredApplication" time="16.022" classname="io.mosip.preregistration.tests.BatchJob"/>
</testsuite> <!-- io.mosip.preregistration.tests.BatchJob -->
