<?xml version="1.0" encoding="UTF-8"?>
<!-- Generated by org.testng.reporters.JUnitReportReporter -->
<testsuite skipped="0" hostname="A2ML20178" name="io.mosip.preregistration.tests.FetchTheStatusOfApplication" tests="2" failures="0" timestamp="29 Jun 2019 07:14:05 GMT" time="3.983" errors="0">
  <testcase name="Pre Reg_Demographic_Fetch Status of the application_smoke" time="3.670" classname="io.mosip.preregistration.tests.FetchTheStatusOfApplication"/>
  <testcase name="Pre Reg_Demographic_Fetch Status of the Application by giving invalid Pre Registration id in request" time="0.313" classname="io.mosip.preregistration.tests.FetchTheStatusOfApplication"/>
</testsuite> <!-- io.mosip.preregistration.tests.FetchTheStatusOfApplication -->
