<?xml version="1.0" encoding="UTF-8"?>
<!-- Generated by org.testng.reporters.JUnitReportReporter -->
<testsuite skipped="0" hostname="A2ML20178" name="io.mosip.authentication.idRepository.tests.RetrieveIdentityByRid" tests="3" failures="0" timestamp="27 Jun 2019 15:50:07 GMT" time="1.589" errors="0">
  <testcase name="IdRepository_RetrieveIdentity_With InValid Rid" time="0.367" classname="io.mosip.authentication.idRepository.tests.RetrieveIdentityByRid"/>
  <testcase name="IdRepository_RetrieveIdentity_With Valid Smoke Rid" time="0.603" classname="io.mosip.authentication.idRepository.tests.RetrieveIdentityByRid"/>
  <testcase name="IdRepository_RetrieveIdentity_With Deactivted UIN" time="0.619" classname="io.mosip.authentication.idRepository.tests.RetrieveIdentityByRid"/>
</testsuite> <!-- io.mosip.authentication.idRepository.tests.RetrieveIdentityByRid -->
