<?xml version="1.0" encoding="UTF-8"?>
<!-- Generated by org.testng.reporters.JUnitReportReporter -->
<testsuite skipped="0" hostname="A2ML20178" name="io.mosip.preregistration.tests.DocumentUpload" tests="5" failures="0" timestamp="29 Jun 2019 07:14:05 GMT" time="16.463" errors="0">
  <testcase name="Pre Reg_DocumentUpload_DocumentUpload_smoke" time="5.106" classname="io.mosip.preregistration.tests.DocumentUpload"/>
  <testcase name="Pre Reg_DocumentUpload_DocumentUploadInvalidVersion_Alphabets" time="4.045" classname="io.mosip.preregistration.tests.DocumentUpload"/>
  <testcase name="Pre Reg_DocumentUpload_DocumentUploadInvalidRequesttime_Alphabets" time="4.222" classname="io.mosip.preregistration.tests.DocumentUpload"/>
  <testcase name="Pre Reg_DocumentUpload_DocumentUploadInvalidId_Alphabets" time="1.530" classname="io.mosip.preregistration.tests.DocumentUpload"/>
  <testcase name="Pre Reg_DocumentUpload_DocumentUploadInvalidDocType_xlsx" time="1.560" classname="io.mosip.preregistration.tests.DocumentUpload"/>
</testsuite> <!-- io.mosip.preregistration.tests.DocumentUpload -->
