<?xml version="1.0" encoding="UTF-8"?>
<!-- Generated by org.testng.reporters.JUnitReportReporter -->
<testsuite skipped="0" hostname="A2ML20178" name="io.mosip.preregistration.tests.BatchJob" tests="2" failures="0" timestamp="27 Jun 2019 15:50:07 GMT" time="18.575" errors="0">
  <testcase name="preReg_BatchJob_batchJobForConsumedApplication" time="9.589" classname="io.mosip.preregistration.tests.BatchJob"/>
  <testcase name="preReg_BatchJob_batchJobForExpiredApplication" time="8.986" classname="io.mosip.preregistration.tests.BatchJob"/>
</testsuite> <!-- io.mosip.preregistration.tests.BatchJob -->
