<?xml version="1.0" encoding="UTF-8"?>
<!-- Generated by org.testng.reporters.JUnitReportReporter -->
<testsuite skipped="0" hostname="A2ML20178" name="io.mosip.preregistration.tests.BookingAppointment" tests="14" failures="0" timestamp="29 Jun 2019 07:14:05 GMT" time="71.131" errors="0">
  <testcase name="Pre Reg_BookAnAppointment_BookAnAppointmentByPassingInvalidId_otherThanStandardValue" time="5.556" classname="io.mosip.preregistration.tests.BookingAppointment"/>
  <testcase name="Pre Reg_BookAnAppointment_BookAnAppointmentByPassingInvalidId_Empty" time="3.182" classname="io.mosip.preregistration.tests.BookingAppointment"/>
  <testcase name="Pre Reg_BookAnAppointment_ReBookingAppointment_smoke" time="2.887" classname="io.mosip.preregistration.tests.BookingAppointment"/>
  <testcase name="Pre Reg_BookAnAppointment_BookingAppointment_smoke" time="4.321" classname="io.mosip.preregistration.tests.BookingAppointment"/>
  <testcase name="Pre Reg_BookAnAppointment_BookAnAppointmentByPassingInvalidAppointmentDate_Alphabets" time="5.423" classname="io.mosip.preregistration.tests.BookingAppointment"/>
  <testcase name="Pre Reg_BookAnAppointment_BookAnAppointmentByPassingInvalidAppointmentDate_DateLessThanToday" time="5.267" classname="io.mosip.preregistration.tests.BookingAppointment"/>
  <testcase name="Pre Reg_BookAnAppointment_BookAnAppointmentByPassingInvalidVer_Empty" time="5.260" classname="io.mosip.preregistration.tests.BookingAppointment"/>
  <testcase name="Pre Reg_BookAnAppointment_BookAnAppointmentByPassingInvalidPreRegistrationId_Alphabets" time="5.525" classname="io.mosip.preregistration.tests.BookingAppointment"/>
  <testcase name="Pre Reg_BookAnAppointment_BookAnAppointmentByPassingInvalidRegistrationCenterId_Alphabets" time="5.385" classname="io.mosip.preregistration.tests.BookingAppointment"/>
  <testcase name="Pre Reg_BookAnAppointment_BookAnAppointmentByPassingInvalidRequestTime_EmptyValue" time="5.146" classname="io.mosip.preregistration.tests.BookingAppointment"/>
  <testcase name="Pre Reg_BookAnAppointment_BookAnAppointmentByPassingInvalidTimeSlotTo_Alphabets" time="5.743" classname="io.mosip.preregistration.tests.BookingAppointment"/>
  <testcase name="Pre Reg_BookAnAppointment_BookAnAppointmentByPassingInvalidVer_otherThanStandardValue" time="5.315" classname="io.mosip.preregistration.tests.BookingAppointment"/>
  <testcase name="Pre Reg_BookAnAppointment_BookAnAppointmentByPassingInvalidRequestTime_InvalidValue" time="5.078" classname="io.mosip.preregistration.tests.BookingAppointment"/>
  <testcase name="Pre Reg_BookAnAppointment_BookAnAppointmentByPassingInvalidTimeSlotFrom_Alphabets" time="7.043" classname="io.mosip.preregistration.tests.BookingAppointment"/>
</testsuite> <!-- io.mosip.preregistration.tests.BookingAppointment -->
