<?xml version="1.0" encoding="UTF-8"?>
<!-- Generated by org.testng.reporters.JUnitReportReporter -->
<testsuite skipped="0" hostname="A2ML20178" name="io.mosip.registrationProcessor.tests.ApplicantDemographic" tests="9" failures="0" timestamp="27 Jun 2019 15:50:07 GMT" time="7.867" errors="0">
  <testcase name="RegProc_ApplicantDemographicApi_regProc_ApplicantDemographic_versionEmpty" time="0.742" classname="io.mosip.registrationProcessor.tests.ApplicantDemographic"/>
  <testcase name="RegProc_ApplicantDemographicApi_regProc_ApplicantDemographic_versionInvalid" time="0.794" classname="io.mosip.registrationProcessor.tests.ApplicantDemographic"/>
  <testcase name="RegProc_ApplicantDemographicApi_regProc_ApplicantDemographic_requesttimeInvalid" time="0.731" classname="io.mosip.registrationProcessor.tests.ApplicantDemographic"/>
  <testcase name="RegProc_ApplicantDemographicApi_regProc_ApplicantDemographic_regIdEmpty" time="0.750" classname="io.mosip.registrationProcessor.tests.ApplicantDemographic"/>
  <testcase name="RegProc_ApplicantDemographicApi_regProc_ApplicantDemographic_idInvalid" time="0.767" classname="io.mosip.registrationProcessor.tests.ApplicantDemographic"/>
  <testcase name="RegProc_ApplicantDemographicApi_regProc_ApplicantDemographic_regIdNotPresent" time="0.765" classname="io.mosip.registrationProcessor.tests.ApplicantDemographic"/>
  <testcase name="RegProc_ApplicantDemographicApi_regProc_ApplicantDemographic_requesttimeEmpty" time="0.866" classname="io.mosip.registrationProcessor.tests.ApplicantDemographic"/>
  <testcase name="RegProc_ApplicantDemographicApi_regProc_ApplicantDemographic_smoke" time="1.629" classname="io.mosip.registrationProcessor.tests.ApplicantDemographic"/>
  <testcase name="RegProc_ApplicantDemographicApi_regProc_ApplicantDemographic_idEmpty" time="0.823" classname="io.mosip.registrationProcessor.tests.ApplicantDemographic"/>
</testsuite> <!-- io.mosip.registrationProcessor.tests.ApplicantDemographic -->
