<?xml version="1.0" encoding="UTF-8"?>
<!-- Generated by org.testng.reporters.JUnitReportReporter -->
<testsuite skipped="0" hostname="A2ML20178" name="io.mosip.preregistration.tests.FetchAvailabilityDataOfRegistrationCenters" tests="6" failures="0" timestamp="29 Jun 2019 07:14:05 GMT" time="2.359" errors="0">
  <testcase name="Pre Reg_FetchAvailabilityDataOfRegistrationCenters_prereg_FetchAvailabilityDataOfRegistrationCenters_registrationCenterId_withAlphaNumeric" time="0.394" classname="io.mosip.preregistration.tests.FetchAvailabilityDataOfRegistrationCenters"/>
  <testcase name="Pre Reg_FetchAvailabilityDataOfRegistrationCenters_prereg_FetchAvailabilityDataOfRegCenters_smoke" time="0.420" classname="io.mosip.preregistration.tests.FetchAvailabilityDataOfRegistrationCenters"/>
  <testcase name="Pre Reg_FetchAvailabilityDataOfRegistrationCenters_prereg_FetchAvailabilityDataOfRegistrationCenters_registrationCenterId_withSpecialCharacters" time="0.400" classname="io.mosip.preregistration.tests.FetchAvailabilityDataOfRegistrationCenters"/>
  <testcase name="Pre Reg_FetchAvailabilityDataOfRegistrationCenters_prereg_FetchAvailabilityDataOfRegistrationCenters_registrationCenterId_withAlphabets" time="0.379" classname="io.mosip.preregistration.tests.FetchAvailabilityDataOfRegistrationCenters"/>
  <testcase name="Pre Reg_FetchAvailabilityDataOfRegistrationCenters_prereg_FetchAvailabilityDataOfRegistrationCenters_registrationCenterId_withAlphaNumericAndSpecialCharacters" time="0.403" classname="io.mosip.preregistration.tests.FetchAvailabilityDataOfRegistrationCenters"/>
  <testcase name="Pre Reg_FetchAvailabilityDataOfRegistrationCenters_prereg_FetchAvailabilityDataOfRegistrationCenters_registrationCenterId_withEmptyValue" time="0.363" classname="io.mosip.preregistration.tests.FetchAvailabilityDataOfRegistrationCenters"/>
</testsuite> <!-- io.mosip.preregistration.tests.FetchAvailabilityDataOfRegistrationCenters -->
