<?xml version="1.0" encoding="UTF-8"?>
<!-- Generated by org.testng.reporters.JUnitReportReporter -->
<testsuite skipped="0" hostname="A2MD20092" name="io.mosip.preregistration.tests.CancelAnBookedAppointment" tests="12" failures="0" timestamp="02 Jul 2019 13:56:07 GMT" time="260.937" errors="5">
  <testcase name="Pre Reg_CancelAnBookedAppointment_CancelBookingAppointmentByPassingInvalidStatusCode_Consumed" time="24.372" classname="io.mosip.preregistration.tests.CancelAnBookedAppointment">
    <error type="org.hibernate.internal.util.config.ConfigurationException" message="Could not locate cfg.xml resource [preregdev.cfg.xml]">
      <![CDATA[org.hibernate.internal.util.config.ConfigurationException: Could not locate cfg.xml resource [preregdev.cfg.xml]
	at org.hibernate.boot.cfgxml.internal.ConfigLoader.loadConfigXmlResource(ConfigLoader.java:53)
	at org.hibernate.boot.registry.StandardServiceRegistryBuilder.configure(StandardServiceRegistryBuilder.java:165)
	at org.hibernate.cfg.Configuration.configure(Configuration.java:258)
	at io.mosip.dbaccess.PreregDB.validateDBdata(PreregDB.java:430)
	at io.mosip.preregistration.dao.PreregistrationDAO.updateStatusCode(PreregistrationDAO.java:39)
	at io.mosip.util.PreRegistrationLibrary.updateStatusCode(PreRegistrationLibrary.java:1584)
	at io.mosip.preregistration.tests.CancelAnBookedAppointment.cancelAnBookedAppointment(CancelAnBookedAppointment.java:170)
	at sun.reflect.NativeMethodAccessorImpl.invoke0(Native Method)
	at sun.reflect.NativeMethodAccessorImpl.invoke(Unknown Source)
	at sun.reflect.DelegatingMethodAccessorImpl.invoke(Unknown Source)
	at java.lang.reflect.Method.invoke(Unknown Source)
	at org.testng.internal.MethodInvocationHelper.invokeMethod(MethodInvocationHelper.java:108)
	at org.testng.internal.Invoker.invokeMethod(Invoker.java:661)
	at org.testng.internal.Invoker.invokeTestMethod(Invoker.java:869)
	at org.testng.internal.Invoker.invokeTestMethods(Invoker.java:1193)
	at org.testng.internal.TestMethodWorker.invokeTestMethods(TestMethodWorker.java:126)
	at org.testng.internal.TestMethodWorker.run(TestMethodWorker.java:109)
	at org.testng.TestRunner.privateRun(TestRunner.java:744)
	at org.testng.TestRunner.run(TestRunner.java:602)
	at org.testng.SuiteRunner.runTest(SuiteRunner.java:380)
	at org.testng.SuiteRunner.runSequentially(SuiteRunner.java:375)
	at org.testng.SuiteRunner.privateRun(SuiteRunner.java:340)
	at org.testng.SuiteRunner.run(SuiteRunner.java:289)
	at org.testng.SuiteRunnerWorker.runSuite(SuiteRunnerWorker.java:52)
	at org.testng.SuiteRunnerWorker.run(SuiteRunnerWorker.java:86)
	at org.testng.TestNG.runSuitesSequentially(TestNG.java:1301)
	at org.testng.TestNG.runSuitesLocally(TestNG.java:1226)
	at org.testng.TestNG.runSuites(TestNG.java:1144)
	at org.testng.TestNG.run(TestNG.java:1115)
	at io.mosip.testrunner.MosipTestRunner.startTestRunner(MosipTestRunner.java:42)
	at io.mosip.testrunner.MosipTestRunner.main(MosipTestRunner.java:30)
]]>
    </error>
  </testcase> <!-- Pre Reg_CancelAnBookedAppointment_CancelBookingAppointmentByPassingInvalidStatusCode_Consumed -->
  <testcase name="Pre Reg_CancelAnBookedAppointment_CancelBookingAppointmentByPassingInvalidPreRegistrationId_AlphaNumeric" time="27.201" classname="io.mosip.preregistration.tests.CancelAnBookedAppointment"/>
  <testcase name="Pre Reg_CancelAnBookedAppointment_CancelAnBookedAppointment_smoke" time="19.343" classname="io.mosip.preregistration.tests.CancelAnBookedAppointment">
    <error type="org.hibernate.internal.util.config.ConfigurationException" message="Could not locate cfg.xml resource [preregdev.cfg.xml]">
      <![CDATA[org.hibernate.internal.util.config.ConfigurationException: Could not locate cfg.xml resource [preregdev.cfg.xml]
	at org.hibernate.boot.cfgxml.internal.ConfigLoader.loadConfigXmlResource(ConfigLoader.java:53)
	at org.hibernate.boot.registry.StandardServiceRegistryBuilder.configure(StandardServiceRegistryBuilder.java:165)
	at org.hibernate.cfg.Configuration.configure(Configuration.java:258)
	at io.mosip.dbaccess.PreregDB.validateDBVal(PreregDB.java:450)
	at io.mosip.preregistration.dao.PreregistrationDAO.preregFetchPreregDetails(PreregistrationDAO.java:28)
	at io.mosip.util.PreRegistrationLibrary.preregFetchPreregDetails(PreRegistrationLibrary.java:1588)
	at io.mosip.preregistration.tests.CancelAnBookedAppointment.cancelAnBookedAppointment(CancelAnBookedAppointment.java:146)
	at sun.reflect.NativeMethodAccessorImpl.invoke0(Native Method)
	at sun.reflect.NativeMethodAccessorImpl.invoke(Unknown Source)
	at sun.reflect.DelegatingMethodAccessorImpl.invoke(Unknown Source)
	at java.lang.reflect.Method.invoke(Unknown Source)
	at org.testng.internal.MethodInvocationHelper.invokeMethod(MethodInvocationHelper.java:108)
	at org.testng.internal.Invoker.invokeMethod(Invoker.java:661)
	at org.testng.internal.Invoker.invokeTestMethod(Invoker.java:869)
	at org.testng.internal.Invoker.invokeTestMethods(Invoker.java:1193)
	at org.testng.internal.TestMethodWorker.invokeTestMethods(TestMethodWorker.java:126)
	at org.testng.internal.TestMethodWorker.run(TestMethodWorker.java:109)
	at org.testng.TestRunner.privateRun(TestRunner.java:744)
	at org.testng.TestRunner.run(TestRunner.java:602)
	at org.testng.SuiteRunner.runTest(SuiteRunner.java:380)
	at org.testng.SuiteRunner.runSequentially(SuiteRunner.java:375)
	at org.testng.SuiteRunner.privateRun(SuiteRunner.java:340)
	at org.testng.SuiteRunner.run(SuiteRunner.java:289)
	at org.testng.SuiteRunnerWorker.runSuite(SuiteRunnerWorker.java:52)
	at org.testng.SuiteRunnerWorker.run(SuiteRunnerWorker.java:86)
	at org.testng.TestNG.runSuitesSequentially(TestNG.java:1301)
	at org.testng.TestNG.runSuitesLocally(TestNG.java:1226)
	at org.testng.TestNG.runSuites(TestNG.java:1144)
	at org.testng.TestNG.run(TestNG.java:1115)
	at io.mosip.testrunner.MosipTestRunner.startTestRunner(MosipTestRunner.java:42)
	at io.mosip.testrunner.MosipTestRunner.main(MosipTestRunner.java:30)
]]>
    </error>
  </testcase> <!-- Pre Reg_CancelAnBookedAppointment_CancelAnBookedAppointment_smoke -->
  <testcase name="Pre Reg_CancelAnBookedAppointment_CancelBookingAppointmentByPassingInvalidStatusCode_Expired" time="15.695" classname="io.mosip.preregistration.tests.CancelAnBookedAppointment">
    <error type="org.hibernate.internal.util.config.ConfigurationException" message="Could not locate cfg.xml resource [preregdev.cfg.xml]">
      <![CDATA[org.hibernate.internal.util.config.ConfigurationException: Could not locate cfg.xml resource [preregdev.cfg.xml]
	at org.hibernate.boot.cfgxml.internal.ConfigLoader.loadConfigXmlResource(ConfigLoader.java:53)
	at org.hibernate.boot.registry.StandardServiceRegistryBuilder.configure(StandardServiceRegistryBuilder.java:165)
	at org.hibernate.cfg.Configuration.configure(Configuration.java:258)
	at io.mosip.dbaccess.PreregDB.validateDBdata(PreregDB.java:430)
	at io.mosip.preregistration.dao.PreregistrationDAO.updateStatusCode(PreregistrationDAO.java:39)
	at io.mosip.util.PreRegistrationLibrary.updateStatusCode(PreRegistrationLibrary.java:1584)
	at io.mosip.preregistration.tests.CancelAnBookedAppointment.cancelAnBookedAppointment(CancelAnBookedAppointment.java:170)
	at sun.reflect.NativeMethodAccessorImpl.invoke0(Native Method)
	at sun.reflect.NativeMethodAccessorImpl.invoke(Unknown Source)
	at sun.reflect.DelegatingMethodAccessorImpl.invoke(Unknown Source)
	at java.lang.reflect.Method.invoke(Unknown Source)
	at org.testng.internal.MethodInvocationHelper.invokeMethod(MethodInvocationHelper.java:108)
	at org.testng.internal.Invoker.invokeMethod(Invoker.java:661)
	at org.testng.internal.Invoker.invokeTestMethod(Invoker.java:869)
	at org.testng.internal.Invoker.invokeTestMethods(Invoker.java:1193)
	at org.testng.internal.TestMethodWorker.invokeTestMethods(TestMethodWorker.java:126)
	at org.testng.internal.TestMethodWorker.run(TestMethodWorker.java:109)
	at org.testng.TestRunner.privateRun(TestRunner.java:744)
	at org.testng.TestRunner.run(TestRunner.java:602)
	at org.testng.SuiteRunner.runTest(SuiteRunner.java:380)
	at org.testng.SuiteRunner.runSequentially(SuiteRunner.java:375)
	at org.testng.SuiteRunner.privateRun(SuiteRunner.java:340)
	at org.testng.SuiteRunner.run(SuiteRunner.java:289)
	at org.testng.SuiteRunnerWorker.runSuite(SuiteRunnerWorker.java:52)
	at org.testng.SuiteRunnerWorker.run(SuiteRunnerWorker.java:86)
	at org.testng.TestNG.runSuitesSequentially(TestNG.java:1301)
	at org.testng.TestNG.runSuitesLocally(TestNG.java:1226)
	at org.testng.TestNG.runSuites(TestNG.java:1144)
	at org.testng.TestNG.run(TestNG.java:1115)
	at io.mosip.testrunner.MosipTestRunner.startTestRunner(MosipTestRunner.java:42)
	at io.mosip.testrunner.MosipTestRunner.main(MosipTestRunner.java:30)
]]>
    </error>
  </testcase> <!-- Pre Reg_CancelAnBookedAppointment_CancelBookingAppointmentByPassingInvalidStatusCode_Expired -->
  <testcase name="Pre Reg_CancelAnBookedAppointment_CancelBookingAppointmentForCancelledApplication" time="21.130" classname="io.mosip.preregistration.tests.CancelAnBookedAppointment"/>
  <testcase name="Pre Reg_CancelAnBookedAppointment_CancelBookingAppointmentByPassingInvalidStatusCode_PendingAppointment" time="22.882" classname="io.mosip.preregistration.tests.CancelAnBookedAppointment">
    <error type="org.hibernate.internal.util.config.ConfigurationException" message="Could not locate cfg.xml resource [preregdev.cfg.xml]">
      <![CDATA[org.hibernate.internal.util.config.ConfigurationException: Could not locate cfg.xml resource [preregdev.cfg.xml]
	at org.hibernate.boot.cfgxml.internal.ConfigLoader.loadConfigXmlResource(ConfigLoader.java:53)
	at org.hibernate.boot.registry.StandardServiceRegistryBuilder.configure(StandardServiceRegistryBuilder.java:165)
	at org.hibernate.cfg.Configuration.configure(Configuration.java:258)
	at io.mosip.dbaccess.PreregDB.validateDBdata(PreregDB.java:430)
	at io.mosip.preregistration.dao.PreregistrationDAO.updateStatusCode(PreregistrationDAO.java:39)
	at io.mosip.util.PreRegistrationLibrary.updateStatusCode(PreRegistrationLibrary.java:1584)
	at io.mosip.preregistration.tests.CancelAnBookedAppointment.cancelAnBookedAppointment(CancelAnBookedAppointment.java:170)
	at sun.reflect.NativeMethodAccessorImpl.invoke0(Native Method)
	at sun.reflect.NativeMethodAccessorImpl.invoke(Unknown Source)
	at sun.reflect.DelegatingMethodAccessorImpl.invoke(Unknown Source)
	at java.lang.reflect.Method.invoke(Unknown Source)
	at org.testng.internal.MethodInvocationHelper.invokeMethod(MethodInvocationHelper.java:108)
	at org.testng.internal.Invoker.invokeMethod(Invoker.java:661)
	at org.testng.internal.Invoker.invokeTestMethod(Invoker.java:869)
	at org.testng.internal.Invoker.invokeTestMethods(Invoker.java:1193)
	at org.testng.internal.TestMethodWorker.invokeTestMethods(TestMethodWorker.java:126)
	at org.testng.internal.TestMethodWorker.run(TestMethodWorker.java:109)
	at org.testng.TestRunner.privateRun(TestRunner.java:744)
	at org.testng.TestRunner.run(TestRunner.java:602)
	at org.testng.SuiteRunner.runTest(SuiteRunner.java:380)
	at org.testng.SuiteRunner.runSequentially(SuiteRunner.java:375)
	at org.testng.SuiteRunner.privateRun(SuiteRunner.java:340)
	at org.testng.SuiteRunner.run(SuiteRunner.java:289)
	at org.testng.SuiteRunnerWorker.runSuite(SuiteRunnerWorker.java:52)
	at org.testng.SuiteRunnerWorker.run(SuiteRunnerWorker.java:86)
	at org.testng.TestNG.runSuitesSequentially(TestNG.java:1301)
	at org.testng.TestNG.runSuitesLocally(TestNG.java:1226)
	at org.testng.TestNG.runSuites(TestNG.java:1144)
	at org.testng.TestNG.run(TestNG.java:1115)
	at io.mosip.testrunner.MosipTestRunner.startTestRunner(MosipTestRunner.java:42)
	at io.mosip.testrunner.MosipTestRunner.main(MosipTestRunner.java:30)
]]>
    </error>
  </testcase> <!-- Pre Reg_CancelAnBookedAppointment_CancelBookingAppointmentByPassingInvalidStatusCode_PendingAppointment -->
  <testcase name="Pre Reg_CancelAnBookedAppointment_CancelBookingAppointmentByPassingInvalidPreRegistrationId_AlphaNumericAndSpecialCharacters" time="22.774" classname="io.mosip.preregistration.tests.CancelAnBookedAppointment"/>
  <testcase name="Pre Reg_CancelAnBookedAppointment_CancelBookingAppointmentByPassingInvalidPreRegistrationId_EmptyValue" time="17.761" classname="io.mosip.preregistration.tests.CancelAnBookedAppointment"/>
  <testcase name="Pre Reg_CancelAnBookedAppointment_CancelBookingAppointmentByPassingInvalidPreRegistrationId_Alphabets" time="19.376" classname="io.mosip.preregistration.tests.CancelAnBookedAppointment"/>
  <testcase name="Pre Reg_CancelAnBookedAppointment_CancelAnReBookedAppointment_smoke" time="32.281" classname="io.mosip.preregistration.tests.CancelAnBookedAppointment">
    <error type="org.hibernate.internal.util.config.ConfigurationException" message="Could not locate cfg.xml resource [preregdev.cfg.xml]">
      <![CDATA[org.hibernate.internal.util.config.ConfigurationException: Could not locate cfg.xml resource [preregdev.cfg.xml]
	at org.hibernate.boot.cfgxml.internal.ConfigLoader.loadConfigXmlResource(ConfigLoader.java:53)
	at org.hibernate.boot.registry.StandardServiceRegistryBuilder.configure(StandardServiceRegistryBuilder.java:165)
	at org.hibernate.cfg.Configuration.configure(Configuration.java:258)
	at io.mosip.dbaccess.PreregDB.validateDBVal(PreregDB.java:450)
	at io.mosip.preregistration.dao.PreregistrationDAO.preregFetchPreregDetails(PreregistrationDAO.java:28)
	at io.mosip.util.PreRegistrationLibrary.preregFetchPreregDetails(PreRegistrationLibrary.java:1588)
	at io.mosip.preregistration.tests.CancelAnBookedAppointment.cancelAnBookedAppointment(CancelAnBookedAppointment.java:146)
	at sun.reflect.NativeMethodAccessorImpl.invoke0(Native Method)
	at sun.reflect.NativeMethodAccessorImpl.invoke(Unknown Source)
	at sun.reflect.DelegatingMethodAccessorImpl.invoke(Unknown Source)
	at java.lang.reflect.Method.invoke(Unknown Source)
	at org.testng.internal.MethodInvocationHelper.invokeMethod(MethodInvocationHelper.java:108)
	at org.testng.internal.Invoker.invokeMethod(Invoker.java:661)
	at org.testng.internal.Invoker.invokeTestMethod(Invoker.java:869)
	at org.testng.internal.Invoker.invokeTestMethods(Invoker.java:1193)
	at org.testng.internal.TestMethodWorker.invokeTestMethods(TestMethodWorker.java:126)
	at org.testng.internal.TestMethodWorker.run(TestMethodWorker.java:109)
	at org.testng.TestRunner.privateRun(TestRunner.java:744)
	at org.testng.TestRunner.run(TestRunner.java:602)
	at org.testng.SuiteRunner.runTest(SuiteRunner.java:380)
	at org.testng.SuiteRunner.runSequentially(SuiteRunner.java:375)
	at org.testng.SuiteRunner.privateRun(SuiteRunner.java:340)
	at org.testng.SuiteRunner.run(SuiteRunner.java:289)
	at org.testng.SuiteRunnerWorker.runSuite(SuiteRunnerWorker.java:52)
	at org.testng.SuiteRunnerWorker.run(SuiteRunnerWorker.java:86)
	at org.testng.TestNG.runSuitesSequentially(TestNG.java:1301)
	at org.testng.TestNG.runSuitesLocally(TestNG.java:1226)
	at org.testng.TestNG.runSuites(TestNG.java:1144)
	at org.testng.TestNG.run(TestNG.java:1115)
	at io.mosip.testrunner.MosipTestRunner.startTestRunner(MosipTestRunner.java:42)
	at io.mosip.testrunner.MosipTestRunner.main(MosipTestRunner.java:30)
]]>
    </error>
  </testcase> <!-- Pre Reg_CancelAnBookedAppointment_CancelAnReBookedAppointment_smoke -->
  <testcase name="Pre Reg_CancelAnBookedAppointment_CancelBookingAppointmentByPassingInvalidPreRegistrationId_GreaterThanMaxLength" time="16.977" classname="io.mosip.preregistration.tests.CancelAnBookedAppointment"/>
  <testcase name="Pre Reg_CancelAnBookedAppointment_CancelBookingAppointmentByPassingInvalidPreRegistrationId_SpecialCharacters" time="21.145" classname="io.mosip.preregistration.tests.CancelAnBookedAppointment"/>
</testsuite> <!-- io.mosip.preregistration.tests.CancelAnBookedAppointment -->
