<?xml version="1.0" encoding="UTF-8"?>
<!-- Generated by org.testng.reporters.JUnitReportReporter -->
<testsuite skipped="0" hostname="A2ML20178" name="io.mosip.preregistration.tests.GetAllDocumentForDocId" tests="13" failures="0" timestamp="29 Jun 2019 07:14:05 GMT" time="63.366" errors="0">
  <testcase name="Pre Reg_GetAllDocumentForDocId_BookAnAppointmentByPassingInvalidRequestTime_InvalidValue" time="5.028" classname="io.mosip.preregistration.tests.GetAllDocumentForDocId"/>
  <testcase name="Pre Reg_GetAllDocumentForDocId_BookAnAppointmentByPassingInvalidRequestTime_InvalidValue" time="5.251" classname="io.mosip.preregistration.tests.GetAllDocumentForDocId"/>
  <testcase name="Pre Reg_GetAllDocumentForDocId_BookAnAppointmentByPassingInvalidRequestTime_InvalidValue" time="5.829" classname="io.mosip.preregistration.tests.GetAllDocumentForDocId"/>
  <testcase name="Pre Reg_GetAllDocumentForDocId_BookAnAppointmentByPassingInvalidRequestTime_InvalidValue" time="5.371" classname="io.mosip.preregistration.tests.GetAllDocumentForDocId"/>
  <testcase name="Pre Reg_GetAllDocumentForDocId_BookAnAppointmentByPassingInvalidRequestTime_InvalidValue" time="5.150" classname="io.mosip.preregistration.tests.GetAllDocumentForDocId"/>
  <testcase name="Pre Reg_GetAllDocumentForDocId_BookAnAppointmentByPassingInvalidRequestTime_InvalidValue" time="5.006" classname="io.mosip.preregistration.tests.GetAllDocumentForDocId"/>
  <testcase name="Pre Reg_GetAllDocumentForDocId_BookAnAppointmentByPassingInvalidRequestTime_InvalidValue" time="3.025" classname="io.mosip.preregistration.tests.GetAllDocumentForDocId"/>
  <testcase name="Pre Reg_GetAllDocumentForDocId_BookAnAppointmentByPassingInvalidRequestTime_InvalidValue" time="4.963" classname="io.mosip.preregistration.tests.GetAllDocumentForDocId"/>
  <testcase name="Pre Reg_GetAllDocumentForDocId_BookAnAppointmentByPassingInvalidRequestTime_InvalidValue" time="4.836" classname="io.mosip.preregistration.tests.GetAllDocumentForDocId"/>
  <testcase name="Pre Reg_GetAllDocumentForDocId_BookAnAppointmentByPassingInvalidRequestTime_InvalidValue" time="5.798" classname="io.mosip.preregistration.tests.GetAllDocumentForDocId"/>
  <testcase name="Pre Reg_GetAllDocumentForDocId_BookAnAppointmentByPassingInvalidRequestTime_InvalidValue" time="5.460" classname="io.mosip.preregistration.tests.GetAllDocumentForDocId"/>
  <testcase name="Pre Reg_GetAllDocumentForDocId_BookAnAppointmentByPassingInvalidRequestTime_InvalidValue" time="4.720" classname="io.mosip.preregistration.tests.GetAllDocumentForDocId"/>
  <testcase name="Pre Reg_GetAllDocumentForDocId_BookAnAppointmentByPassingInvalidRequestTime_InvalidValue" time="2.929" classname="io.mosip.preregistration.tests.GetAllDocumentForDocId"/>
</testsuite> <!-- io.mosip.preregistration.tests.GetAllDocumentForDocId -->
