<?xml version="1.0" encoding="UTF-8"?>
<!-- Generated by org.testng.reporters.JUnitReportReporter -->
<testsuite skipped="0" hostname="A2ML20178" name="io.mosip.preregistration.tests.TriggerNotification" tests="37" failures="0" timestamp="29 Jun 2019 07:14:05 GMT" time="226.261" errors="0">
  <testcase name="preReg_TriggerNotification_requesttime_withInvalidvalueAsDateLessThanCurrentDate" time="5.157" classname="io.mosip.preregistration.tests.TriggerNotification"/>
  <testcase name="preReg_TriggerNotification_langcode_withInvalidValueAsEmpty" time="5.123" classname="io.mosip.preregistration.tests.TriggerNotification"/>
  <testcase name="preReg_TriggerNotification_emailId_withInvalidValueAsGarbage" time="5.937" classname="io.mosip.preregistration.tests.TriggerNotification"/>
  <testcase name="preReg_TriggerNotification_emailId_withInvalidValueAsMissing@" time="5.881" classname="io.mosip.preregistration.tests.TriggerNotification"/>
  <testcase name="preReg_TriggerNotification_mobNum_withInvalidValueAsAlphabets" time="5.731" classname="io.mosip.preregistration.tests.TriggerNotification"/>
  <testcase name="preReg_TriggerNotification_mobNum_withInvalidValueLessThanMax" time="5.466" classname="io.mosip.preregistration.tests.TriggerNotification"/>
  <testcase name="preReg_TriggerNotification_appointmentDate_withInvalidValueAsNonExisting" time="5.840" classname="io.mosip.preregistration.tests.TriggerNotification"/>
  <testcase name="preReg_TriggerNotification_requesttime_withInvalidDateFormat" time="5.541" classname="io.mosip.preregistration.tests.TriggerNotification"/>
  <testcase name="preReg_TriggerNotification_requesttime_withInvalidvalueAsEmptyValue" time="5.220" classname="io.mosip.preregistration.tests.TriggerNotification"/>
  <testcase name="preReg_TriggerNotification_emailId_withInvalidValueAsPlainAddress" time="6.022" classname="io.mosip.preregistration.tests.TriggerNotification"/>
  <testcase name="preReg_TriggerNotification_requesttime_withInvalidMonth" time="6.327" classname="io.mosip.preregistration.tests.TriggerNotification"/>
  <testcase name="preReg_TriggerNotification_emailId_withInvalidValueAsTwo@sign" time="6.047" classname="io.mosip.preregistration.tests.TriggerNotification"/>
  <testcase name="preReg_TriggerNotification_requesttime_withInvalidValueAsZeroInAllFields" time="5.229" classname="io.mosip.preregistration.tests.TriggerNotification"/>
  <testcase name="preReg_TriggerNotification_additionalRecipient_false_smoke" time="8.628" classname="io.mosip.preregistration.tests.TriggerNotification"/>
  <testcase name="preReg_TriggerNotification_requesttime_withInvalidYear" time="5.813" classname="io.mosip.preregistration.tests.TriggerNotification"/>
  <testcase name="preReg_TriggerNotification_emailId_withInvalidValueAsMissingUsername" time="6.054" classname="io.mosip.preregistration.tests.TriggerNotification"/>
  <testcase name="preReg_TriggerNotification_requesttime_withInvalidValueAsDateGreaterThanCurrentDate" time="5.024" classname="io.mosip.preregistration.tests.TriggerNotification"/>
  <testcase name="preReg_TriggerNotification_version_withInvalidEmptyValue" time="5.415" classname="io.mosip.preregistration.tests.TriggerNotification"/>
  <testcase name="preReg_TriggerNotification_id_withInvalidValueAsEmpty" time="8.095" classname="io.mosip.preregistration.tests.TriggerNotification"/>
  <testcase name="preReg_TriggerNotification_appointmentTime_withInvalidValueAsEmpty" time="5.738" classname="io.mosip.preregistration.tests.TriggerNotification"/>
  <testcase name="preReg_TriggerNotification_name_withInvalidValueAsNonExisting" time="4.085" classname="io.mosip.preregistration.tests.TriggerNotification"/>
  <testcase name="preReg_TriggerNotification_requesttime_withInvalidvalueAsFebNonLeapYearWith29" time="5.337" classname="io.mosip.preregistration.tests.TriggerNotification"/>
  <testcase name="preReg_TriggerNotification_requesttime_withInvalidDay" time="5.152" classname="io.mosip.preregistration.tests.TriggerNotification"/>
  <testcase name="preReg_TriggerNotification_version_withInvalidOtherThanStandardValue" time="5.605" classname="io.mosip.preregistration.tests.TriggerNotification"/>
  <testcase name="preReg_TriggerNotification_requesttime_withInvalidValueAsSpaces" time="5.565" classname="io.mosip.preregistration.tests.TriggerNotification"/>
  <testcase name="preReg_TriggerNotification_mobNum_withInvalidValueGreaterThanMax" time="5.693" classname="io.mosip.preregistration.tests.TriggerNotification"/>
  <testcase name="preReg_TriggerNotification_appointmentDate_withInvalidValueAsEmpty" time="5.472" classname="io.mosip.preregistration.tests.TriggerNotification"/>
  <testcase name="preReg_TriggerNotification_requesttime_withInvalidValueAsAlphabets" time="21.770" classname="io.mosip.preregistration.tests.TriggerNotification"/>
  <testcase name="preReg_TriggerNotification_langcode_withInvalidValueAsNonExisting" time="5.330" classname="io.mosip.preregistration.tests.TriggerNotification"/>
  <testcase name="preReg_TriggerNotification_requesttime_withInvalidvalueAsFebGreaterThan29" time="5.259" classname="io.mosip.preregistration.tests.TriggerNotification"/>
  <testcase name="preReg_TriggerNotification_requesttime_withInvalidTime" time="5.297" classname="io.mosip.preregistration.tests.TriggerNotification"/>
  <testcase name="preReg_TriggerNotification_emailId_withInvalidValueAsEncodedHtmlWithinEmailIsInvalid" time="6.040" classname="io.mosip.preregistration.tests.TriggerNotification"/>
  <testcase name="preReg_TriggerNotification_requesttime_withInvalidDateOfSlashInsteadOfHypen" time="5.138" classname="io.mosip.preregistration.tests.TriggerNotification"/>
  <testcase name="preReg_TriggerNotification_additionalRecipient_true_smoke" time="6.452" classname="io.mosip.preregistration.tests.TriggerNotification"/>
  <testcase name="preReg_TriggerNotification_preRegistrationId_withInvalidValueAsNonExisting" time="5.236" classname="io.mosip.preregistration.tests.TriggerNotification"/>
  <testcase name="preReg_TriggerNotification_id_withInvalidOtherThanStandardValue" time="5.326" classname="io.mosip.preregistration.tests.TriggerNotification"/>
  <testcase name="preReg_TriggerNotification_requesttime_withInvalidValueAsSpecialCharacters" time="5.216" classname="io.mosip.preregistration.tests.TriggerNotification"/>
</testsuite> <!-- io.mosip.preregistration.tests.TriggerNotification -->
