<?xml version="1.0" encoding="UTF-8"?>
<!-- Generated by org.testng.reporters.JUnitReportReporter -->
<testsuite skipped="0" hostname="A2MD20092" name="io.mosip.preregistration.tests.DeleteDocumentByDocId" tests="13" failures="1" timestamp="03 Jul 2019 12:15:58 GMT" time="36.553" errors="0">
  <testcase name="Pre Reg_DeleteDocumentByDocIdByPassingInvalidPreRegistrationId_AlphaNumeric" time="1.406" classname="io.mosip.preregistration.tests.DeleteDocumentByDocId"/>
  <testcase name="Pre Reg_DeleteDocumentByDocIdByPassingInvalidPreRegistrationId_AlphaNumericAndSpecialCharacters" time="1.495" classname="io.mosip.preregistration.tests.DeleteDocumentByDocId"/>
  <testcase name="Pre Reg_DeleteDocumentByDocIdPassingInvalidDocumentId_SpecialCharacters" time="3.523" classname="io.mosip.preregistration.tests.DeleteDocumentByDocId"/>
  <testcase name="Pre Reg_DeleteDocumentByDocIdByPassingInvalidDocumentId_EmptyValue" time="3.877" classname="io.mosip.preregistration.tests.DeleteDocumentByDocId"/>
  <testcase name="Pre Reg_DeleteDocumentByDocIdByPassingInvalidPreRegistrationId_GreaterThanMaxLength" time="3.730" classname="io.mosip.preregistration.tests.DeleteDocumentByDocId"/>
  <testcase name="Pre Reg_DeleteDocumentByDocmentId_smoke" time="3.907" classname="io.mosip.preregistration.tests.DeleteDocumentByDocId"/>
  <testcase name="Pre Reg_DeleteDocumentByDocIdByPassingInvalidDocumentId_Alphabets" time="1.583" classname="io.mosip.preregistration.tests.DeleteDocumentByDocId"/>
  <testcase name="Pre Reg_DeleteDocumentByDocIdByPassingInvalidPreRegistrationId_Alphabets" time="3.940" classname="io.mosip.preregistration.tests.DeleteDocumentByDocId"/>
  <testcase name="Pre Reg_DeleteDocumentByDocIdByPassingInvalidDocumentId_AlphaNumericAndSpecialCharacters" time="1.532" classname="io.mosip.preregistration.tests.DeleteDocumentByDocId"/>
  <testcase name="Pre Reg_DeleteDocumentByDocIdPassingInvalidPreRegistrationId_SpecialCharacters" time="1.417" classname="io.mosip.preregistration.tests.DeleteDocumentByDocId"/>
  <testcase name="Pre Reg_DeleteDocumentByDocIdByPassingInvalidDocumentId_AlphaNumeric" time="3.833" classname="io.mosip.preregistration.tests.DeleteDocumentByDocId"/>
  <testcase name="Pre Reg_DeleteDocumentByDocIdByPassingInvalidDocumentId_GreaterThanMaxLength" time="1.790" classname="io.mosip.preregistration.tests.DeleteDocumentByDocId"/>
  <testcase name="Pre Reg_DeleteDocumentByDocIdByPassingInvalidPreRegistrationId_EmptyValue" time="4.520" classname="io.mosip.preregistration.tests.DeleteDocumentByDocId">
    <failure type="java.lang.AssertionError" message="Response Data Mismatch Failure  : not equal: value differences={errors=([{errorCode=PRG_PAM_DOC_020, message=Demographic record failed to fetch}], [{errorCode=PRG_PAM_DOC_022, message=DocumentId is not belongs to the pre-registration Id}])} expected [true] but found [false]">
      <![CDATA[java.lang.AssertionError: Response Data Mismatch Failure  : not equal: value differences={errors=([{errorCode=PRG_PAM_DOC_020, message=Demographic record failed to fetch}], [{errorCode=PRG_PAM_DOC_022, message=DocumentId is not belongs to the pre-registration Id}])} expected [true] but found [false]
	at org.testng.Assert.fail(Assert.java:93)
	at org.testng.Assert.failNotEquals(Assert.java:512)
	at org.testng.Assert.assertTrue(Assert.java:41)
	at io.mosip.service.AssertResponses.assertResponses(AssertResponses.java:46)
	at io.mosip.preregistration.tests.DeleteDocumentByDocId.deleteDocumentByDocId(DeleteDocumentByDocId.java:183)
	at sun.reflect.NativeMethodAccessorImpl.invoke0(Native Method)
	at sun.reflect.NativeMethodAccessorImpl.invoke(Unknown Source)
	at sun.reflect.DelegatingMethodAccessorImpl.invoke(Unknown Source)
	at java.lang.reflect.Method.invoke(Unknown Source)
	at org.testng.internal.MethodInvocationHelper.invokeMethod(MethodInvocationHelper.java:108)
	at org.testng.internal.Invoker.invokeMethod(Invoker.java:661)
	at org.testng.internal.Invoker.invokeTestMethod(Invoker.java:869)
	at org.testng.internal.Invoker.invokeTestMethods(Invoker.java:1193)
	at org.testng.internal.TestMethodWorker.invokeTestMethods(TestMethodWorker.java:126)
	at org.testng.internal.TestMethodWorker.run(TestMethodWorker.java:109)
	at org.testng.TestRunner.privateRun(TestRunner.java:744)
	at org.testng.TestRunner.run(TestRunner.java:602)
	at org.testng.SuiteRunner.runTest(SuiteRunner.java:380)
	at org.testng.SuiteRunner.runSequentially(SuiteRunner.java:375)
	at org.testng.SuiteRunner.privateRun(SuiteRunner.java:340)
	at org.testng.SuiteRunner.run(SuiteRunner.java:289)
	at org.testng.SuiteRunnerWorker.runSuite(SuiteRunnerWorker.java:52)
	at org.testng.SuiteRunnerWorker.run(SuiteRunnerWorker.java:86)
	at org.testng.TestNG.runSuitesSequentially(TestNG.java:1301)
	at org.testng.TestNG.runSuitesLocally(TestNG.java:1226)
	at org.testng.TestNG.runSuites(TestNG.java:1144)
	at org.testng.TestNG.run(TestNG.java:1115)
	at io.mosip.testrunner.MosipTestRunner.startTestRunner(MosipTestRunner.java:42)
	at io.mosip.testrunner.MosipTestRunner.main(MosipTestRunner.java:30)
]]>
    </failure>
  </testcase> <!-- Pre Reg_DeleteDocumentByDocIdByPassingInvalidPreRegistrationId_EmptyValue -->
</testsuite> <!-- io.mosip.preregistration.tests.DeleteDocumentByDocId -->
