<?xml version="1.0" encoding="UTF-8"?>
<!-- Generated by org.testng.reporters.JUnitReportReporter -->
<testsuite skipped="0" hostname="A2ML20178" name="io.mosip.preregistration.tests.UpdateDemographicDetails" tests="6" failures="1" timestamp="29 Jun 2019 07:14:05 GMT" time="37.543" errors="0">
  <testcase name="preReg_Demogarphic_updateDemographicDetailsOfConsumedApplication" time="8.001" classname="io.mosip.preregistration.tests.UpdateDemographicDetails"/>
  <testcase name="preReg_Demogarphic_updateDemographicDetailsOfDiscardedApplication" time="1.849" classname="io.mosip.preregistration.tests.UpdateDemographicDetails"/>
  <testcase name="preReg_Demogarphic_updateDemographicDetailsWithInvalidPreRegistrationId" time="0.356" classname="io.mosip.preregistration.tests.UpdateDemographicDetails"/>
  <testcase name="preReg_Demogarphic_updateDemographicDetailsOfExpiredAppointment" time="13.259" classname="io.mosip.preregistration.tests.UpdateDemographicDetails">
    <failure type="java.lang.AssertionError" message="Failed stabilized connection with preregdb expected [true] but found [false]">
      <![CDATA[java.lang.AssertionError: Failed stabilized connection with preregdb expected [true] but found [false]
	at org.testng.Assert.fail(Assert.java:93)
	at org.testng.Assert.failNotEquals(Assert.java:512)
	at org.testng.Assert.assertTrue(Assert.java:41)
	at io.mosip.preregistration.dao.PreregistrationDAO.setDate(PreregistrationDAO.java:65)
	at io.mosip.preregistration.tests.UpdateDemographicDetails.updateDemographicDetailsOfExpiredAppointment(UpdateDemographicDetails.java:99)
	at sun.reflect.NativeMethodAccessorImpl.invoke0(Native Method)
	at sun.reflect.NativeMethodAccessorImpl.invoke(NativeMethodAccessorImpl.java:62)
	at sun.reflect.DelegatingMethodAccessorImpl.invoke(DelegatingMethodAccessorImpl.java:43)
	at java.lang.reflect.Method.invoke(Method.java:498)
	at org.testng.internal.MethodInvocationHelper.invokeMethod(MethodInvocationHelper.java:108)
	at org.testng.internal.Invoker.invokeMethod(Invoker.java:661)
	at org.testng.internal.Invoker.invokeTestMethod(Invoker.java:869)
	at org.testng.internal.Invoker.invokeTestMethods(Invoker.java:1193)
	at org.testng.internal.TestMethodWorker.invokeTestMethods(TestMethodWorker.java:126)
	at org.testng.internal.TestMethodWorker.run(TestMethodWorker.java:109)
	at org.testng.TestRunner.privateRun(TestRunner.java:744)
	at org.testng.TestRunner.run(TestRunner.java:602)
	at org.testng.SuiteRunner.runTest(SuiteRunner.java:380)
	at org.testng.SuiteRunner.runSequentially(SuiteRunner.java:375)
	at org.testng.SuiteRunner.privateRun(SuiteRunner.java:340)
	at org.testng.SuiteRunner.run(SuiteRunner.java:289)
	at org.testng.SuiteRunnerWorker.runSuite(SuiteRunnerWorker.java:52)
	at org.testng.SuiteRunnerWorker.run(SuiteRunnerWorker.java:86)
	at org.testng.TestNG.runSuitesSequentially(TestNG.java:1301)
	at org.testng.TestNG.runSuitesLocally(TestNG.java:1226)
	at org.testng.TestNG.runSuites(TestNG.java:1144)
	at org.testng.TestNG.run(TestNG.java:1115)
	at io.mosip.testrunner.MosipTestRunner.startTestRunner(MosipTestRunner.java:42)
	at io.mosip.testrunner.MosipTestRunner.main(MosipTestRunner.java:30)
]]>
    </failure>
  </testcase> <!-- preReg_Demogarphic_updateDemographicDetailsOfExpiredAppointment -->
  <testcase name="preReg_Demogarphic_updateDemographicDetailsOfBookedAppointment" time="9.519" classname="io.mosip.preregistration.tests.UpdateDemographicDetails"/>
  <testcase name="preReg_Demogarphic_updateDemographicDetailsOfPendingAppointmentApplication" time="4.559" classname="io.mosip.preregistration.tests.UpdateDemographicDetails"/>
</testsuite> <!-- io.mosip.preregistration.tests.UpdateDemographicDetails -->
