<?xml version="1.0" encoding="UTF-8"?>
<!-- Generated by org.testng.reporters.JUnitReportReporter -->
<testsuite skipped="0" hostname="A2MD20092" name="io.mosip.preregistration.tests.RetrivePreRegistration" tests="2" failures="0" timestamp="02 Jul 2019 13:56:07 GMT" time="31.307" errors="0">
  <testcase name="preReg_DataSync_retrivePreRegistrationData" time="1.076" classname="io.mosip.preregistration.tests.RetrivePreRegistration"/>
  <testcase name="preReg_DataSync_retrivePreRegistrationData" time="30.231" classname="io.mosip.preregistration.tests.RetrivePreRegistration"/>
</testsuite> <!-- io.mosip.preregistration.tests.RetrivePreRegistration -->
