<?xml version="1.0" encoding="UTF-8"?>
<!-- Generated by org.testng.reporters.JUnitReportReporter -->
<testsuite skipped="0" hostname="A2ML20178" name="io.mosip.preregistration.tests.BatchJob" tests="2" failures="0" timestamp="29 Jun 2019 07:14:05 GMT" time="34.326" errors="0">
  <testcase name="preReg_BatchJob_batchJobForConsumedApplication" time="11.834" classname="io.mosip.preregistration.tests.BatchJob"/>
  <testcase name="preReg_BatchJob_batchJobForExpiredApplication" time="22.492" classname="io.mosip.preregistration.tests.BatchJob"/>
</testsuite> <!-- io.mosip.preregistration.tests.BatchJob -->
