<?xml version="1.0" encoding="UTF-8"?>
<!-- Generated by org.testng.reporters.JUnitReportReporter -->
<testsuite skipped="0" hostname="A2MD20092" name="io.mosip.preregistration.tests.TriggerNotification" tests="37" failures="0" timestamp="02 Jul 2019 13:56:07 GMT" time="849.473" errors="1">
  <testcase name="preReg_TriggerNotification_requesttime_withInvalidYear" time="28.519" classname="io.mosip.preregistration.tests.TriggerNotification"/>
  <testcase name="preReg_TriggerNotification_requesttime_withInvalidMonth" time="20.821" classname="io.mosip.preregistration.tests.TriggerNotification"/>
  <testcase name="preReg_TriggerNotification_version_withInvalidOtherThanStandardValue" time="21.532" classname="io.mosip.preregistration.tests.TriggerNotification"/>
  <testcase name="preReg_TriggerNotification_emailId_withInvalidValueAsEncodedHtmlWithinEmailIsInvalid" time="24.359" classname="io.mosip.preregistration.tests.TriggerNotification"/>
  <testcase name="preReg_TriggerNotification_emailId_withInvalidValueAsGarbage" time="20.470" classname="io.mosip.preregistration.tests.TriggerNotification"/>
  <testcase name="preReg_TriggerNotification_langcode_withInvalidValueAsEmpty" time="17.860" classname="io.mosip.preregistration.tests.TriggerNotification"/>
  <testcase name="preReg_TriggerNotification_version_withInvalidEmptyValue" time="26.735" classname="io.mosip.preregistration.tests.TriggerNotification"/>
  <testcase name="preReg_TriggerNotification_additionalRecipient_false_smoke" time="24.586" classname="io.mosip.preregistration.tests.TriggerNotification"/>
  <testcase name="preReg_TriggerNotification_requesttime_withInvalidTime" time="22.349" classname="io.mosip.preregistration.tests.TriggerNotification"/>
  <testcase name="preReg_TriggerNotification_preRegistrationId_withInvalidValueAsNonExisting" time="23.482" classname="io.mosip.preregistration.tests.TriggerNotification"/>
  <testcase name="preReg_TriggerNotification_langcode_withInvalidValueAsNonExisting" time="19.605" classname="io.mosip.preregistration.tests.TriggerNotification"/>
  <testcase name="preReg_TriggerNotification_requesttime_withInvalidvalueAsFebGreaterThan29" time="20.125" classname="io.mosip.preregistration.tests.TriggerNotification"/>
  <testcase name="preReg_TriggerNotification_mobNum_withInvalidValueLessThanMax" time="21.795" classname="io.mosip.preregistration.tests.TriggerNotification"/>
  <testcase name="preReg_TriggerNotification_mobNum_withInvalidValueGreaterThanMax" time="23.189" classname="io.mosip.preregistration.tests.TriggerNotification"/>
  <testcase name="preReg_TriggerNotification_id_withInvalidValueAsEmpty" time="18.445" classname="io.mosip.preregistration.tests.TriggerNotification"/>
  <testcase name="preReg_TriggerNotification_name_withInvalidValueAsNonExisting" time="21.620" classname="io.mosip.preregistration.tests.TriggerNotification"/>
  <testcase name="preReg_TriggerNotification_additionalRecipient_true_smoke" time="21.748" classname="io.mosip.preregistration.tests.TriggerNotification"/>
  <testcase name="preReg_TriggerNotification_requesttime_withInvalidValueAsSpaces" time="20.422" classname="io.mosip.preregistration.tests.TriggerNotification"/>
  <testcase name="preReg_TriggerNotification_appointmentTime_withInvalidValueAsEmpty" time="24.438" classname="io.mosip.preregistration.tests.TriggerNotification"/>
  <testcase name="preReg_TriggerNotification_requesttime_withInvalidDateOfSlashInsteadOfHypen" time="25.362" classname="io.mosip.preregistration.tests.TriggerNotification"/>
  <testcase name="preReg_TriggerNotification_requesttime_withInvalidvalueAsDateLessThanCurrentDate" time="27.766" classname="io.mosip.preregistration.tests.TriggerNotification"/>
  <testcase name="preReg_TriggerNotification_emailId_withInvalidValueAsTwo@sign" time="19.486" classname="io.mosip.preregistration.tests.TriggerNotification"/>
  <testcase name="preReg_TriggerNotification_emailId_withInvalidValueAsMissingUsername" time="19.327" classname="io.mosip.preregistration.tests.TriggerNotification"/>
  <testcase name="preReg_TriggerNotification_requesttime_withInvalidvalueAsFebNonLeapYearWith29" time="27.275" classname="io.mosip.preregistration.tests.TriggerNotification"/>
  <testcase name="preReg_TriggerNotification_emailId_withInvalidValueAsMissing@" time="30.488" classname="io.mosip.preregistration.tests.TriggerNotification"/>
  <testcase name="preReg_TriggerNotification_appointmentDate_withInvalidValueAsEmpty" time="20.909" classname="io.mosip.preregistration.tests.TriggerNotification"/>
  <testcase name="preReg_TriggerNotification_requesttime_withInvalidValueAsAlphabets" time="32.127" classname="io.mosip.preregistration.tests.TriggerNotification"/>
  <testcase name="preReg_TriggerNotification_id_withInvalidOtherThanStandardValue" time="21.766" classname="io.mosip.preregistration.tests.TriggerNotification"/>
  <testcase name="preReg_TriggerNotification_requesttime_withInvalidValueAsDateGreaterThanCurrentDate" time="22.016" classname="io.mosip.preregistration.tests.TriggerNotification"/>
  <testcase name="preReg_TriggerNotification_appointmentDate_withInvalidValueAsNonExisting" time="23.928" classname="io.mosip.preregistration.tests.TriggerNotification"/>
  <testcase name="preReg_TriggerNotification_mobNum_withInvalidValueAsAlphabets" time="19.952" classname="io.mosip.preregistration.tests.TriggerNotification"/>
  <testcase name="preReg_TriggerNotification_requesttime_withInvalidDay" time="23.502" classname="io.mosip.preregistration.tests.TriggerNotification">
    <error type="com.google.common.base.VerifyException">
      <![CDATA[com.google.common.base.VerifyException
	at com.google.common.base.Verify.verify(Verify.java:100)
	at io.mosip.preregistration.tests.TriggerNotification.triggerNotification(TriggerNotification.java:321)
	at sun.reflect.GeneratedMethodAccessor247.invoke(Unknown Source)
	at sun.reflect.DelegatingMethodAccessorImpl.invoke(Unknown Source)
	at java.lang.reflect.Method.invoke(Unknown Source)
	at org.testng.internal.MethodInvocationHelper.invokeMethod(MethodInvocationHelper.java:108)
	at org.testng.internal.Invoker.invokeMethod(Invoker.java:661)
	at org.testng.internal.Invoker.invokeTestMethod(Invoker.java:869)
	at org.testng.internal.Invoker.invokeTestMethods(Invoker.java:1193)
	at org.testng.internal.TestMethodWorker.invokeTestMethods(TestMethodWorker.java:126)
	at org.testng.internal.TestMethodWorker.run(TestMethodWorker.java:109)
	at org.testng.TestRunner.privateRun(TestRunner.java:744)
	at org.testng.TestRunner.run(TestRunner.java:602)
	at org.testng.SuiteRunner.runTest(SuiteRunner.java:380)
	at org.testng.SuiteRunner.runSequentially(SuiteRunner.java:375)
	at org.testng.SuiteRunner.privateRun(SuiteRunner.java:340)
	at org.testng.SuiteRunner.run(SuiteRunner.java:289)
	at org.testng.SuiteRunnerWorker.runSuite(SuiteRunnerWorker.java:52)
	at org.testng.SuiteRunnerWorker.run(SuiteRunnerWorker.java:86)
	at org.testng.TestNG.runSuitesSequentially(TestNG.java:1301)
	at org.testng.TestNG.runSuitesLocally(TestNG.java:1226)
	at org.testng.TestNG.runSuites(TestNG.java:1144)
	at org.testng.TestNG.run(TestNG.java:1115)
	at io.mosip.testrunner.MosipTestRunner.startTestRunner(MosipTestRunner.java:42)
	at io.mosip.testrunner.MosipTestRunner.main(MosipTestRunner.java:30)
]]>
    </error>
  </testcase> <!-- preReg_TriggerNotification_requesttime_withInvalidDay -->
  <testcase name="preReg_TriggerNotification_requesttime_withInvalidValueAsSpecialCharacters" time="19.985" classname="io.mosip.preregistration.tests.TriggerNotification"/>
  <testcase name="preReg_TriggerNotification_emailId_withInvalidValueAsPlainAddress" time="26.540" classname="io.mosip.preregistration.tests.TriggerNotification"/>
  <testcase name="preReg_TriggerNotification_requesttime_withInvalidDateFormat" time="21.499" classname="io.mosip.preregistration.tests.TriggerNotification"/>
  <testcase name="preReg_TriggerNotification_requesttime_withInvalidvalueAsEmptyValue" time="18.353" classname="io.mosip.preregistration.tests.TriggerNotification"/>
  <testcase name="preReg_TriggerNotification_requesttime_withInvalidValueAsZeroInAllFields" time="27.092" classname="io.mosip.preregistration.tests.TriggerNotification"/>
</testsuite> <!-- io.mosip.preregistration.tests.TriggerNotification -->
