<?xml version="1.0" encoding="UTF-8"?>
<!-- Generated by org.testng.reporters.JUnitReportReporter -->
<testsuite skipped="0" hostname="A2ML20178" name="io.mosip.preregistration.tests.QRCode" tests="20" failures="0" timestamp="29 Jun 2019 07:14:05 GMT" time="6.538" errors="0">
  <testcase name="preReg_QRCode_requesttime_withInvalidYear" time="0.281" classname="io.mosip.preregistration.tests.QRCode"/>
  <testcase name="preReg_QRCode_requesttime_witDateLessThanCurrentDate" time="0.271" classname="io.mosip.preregistration.tests.QRCode"/>
  <testcase name="preReg_QRCode_requesttime_withZeroInAllFields" time="0.275" classname="io.mosip.preregistration.tests.QRCode"/>
  <testcase name="preReg_QRCode_requesttime_withFebGreaterThan29" time="0.266" classname="io.mosip.preregistration.tests.QRCode"/>
  <testcase name="preReg_QRCode_requesttime_withInvalidDateOfSlashInsteadOfHypen" time="0.298" classname="io.mosip.preregistration.tests.QRCode"/>
  <testcase name="preReg_QRCode_requesttime_withDateGreaterThanCurrentDate" time="0.292" classname="io.mosip.preregistration.tests.QRCode"/>
  <testcase name="preReg_QRCode_requesttime_withInvalidTime" time="0.290" classname="io.mosip.preregistration.tests.QRCode"/>
  <testcase name="preReg_QRCode_requesttime_withEmptyValue" time="0.335" classname="io.mosip.preregistration.tests.QRCode"/>
  <testcase name="preReg_QRCode_version_withEmptyValue" time="0.279" classname="io.mosip.preregistration.tests.QRCode"/>
  <testcase name="preReg_QRCode_requesttime_withInvalidDateFormat" time="0.274" classname="io.mosip.preregistration.tests.QRCode"/>
  <testcase name="preReg_QRCode_id_withEmptyValue" time="0.283" classname="io.mosip.preregistration.tests.QRCode"/>
  <testcase name="preReg_QRCode_id_withOtherThanStandardValue" time="0.291" classname="io.mosip.preregistration.tests.QRCode"/>
  <testcase name="preReg_QRCode_requesttime_withAlphabets" time="0.363" classname="io.mosip.preregistration.tests.QRCode"/>
  <testcase name="preReg_QRCode_requesttime_withSpecialCharacters" time="0.296" classname="io.mosip.preregistration.tests.QRCode"/>
  <testcase name="preReg_QRCode_version_withOtherThanStandardValue" time="0.283" classname="io.mosip.preregistration.tests.QRCode"/>
  <testcase name="preReg_QRCode_requesttime_withInvalidDay" time="0.279" classname="io.mosip.preregistration.tests.QRCode"/>
  <testcase name="preReg_QRCode_requesttime_withInvalidMonth" time="0.287" classname="io.mosip.preregistration.tests.QRCode"/>
  <testcase name="preReg_QRCode_smoke" time="1.017" classname="io.mosip.preregistration.tests.QRCode"/>
  <testcase name="preReg_QRCode_requesttime_withFebNonLeapYearWith29" time="0.288" classname="io.mosip.preregistration.tests.QRCode"/>
  <testcase name="preReg_QRCode_requesttime_withSpaces" time="0.290" classname="io.mosip.preregistration.tests.QRCode"/>
</testsuite> <!-- io.mosip.preregistration.tests.QRCode -->
