<?xml version="1.0" encoding="UTF-8"?>
<!-- Generated by org.testng.reporters.JUnitReportReporter -->
<testsuite skipped="0" hostname="A2ML20178" name="io.mosip.authentication.tests.OtpGeneration" tests="38" failures="0" timestamp="27 Jun 2019 15:50:07 GMT" time="65.038" errors="0">
  <testcase name="Authentication_OTPGenerate_Check_OTP_Flooding_Neg" time="10.707" classname="io.mosip.authentication.tests.OtpGeneration"/>
  <testcase name="Authentication_OTPGenerate_With_Null_UIN_Neg" time="0.694" classname="io.mosip.authentication.tests.OtpGeneration"/>
  <testcase name="Authentication_OTPGenerate_Without_requestTime_Neg" time="0.789" classname="io.mosip.authentication.tests.OtpGeneration"/>
  <testcase name="Authentication_OTPGenerate_With_Valid_Request_Phone_alone_IntegrationTest_Smoke_Pos" time="1.962" classname="io.mosip.authentication.tests.OtpGeneration"/>
  <testcase name="Authentication_OTPGenerate_With_Invalid_deactivated_UIN_Neg" time="1.089" classname="io.mosip.authentication.tests.OtpGeneration"/>
  <testcase name="Authentication_OTPGenerate_With_Valid_Request_IntegrationTest_Smoke_Using_VID_Pos" time="2.977" classname="io.mosip.authentication.tests.OtpGeneration"/>
  <testcase name="Authentication_OTPGenerate_With_Invalid_Id_Neg" time="0.739" classname="io.mosip.authentication.tests.OtpGeneration"/>
  <testcase name="Authentication_OTPGenerate_Without_Version_Neg" time="0.797" classname="io.mosip.authentication.tests.OtpGeneration"/>
  <testcase name="Authentication_OTPGenerate_With_Invalid_phone_otpchannel_Neg" time="0.683" classname="io.mosip.authentication.tests.OtpGeneration"/>
  <testcase name="Authentication_OTPGenerate_null_OTPChannel_IntegrationTest_Neg" time="0.756" classname="io.mosip.authentication.tests.OtpGeneration"/>
  <testcase name="Authentication_OTPGenerate_Check_OTP_Flooding_Using_VID_Neg" time="10.848" classname="io.mosip.authentication.tests.OtpGeneration"/>
  <testcase name="Authentication_OTPGenerate_With_Invalid_Version_Neg" time="0.772" classname="io.mosip.authentication.tests.OtpGeneration"/>
  <testcase name="Authentication_OTPGenerate_Without_transactionID_Neg" time="0.727" classname="io.mosip.authentication.tests.OtpGeneration"/>
  <testcase name="Authentication_OTPGenerate_With_Null_requestTime_Neg" time="0.697" classname="io.mosip.authentication.tests.OtpGeneration"/>
  <testcase name="Authentication_OTPGenerate_Without_UIN_Neg" time="0.707" classname="io.mosip.authentication.tests.OtpGeneration"/>
  <testcase name="Authentication_OTPGenerate_With_Invalid_email_otpchannel_Neg" time="0.667" classname="io.mosip.authentication.tests.OtpGeneration"/>
  <testcase name="Authentication_OTPGenerate_With_Invalid_expired_VID_Neg" time="1.048" classname="io.mosip.authentication.tests.OtpGeneration"/>
  <testcase name="Authentication_OTPGenerate_With_Invalid_future_requestTime_Neg" time="0.716" classname="io.mosip.authentication.tests.OtpGeneration"/>
  <testcase name="Authentication_OTPGenerate_With_Invalid_requestTime_GT30MIN_Neg" time="0.712" classname="io.mosip.authentication.tests.OtpGeneration"/>
  <testcase name="Authentication_OTPGenerate_With_Invalid_individualIdType_Neg" time="0.665" classname="io.mosip.authentication.tests.OtpGeneration"/>
  <testcase name="Authentication_OTPGenerate_Without_individualIdType_Neg" time="0.696" classname="io.mosip.authentication.tests.OtpGeneration"/>
  <testcase name="Authentication_OTPGenerate_With_Invalid_requestTime_LT30MIN_Neg" time="0.688" classname="io.mosip.authentication.tests.OtpGeneration"/>
  <testcase name="Authentication_OTPGenerate_With_Null_transactionID_Neg" time="0.694" classname="io.mosip.authentication.tests.OtpGeneration"/>
  <testcase name="Authentication_OTPGenerate_With_Invalid_individualId_VID_Neg" time="0.718" classname="io.mosip.authentication.tests.OtpGeneration"/>
  <testcase name="Authentication_OTPGenerate_With_Null_individualId_VID_Neg" time="0.820" classname="io.mosip.authentication.tests.OtpGeneration"/>
  <testcase name="Authentication_OTPGenerate_With_Invalid_individualId_UIN_as_per_data_definition_Neg" time="0.724" classname="io.mosip.authentication.tests.OtpGeneration"/>
  <testcase name="Authentication_OTPGenerate_With_Invalid_requestTime_Neg" time="0.719" classname="io.mosip.authentication.tests.OtpGeneration"/>
  <testcase name="Authentication_OTPGenerate_With_Null_Version_Neg" time="0.686" classname="io.mosip.authentication.tests.OtpGeneration"/>
  <testcase name="Authentication_OTPGenerate_With_Invalid_transactionID_Neg" time="0.686" classname="io.mosip.authentication.tests.OtpGeneration"/>
  <testcase name="Authentication_OTPGenerate_With_Null_individualIdType_Neg" time="0.703" classname="io.mosip.authentication.tests.OtpGeneration"/>
  <testcase name="Authentication_OTPGenerate_With_Valid_Request_EMAIL_alone_IntegrationTest_Smoke_Pos" time="1.899" classname="io.mosip.authentication.tests.OtpGeneration"/>
  <testcase name="Authentication_OTPGenerate_With_Valid_Request_IntegrationTest_Smoke_Pos" time="12.943" classname="io.mosip.authentication.tests.OtpGeneration"/>
  <testcase name="Authentication_OTPGenerate_Without_Id_Neg" time="0.696" classname="io.mosip.authentication.tests.OtpGeneration"/>
  <testcase name="Authentication_OTPGenerate_set_email_phone_false_IntegrationTest_Neg" time="0.777" classname="io.mosip.authentication.tests.OtpGeneration"/>
  <testcase name="Authentication_OTPGenerate_Without_individualId_VID_Neg" time="0.719" classname="io.mosip.authentication.tests.OtpGeneration"/>
  <testcase name="Authentication_OTPGenerate_With_Invalid_individualId_VID_as_per_data_definition_Neg" time="0.720" classname="io.mosip.authentication.tests.OtpGeneration"/>
  <testcase name="Authentication_OTPGenerate_With_Null_Id_Neg" time="0.710" classname="io.mosip.authentication.tests.OtpGeneration"/>
  <testcase name="Authentication_OTPGenerate_without_OTPChannel_IntegrationTest_Neg" time="0.688" classname="io.mosip.authentication.tests.OtpGeneration"/>
</testsuite> <!-- io.mosip.authentication.tests.OtpGeneration -->
