<?xml version="1.0" encoding="UTF-8"?>
<!-- Generated by org.testng.reporters.JUnitReportReporter -->
<testsuite skipped="0" hostname="A2MD20092" name="io.mosip.preregistration.tests.FetchTheStatusOfApplication" tests="2" failures="0" timestamp="02 Jul 2019 13:56:07 GMT" time="4.310" errors="0">
  <testcase name="Pre Reg_Demographic_Fetch Status of the application_smoke" time="4.012" classname="io.mosip.preregistration.tests.FetchTheStatusOfApplication"/>
  <testcase name="Pre Reg_Demographic_Fetch Status of the Application by giving invalid Pre Registration id in request" time="0.298" classname="io.mosip.preregistration.tests.FetchTheStatusOfApplication"/>
</testsuite> <!-- io.mosip.preregistration.tests.FetchTheStatusOfApplication -->
