<?xml version="1.0" encoding="UTF-8"?>
<!-- Generated by org.testng.reporters.JUnitReportReporter -->
<testsuite skipped="0" hostname="A2MD20092" name="io.mosip.preregistration.tests.RetriveAllPreRegIdByRegCenterId" tests="28" failures="0" timestamp="04 Jul 2019 04:40:46 GMT" time="85.700" errors="0">
  <testcase name="prereg_RetrivePreIdByRegCenterId_registrationCenterId_withInvalidValueGreaterThanMaxLength" time="3.833" classname="io.mosip.preregistration.tests.RetriveAllPreRegIdByRegCenterId"/>
  <testcase name="prereg_RetrivePreIdByRegCenterId_fromDate_withZeroInAllFields" time="3.913" classname="io.mosip.preregistration.tests.RetriveAllPreRegIdByRegCenterId"/>
  <testcase name="prereg_RetrivePreIdByRegCenterId_toDate_withSpecialCharacters" time="1.403" classname="io.mosip.preregistration.tests.RetriveAllPreRegIdByRegCenterId"/>
  <testcase name="prereg_RetrivePreIdByRegCenterId_fromDate_withFebNonLeapYearWith29" time="1.407" classname="io.mosip.preregistration.tests.RetriveAllPreRegIdByRegCenterId"/>
  <testcase name="prereg_RetrivePreIdByRegCenterId_toDate_withInvalidMonth" time="6.217" classname="io.mosip.preregistration.tests.RetriveAllPreRegIdByRegCenterId"/>
  <testcase name="prereg_RetrivePreIdByRegCenterId_fromDate_withInvalidDay" time="1.542" classname="io.mosip.preregistration.tests.RetriveAllPreRegIdByRegCenterId"/>
  <testcase name="preReg_RetrivePreIdByRegCenterId_smoke" time="4.501" classname="io.mosip.preregistration.tests.RetriveAllPreRegIdByRegCenterId"/>
  <testcase name="prereg_RetrivePreIdByRegCenterId_fromDate_withFebGreaterThan29" time="3.764" classname="io.mosip.preregistration.tests.RetriveAllPreRegIdByRegCenterId"/>
  <testcase name="prereg_RetrivePreIdByRegCenterId_registrationCenterId_withInvalidNonExistingValue" time="3.748" classname="io.mosip.preregistration.tests.RetriveAllPreRegIdByRegCenterId"/>
  <testcase name="prereg_RetrivePreIdByRegCenterId_registrationCenterId_withInvalidValueAsAlphabets" time="1.466" classname="io.mosip.preregistration.tests.RetriveAllPreRegIdByRegCenterId"/>
  <testcase name="prereg_RetrivePreIdByRegCenterId_registrationCenterId_withInvalidValueAsAlphaNumericAndSpecialCharacters" time="1.389" classname="io.mosip.preregistration.tests.RetriveAllPreRegIdByRegCenterId"/>
  <testcase name="prereg_RetrivePreIdByRegCenterId_fromDate_withInvalidMonth" time="4.193" classname="io.mosip.preregistration.tests.RetriveAllPreRegIdByRegCenterId"/>
  <testcase name="prereg_RetrivePreIdByRegCenterId_toDate_withSpaces" time="3.904" classname="io.mosip.preregistration.tests.RetriveAllPreRegIdByRegCenterId"/>
  <testcase name="prereg_RetrivePreIdByRegCenterId_fromDate_withInvalidDateFormat" time="3.915" classname="io.mosip.preregistration.tests.RetriveAllPreRegIdByRegCenterId"/>
  <testcase name="prereg_RetrivePreIdByRegCenterId_toDate_withInvalidDateFormat" time="3.889" classname="io.mosip.preregistration.tests.RetriveAllPreRegIdByRegCenterId"/>
  <testcase name="prereg_RetrivePreIdByRegCenterId_registrationCenterId_withInvalidValueAsEmptyValue" time="3.948" classname="io.mosip.preregistration.tests.RetriveAllPreRegIdByRegCenterId"/>
  <testcase name="prereg_RetrivePreIdByRegCenterId_toDate_withZeroInAllFields" time="1.355" classname="io.mosip.preregistration.tests.RetriveAllPreRegIdByRegCenterId"/>
  <testcase name="prereg_RetrivePreIdByRegCenterId_fromDate_withSpecialCharacters" time="1.505" classname="io.mosip.preregistration.tests.RetriveAllPreRegIdByRegCenterId"/>
  <testcase name="prereg_RetrivePreIdByRegCenterId_toDate_withAlphabets" time="1.481" classname="io.mosip.preregistration.tests.RetriveAllPreRegIdByRegCenterId"/>
  <testcase name="prereg_RetrivePreIdByRegCenterId_toDate_withInvalidDay" time="6.572" classname="io.mosip.preregistration.tests.RetriveAllPreRegIdByRegCenterId"/>
  <testcase name="prereg_RetrivePreIdByRegCenterId_fromDate_withEmptyValue" time="4.023" classname="io.mosip.preregistration.tests.RetriveAllPreRegIdByRegCenterId"/>
  <testcase name="prereg_RetrivePreIdByRegCenterId_toDate_withFebGreaterThan29" time="1.470" classname="io.mosip.preregistration.tests.RetriveAllPreRegIdByRegCenterId"/>
  <testcase name="prereg_RetrivePreIdByRegCenterId_fromDate_withSpaces" time="1.682" classname="io.mosip.preregistration.tests.RetriveAllPreRegIdByRegCenterId"/>
  <testcase name="prereg_RetrivePreIdByRegCenterId_toDate_withFebNonLeapYearWith29" time="1.374" classname="io.mosip.preregistration.tests.RetriveAllPreRegIdByRegCenterId"/>
  <testcase name="prereg_RetrivePreIdByRegCenterId_registrationCenterId_withInvalidValueAsSpaces" time="3.844" classname="io.mosip.preregistration.tests.RetriveAllPreRegIdByRegCenterId"/>
  <testcase name="prereg_RetrivePreIdByRegCenterId_fromDate_withAlphabets" time="3.837" classname="io.mosip.preregistration.tests.RetriveAllPreRegIdByRegCenterId"/>
  <testcase name="prereg_RetrivePreIdByRegCenterId_registrationCenterId_withInvalidValueAsAlphaNumeric" time="1.588" classname="io.mosip.preregistration.tests.RetriveAllPreRegIdByRegCenterId"/>
  <testcase name="prereg_RetrivePreIdByRegCenterId_toDate_withInvalidYear" time="3.937" classname="io.mosip.preregistration.tests.RetriveAllPreRegIdByRegCenterId"/>
</testsuite> <!-- io.mosip.preregistration.tests.RetriveAllPreRegIdByRegCenterId -->
