<?xml version="1.0" encoding="UTF-8"?>
<!-- Generated by org.testng.reporters.JUnitReportReporter -->
<testsuite skipped="0" hostname="A2ML20178" name="io.mosip.registrationProcessor.tests.ApplicantDemographic" tests="9" failures="0" timestamp="28 Jun 2019 14:10:38 GMT" time="12.027" errors="0">
  <testcase name="RegProc_ApplicantDemographicApi_regProc_ApplicantDemographic_requesttimeEmpty" time="1.030" classname="io.mosip.registrationProcessor.tests.ApplicantDemographic"/>
  <testcase name="RegProc_ApplicantDemographicApi_regProc_ApplicantDemographic_regIdEmpty" time="0.965" classname="io.mosip.registrationProcessor.tests.ApplicantDemographic"/>
  <testcase name="RegProc_ApplicantDemographicApi_regProc_ApplicantDemographic_requesttimeInvalid" time="1.104" classname="io.mosip.registrationProcessor.tests.ApplicantDemographic"/>
  <testcase name="RegProc_ApplicantDemographicApi_regProc_ApplicantDemographic_regIdNotPresent" time="0.962" classname="io.mosip.registrationProcessor.tests.ApplicantDemographic"/>
  <testcase name="RegProc_ApplicantDemographicApi_regProc_ApplicantDemographic_idEmpty" time="1.423" classname="io.mosip.registrationProcessor.tests.ApplicantDemographic"/>
  <testcase name="RegProc_ApplicantDemographicApi_regProc_ApplicantDemographic_idInvalid" time="1.545" classname="io.mosip.registrationProcessor.tests.ApplicantDemographic"/>
  <testcase name="RegProc_ApplicantDemographicApi_regProc_ApplicantDemographic_versionInvalid" time="0.928" classname="io.mosip.registrationProcessor.tests.ApplicantDemographic"/>
  <testcase name="RegProc_ApplicantDemographicApi_regProc_ApplicantDemographic_versionEmpty" time="0.976" classname="io.mosip.registrationProcessor.tests.ApplicantDemographic"/>
  <testcase name="RegProc_ApplicantDemographicApi_regProc_ApplicantDemographic_smoke" time="3.094" classname="io.mosip.registrationProcessor.tests.ApplicantDemographic"/>
</testsuite> <!-- io.mosip.registrationProcessor.tests.ApplicantDemographic -->
