<?xml version="1.0" encoding="UTF-8"?>
<!-- Generated by org.testng.reporters.JUnitReportReporter -->
<testsuite skipped="0" hostname="A2ML20178" name="io.mosip.preregistration.tests.DeleteDocumentByDocId" tests="13" failures="0" timestamp="29 Jun 2019 07:14:05 GMT" time="58.433" errors="0">
  <testcase name="Pre Reg_DeleteAllDocumentByDocId_DeleteDocumentByDocIdPassingInvalidDocumentId_SpecialCharacters" time="4.895" classname="io.mosip.preregistration.tests.DeleteDocumentByDocId"/>
  <testcase name="Pre Reg_DeleteAllDocumentByDocId_DeleteDocumentByDocIdByPassingInvalidDocumentId_GreaterThanMaxLength" time="2.735" classname="io.mosip.preregistration.tests.DeleteDocumentByDocId"/>
  <testcase name="Pre Reg_DeleteAllDocumentByDocId_DeleteDocumentByDocIdByPassingInvalidPreRegistrationId_AlphaNumericAndSpecialCharacters" time="2.672" classname="io.mosip.preregistration.tests.DeleteDocumentByDocId"/>
  <testcase name="Pre Reg_DeleteAllDocumentByDocId_DeleteDocumentByDocmentId_smoke" time="7.343" classname="io.mosip.preregistration.tests.DeleteDocumentByDocId"/>
  <testcase name="Pre Reg_DeleteAllDocumentByDocId_DeleteDocumentByDocIdByPassingInvalidDocumentId_EmptyValue" time="5.023" classname="io.mosip.preregistration.tests.DeleteDocumentByDocId"/>
  <testcase name="Pre Reg_DeleteAllDocumentByDocId_DeleteDocumentByDocIdByPassingInvalidPreRegistrationId_GreaterThanMaxLength" time="2.715" classname="io.mosip.preregistration.tests.DeleteDocumentByDocId"/>
  <testcase name="Pre Reg_DeleteAllDocumentByDocId_DeleteDocumentByDocIdByPassingInvalidDocumentId_Alphabets" time="5.157" classname="io.mosip.preregistration.tests.DeleteDocumentByDocId"/>
  <testcase name="Pre Reg_DeleteAllDocumentByDocId_DeleteDocumentByDocIdByPassingInvalidPreRegistrationId_AlphaNumeric" time="5.252" classname="io.mosip.preregistration.tests.DeleteDocumentByDocId"/>
  <testcase name="Pre Reg_DeleteAllDocumentByDocId_DeleteDocumentByDocIdPassingInvalidPreRegistrationId_SpecialCharacters" time="4.773" classname="io.mosip.preregistration.tests.DeleteDocumentByDocId"/>
  <testcase name="Pre Reg_DeleteAllDocumentByDocId_DeleteDocumentByDocIdByPassingInvalidPreRegistrationId_EmptyValue" time="4.939" classname="io.mosip.preregistration.tests.DeleteDocumentByDocId"/>
  <testcase name="Pre Reg_DeleteAllDocumentByDocId_DeleteDocumentByDocIdByPassingInvalidDocumentId_AlphaNumericAndSpecialCharacters" time="2.858" classname="io.mosip.preregistration.tests.DeleteDocumentByDocId"/>
  <testcase name="Pre Reg_DeleteAllDocumentByDocId_DeleteDocumentByDocIdByPassingInvalidPreRegistrationId_Alphabets" time="5.126" classname="io.mosip.preregistration.tests.DeleteDocumentByDocId"/>
  <testcase name="Pre Reg_DeleteAllDocumentByDocId_DeleteDocumentByDocIdByPassingInvalidDocumentId_AlphaNumeric" time="4.945" classname="io.mosip.preregistration.tests.DeleteDocumentByDocId"/>
</testsuite> <!-- io.mosip.preregistration.tests.DeleteDocumentByDocId -->
