<?xml version="1.0" encoding="UTF-8"?>
<!-- Generated by org.testng.reporters.JUnitReportReporter -->
<testsuite skipped="0" hostname="A2ML20178" name="io.mosip.preregistration.tests.TriggerNotification" tests="39" failures="0" timestamp="27 Jun 2019 15:56:45 GMT" time="222.503" errors="0">
  <testcase name="preReg_TriggerNotification_requesttime_withInvalidDateFormat" time="5.000" classname="io.mosip.preregistration.tests.TriggerNotification"/>
  <testcase name="preReg_TriggerNotification_version_withInvalidOtherThanStandardValue" time="4.520" classname="io.mosip.preregistration.tests.TriggerNotification"/>
  <testcase name="preReg_TriggerNotification_requesttime_withInvalidValueAsDateGreaterThanCurrentDate" time="4.582" classname="io.mosip.preregistration.tests.TriggerNotification"/>
  <testcase name="preReg_TriggerNotification_requesttime_withInvalidvalueAsFebNonLeapYearWith29" time="2.353" classname="io.mosip.preregistration.tests.TriggerNotification"/>
  <testcase name="preReg_TriggerNotification_id_withInvalidOtherThanStandardValue" time="5.004" classname="io.mosip.preregistration.tests.TriggerNotification"/>
  <testcase name="preReg_TriggerNotification_requesttime_withInvalidDateOfSlashInsteadOfHypen" time="4.985" classname="io.mosip.preregistration.tests.TriggerNotification"/>
  <testcase name="preReg_TriggerNotification_preRegistrationId_withInvalidValueAsEmpty" time="50.047" classname="io.mosip.preregistration.tests.TriggerNotification"/>
  <testcase name="preReg_TriggerNotification_requesttime_withInvalidTime" time="4.697" classname="io.mosip.preregistration.tests.TriggerNotification"/>
  <testcase name="preReg_TriggerNotification_requesttime_withInvalidvalueAsDateLessThanCurrentDate" time="2.233" classname="io.mosip.preregistration.tests.TriggerNotification"/>
  <testcase name="preReg_TriggerNotification_emailId_withInvalidValueAsMissing@" time="3.111" classname="io.mosip.preregistration.tests.TriggerNotification"/>
  <testcase name="preReg_TriggerNotification_name_withInvalidValueAsNonExisting" time="4.263" classname="io.mosip.preregistration.tests.TriggerNotification"/>
  <testcase name="preReg_TriggerNotification_langcode_withInvalidValueAsNonExisting" time="2.194" classname="io.mosip.preregistration.tests.TriggerNotification"/>
  <testcase name="preReg_TriggerNotification_id_withInvalidValueAsEmpty" time="14.663" classname="io.mosip.preregistration.tests.TriggerNotification"/>
  <testcase name="preReg_TriggerNotification_preRegistrationId_withInvalidValueAsNonExisting" time="4.984" classname="io.mosip.preregistration.tests.TriggerNotification"/>
  <testcase name="preReg_TriggerNotification_appointmentTime_withInvalidValueAsEmpty" time="4.963" classname="io.mosip.preregistration.tests.TriggerNotification"/>
  <testcase name="preReg_TriggerNotification_requesttime_withInvalidValueAsSpecialCharacters" time="5.552" classname="io.mosip.preregistration.tests.TriggerNotification"/>
  <testcase name="preReg_TriggerNotification_appointmentDate_withInvalidValueAsEmpty" time="4.826" classname="io.mosip.preregistration.tests.TriggerNotification"/>
  <testcase name="preReg_TriggerNotification_mobNum_withInvalidValueGreaterThanMax" time="5.042" classname="io.mosip.preregistration.tests.TriggerNotification"/>
  <testcase name="preReg_TriggerNotification_version_withInvalidEmptyValue" time="4.747" classname="io.mosip.preregistration.tests.TriggerNotification"/>
  <testcase name="preReg_TriggerNotification_additionalRecipient_false_smoke" time="7.317" classname="io.mosip.preregistration.tests.TriggerNotification"/>
  <testcase name="preReg_TriggerNotification_emailId_withInvalidValueAsTwo@sign" time="5.489" classname="io.mosip.preregistration.tests.TriggerNotification"/>
  <testcase name="preReg_TriggerNotification_requesttime_withInvalidValueAsSpaces" time="4.924" classname="io.mosip.preregistration.tests.TriggerNotification"/>
  <testcase name="preReg_TriggerNotification_langcode_withInvalidValueAsEmpty" time="2.190" classname="io.mosip.preregistration.tests.TriggerNotification"/>
  <testcase name="preReg_TriggerNotification_requesttime_withInvalidvalueAsEmptyValue" time="2.258" classname="io.mosip.preregistration.tests.TriggerNotification"/>
  <testcase name="preReg_TriggerNotification_additionalRecipient_true_smoke" time="3.781" classname="io.mosip.preregistration.tests.TriggerNotification"/>
  <testcase name="preReg_TriggerNotification_requesttime_withInvalidMonth" time="4.804" classname="io.mosip.preregistration.tests.TriggerNotification"/>
  <testcase name="preReg_TriggerNotification_requesttime_withInvalidvalueAsFebGreaterThan29" time="2.344" classname="io.mosip.preregistration.tests.TriggerNotification"/>
  <testcase name="preReg_TriggerNotification_requesttime_withInvalidDay" time="2.737" classname="io.mosip.preregistration.tests.TriggerNotification"/>
  <testcase name="preReg_TriggerNotification_appointmentDate_withInvalidValueAsNonExisting" time="4.969" classname="io.mosip.preregistration.tests.TriggerNotification"/>
  <testcase name="preReg_TriggerNotification_emailId_withInvalidValueAsGarbage" time="2.987" classname="io.mosip.preregistration.tests.TriggerNotification"/>
  <testcase name="preReg_TriggerNotification_emailId_withInvalidValueAsMissingUsername" time="2.922" classname="io.mosip.preregistration.tests.TriggerNotification"/>
  <testcase name="preReg_TriggerNotification_mobNum_withInvalidValueLessThanMax" time="7.401" classname="io.mosip.preregistration.tests.TriggerNotification"/>
  <testcase name="preReg_TriggerNotification_requesttime_withInvalidValueAsZeroInAllFields" time="2.284" classname="io.mosip.preregistration.tests.TriggerNotification"/>
  <testcase name="preReg_TriggerNotification_emailId_withInvalidValueAsEncodedHtmlWithinEmailIsInvalid" time="5.114" classname="io.mosip.preregistration.tests.TriggerNotification"/>
  <testcase name="preReg_TriggerNotification_name_withInvalidValueAsEmpty" time="4.821" classname="io.mosip.preregistration.tests.TriggerNotification"/>
  <testcase name="preReg_TriggerNotification_emailId_withInvalidValueAsPlainAddress" time="5.412" classname="io.mosip.preregistration.tests.TriggerNotification"/>
  <testcase name="preReg_TriggerNotification_requesttime_withInvalidYear" time="4.976" classname="io.mosip.preregistration.tests.TriggerNotification"/>
  <testcase name="preReg_TriggerNotification_mobNum_withInvalidValueAsAlphabets" time="4.969" classname="io.mosip.preregistration.tests.TriggerNotification"/>
  <testcase name="preReg_TriggerNotification_requesttime_withInvalidValueAsAlphabets" time="3.038" classname="io.mosip.preregistration.tests.TriggerNotification"/>
</testsuite> <!-- io.mosip.preregistration.tests.TriggerNotification -->
