<?xml version="1.0" encoding="UTF-8"?>
<!-- Generated by org.testng.reporters.JUnitReportReporter -->
<testsuite skipped="0" hostname="A2ML20178" name="io.mosip.preregistration.tests.InvalidateToken" tests="2" failures="0" timestamp="29 Jun 2019 07:14:05 GMT" time="24.629" errors="0">
  <testcase name="preReg_Authentication_invalidateToken" time="12.217" classname="io.mosip.preregistration.tests.InvalidateToken"/>
  <testcase name="preReg_Authentication_invalidateInactiveToken" time="12.412" classname="io.mosip.preregistration.tests.InvalidateToken"/>
</testsuite> <!-- io.mosip.preregistration.tests.InvalidateToken -->
