<?xml version="1.0" encoding="UTF-8"?>
<!-- Generated by org.testng.reporters.JUnitReportReporter -->
<testsuite skipped="0" hostname="A2ML20178" name="io.mosip.preregistration.tests.GetAllDocumentForPreRegId" tests="7" failures="0" timestamp="29 Jun 2019 07:14:05 GMT" time="34.374" errors="0">
  <testcase name="Pre Reg_GetAllDocumentForPreRegId_GetAllDocumentForPreRegIdByPassingInvalidPreRegistrationId_Alphabets" time="5.186" classname="io.mosip.preregistration.tests.GetAllDocumentForPreRegId"/>
  <testcase name="Pre Reg_GetAllDocumentForPreRegId_GetAllDocumentForPreRegIdByPassingInvalidPreRegistrationId_AlphaNumeric" time="5.249" classname="io.mosip.preregistration.tests.GetAllDocumentForPreRegId"/>
  <testcase name="Pre Reg_GetAllDocumentForPreRegId_GetAllDocumentForPreRegIdByPassingInvalidPreRegistrationId_SpecialCharacters" time="5.259" classname="io.mosip.preregistration.tests.GetAllDocumentForPreRegId"/>
  <testcase name="Pre Reg_GetAllDocumentForPreRegId_GetAllDocumentForPreRegId_smoke" time="3.050" classname="io.mosip.preregistration.tests.GetAllDocumentForPreRegId"/>
  <testcase name="Pre Reg_GetAllDocumentForPreRegId_GetAllDocumentForPreRegIdByPassingInvalidPreRegistrationId_EmptyValue" time="5.103" classname="io.mosip.preregistration.tests.GetAllDocumentForPreRegId"/>
  <testcase name="Pre Reg_GetAllDocumentForPreRegId_GetAllDocumentForPreRegIdByPassingInvalidPreRegistrationId_GreaterThanMaxLength" time="5.507" classname="io.mosip.preregistration.tests.GetAllDocumentForPreRegId"/>
  <testcase name="Pre Reg_GetAllDocumentForPreRegId_GetAllDocumentForPreRegIdByPassingInvalidPreRegistrationId_AlphaNumericAndSpecialCharacters" time="5.020" classname="io.mosip.preregistration.tests.GetAllDocumentForPreRegId"/>
</testsuite> <!-- io.mosip.preregistration.tests.GetAllDocumentForPreRegId -->
