<?xml version="1.0" encoding="UTF-8"?>
<!-- Generated by org.testng.reporters.JUnitReportReporter -->
<testsuite skipped="0" hostname="A2ML20178" name="io.mosip.preregistration.tests.CopyUploadedDocument" tests="18" failures="0" timestamp="29 Jun 2019 07:14:05 GMT" time="125.222" errors="0">
  <testcase name="Pre Reg_CopyDocument_CopyUploadedDocumentByPassingSourcePreIdForWhichNoDocUploaded_Invalid" time="7.669" classname="io.mosip.preregistration.tests.CopyUploadedDocument"/>
  <testcase name="Pre Reg_CopyDocument_CopyUploadedDocumentByPassingInvalidDestinationPreId_SpecialCharacters" time="6.406" classname="io.mosip.preregistration.tests.CopyUploadedDocument"/>
  <testcase name="Pre Reg_CopyDocument_CopyUploadedDocumentByPassingDestPreIdForWhichPOADocAlreadyExists_smoke" time="7.038" classname="io.mosip.preregistration.tests.CopyUploadedDocument"/>
  <testcase name="Pre Reg_CopyDocument_CopyUploadedDocumentByPassingInvalidCatCode_AlphabetsOtherThanPOA" time="10.894" classname="io.mosip.preregistration.tests.CopyUploadedDocument"/>
  <testcase name="Pre Reg_CopyDocument_CopyUploadedDocumentByPassingInvalidDestinationPreId_AlphaNumericAndSpecialCharacters" time="6.687" classname="io.mosip.preregistration.tests.CopyUploadedDocument"/>
  <testcase name="Pre Reg_CopyDocument_CopyUploadedDocumentByPassingInvalidSourcePreId_SpecialCharacters" time="6.568" classname="io.mosip.preregistration.tests.CopyUploadedDocument"/>
  <testcase name="Pre Reg_CopyDocument_CopyUploadedDocumentByPassingInvalidDestinationPreId_EmptyValue" time="6.203" classname="io.mosip.preregistration.tests.CopyUploadedDocument"/>
  <testcase name="Pre Reg_CopyDocument_CopyUploadedDocumentByPassingInvalidCatCode_AlphaNumericAndSpecialCharacters" time="6.066" classname="io.mosip.preregistration.tests.CopyUploadedDocument"/>
  <testcase name="Pre Reg_CopyDocument_CopyUploadedDocument_smoke" time="6.479" classname="io.mosip.preregistration.tests.CopyUploadedDocument"/>
  <testcase name="Pre Reg_CopyDocument_CopyUploadedDocumentByPassingInvalidSourcePreId_Alphabets" time="6.612" classname="io.mosip.preregistration.tests.CopyUploadedDocument"/>
  <testcase name="Pre Reg_CopyDocument_CopyUploadedDocumentByPassingInvalidSourcePreId_EmptyValue" time="6.172" classname="io.mosip.preregistration.tests.CopyUploadedDocument"/>
  <testcase name="Pre Reg_CopyDocument_CopyUploadedDocumentByPassingInvalidDestinationPreId_AlphaNumeric" time="6.285" classname="io.mosip.preregistration.tests.CopyUploadedDocument"/>
  <testcase name="Pre Reg_CopyDocument_CopyUploadedDocumentByPassingInvalidCatCode_EmptyValue" time="5.982" classname="io.mosip.preregistration.tests.CopyUploadedDocument"/>
  <testcase name="Pre Reg_CopyDocument_CopyUploadedDocumentByPassingInvalidSourcePreId_AlphaNumericAndSpecialCharacters" time="6.179" classname="io.mosip.preregistration.tests.CopyUploadedDocument"/>
  <testcase name="Pre Reg_CopyDocument_CopyUploadedDocumentByPassingInvalidCatCode_SpecialCharacters" time="6.883" classname="io.mosip.preregistration.tests.CopyUploadedDocument"/>
  <testcase name="Pre Reg_CopyDocument_CopyUploadedDocumentByPassingInvalidDestinationPreId_Alphabets" time="7.467" classname="io.mosip.preregistration.tests.CopyUploadedDocument"/>
  <testcase name="Pre Reg_CopyDocument_CopyUploadedDocumentByPassingInvalidCatCode_AlphaNumeric" time="9.187" classname="io.mosip.preregistration.tests.CopyUploadedDocument"/>
  <testcase name="Pre Reg_CopyDocument_CopyUploadedDocumentByPassingInvalidSourcePreId_AlphaNumeric" time="6.445" classname="io.mosip.preregistration.tests.CopyUploadedDocument"/>
</testsuite> <!-- io.mosip.preregistration.tests.CopyUploadedDocument -->
