<?xml version="1.0" encoding="UTF-8"?>
<!-- Generated by org.testng.reporters.JUnitReportReporter -->
<testsuite skipped="0" hostname="A2ML20178" name="io.mosip.kernel.tests.FetchRegCent" tests="21" failures="0" timestamp="27 Jun 2019 14:59:20 GMT" time="21.888" errors="0">
  <testcase name="kernel_FetchRegCent_invalid_langcode_unexisting_with_id" time="0.232" classname="io.mosip.kernel.tests.FetchRegCent"/>
  <testcase name="kernel_FetchRegCent_invalid_id_unexisting" time="0.214" classname="io.mosip.kernel.tests.FetchRegCent"/>
  <testcase name="kernel_FetchRegCent_invalid_hierarchylevel_unexisting with nameList" time="0.237" classname="io.mosip.kernel.tests.FetchRegCent"/>
  <testcase name="kernel_FetchRegCent_invalid_name_with name List 1 valid 1 invalid" time="0.231" classname="io.mosip.kernel.tests.FetchRegCent"/>
  <testcase name="kernel_FetchRegCent_allValid_smoke_with hierarchy and name" time="0.438" classname="io.mosip.kernel.tests.FetchRegCent"/>
  <testcase name="kernel_FetchRegCent_invalid_name_with name List" time="15.603" classname="io.mosip.kernel.tests.FetchRegCent"/>
  <testcase name="kernel_FetchRegCent_invalid_langcode_with hierarchy and name" time="0.249" classname="io.mosip.kernel.tests.FetchRegCent"/>
  <testcase name="kernel_FetchRegCent_invalid_locationcode_unexisting" time="0.236" classname="io.mosip.kernel.tests.FetchRegCent"/>
  <testcase name="kernel_FetchRegCent_allValid_smoke_with loc and lang" time="1.010" classname="io.mosip.kernel.tests.FetchRegCent"/>
  <testcase name="kernel_FetchRegCent_allValid_smoke_with_lang and id" time="0.345" classname="io.mosip.kernel.tests.FetchRegCent"/>
  <testcase name="kernel_FetchRegCent_invalid_latitude_unexisting" time="0.226" classname="io.mosip.kernel.tests.FetchRegCent"/>
  <testcase name="kernel_FetchRegCent_invalid_proximitydistance_negative" time="0.215" classname="io.mosip.kernel.tests.FetchRegCent"/>
  <testcase name="kernel_FetchRegCent_invalid_langcode_unexisting with name List" time="0.264" classname="io.mosip.kernel.tests.FetchRegCent"/>
  <testcase name="kernel_FetchRegCent_invalid_longitude_unexisting" time="0.225" classname="io.mosip.kernel.tests.FetchRegCent"/>
  <testcase name="kernel_FetchRegCent_allValid_smoke_with name list" time="0.278" classname="io.mosip.kernel.tests.FetchRegCent"/>
  <testcase name="kernel_FetchRegCent_allValid_smoke_get" time="0.640" classname="io.mosip.kernel.tests.FetchRegCent"/>
  <testcase name="kernel_FetchRegCent_invalid_name_unexisting in location(location name)" time="0.200" classname="io.mosip.kernel.tests.FetchRegCent"/>
  <testcase name="kernel_FetchRegCent_invalid_hierarchylevel_unexisting_with name" time="0.235" classname="io.mosip.kernel.tests.FetchRegCent"/>
  <testcase name="kernel_FetchRegCent_invalid_langcode_unexisting_with_locationCode" time="0.232" classname="io.mosip.kernel.tests.FetchRegCent"/>
  <testcase name="kernel_FetchRegCent_allValid_smoke_with proximity distance" time="0.352" classname="io.mosip.kernel.tests.FetchRegCent"/>
  <testcase name="kernel_FetchRegCent_invalid_langcode_unexisting with proxDist" time="0.226" classname="io.mosip.kernel.tests.FetchRegCent"/>
</testsuite> <!-- io.mosip.kernel.tests.FetchRegCent -->
