<?xml version="1.0" encoding="UTF-8"?>
<!-- Generated by org.testng.reporters.JUnitReportReporter -->
<testsuite skipped="0" hostname="A2ML20178" name="io.mosip.preregistration.tests.CancelAnBookedAppointment" tests="12" failures="0" timestamp="29 Jun 2019 07:14:05 GMT" time="130.517" errors="0">
  <testcase name="Pre Reg_CancelAnBookedAppointment_CancelBookingAppointmentByPassingInvalidPreRegistrationId_AlphaNumeric" time="4.688" classname="io.mosip.preregistration.tests.CancelAnBookedAppointment"/>
  <testcase name="Pre Reg_CancelAnBookedAppointment_CancelBookingAppointmentByPassingInvalidPreRegistrationId_EmptyValue" time="4.954" classname="io.mosip.preregistration.tests.CancelAnBookedAppointment"/>
  <testcase name="Pre Reg_CancelAnBookedAppointment_CancelBookingAppointmentByPassingInvalidStatusCode_Expired" time="18.144" classname="io.mosip.preregistration.tests.CancelAnBookedAppointment"/>
  <testcase name="Pre Reg_CancelAnBookedAppointment_CancelBookingAppointmentByPassingInvalidPreRegistrationId_AlphaNumericAndSpecialCharacters" time="5.394" classname="io.mosip.preregistration.tests.CancelAnBookedAppointment"/>
  <testcase name="Pre Reg_CancelAnBookedAppointment_CancelBookingAppointmentByPassingInvalidPreRegistrationId_GreaterThanMaxLength" time="5.490" classname="io.mosip.preregistration.tests.CancelAnBookedAppointment"/>
  <testcase name="Pre Reg_CancelAnBookedAppointment_CancelBookingAppointmentByPassingInvalidStatusCode_Consumed" time="19.970" classname="io.mosip.preregistration.tests.CancelAnBookedAppointment"/>
  <testcase name="Pre Reg_CancelAnBookedAppointment_CancelBookingAppointmentByPassingInvalidPreRegistrationId_Alphabets" time="2.305" classname="io.mosip.preregistration.tests.CancelAnBookedAppointment"/>
  <testcase name="Pre Reg_CancelAnBookedAppointment_CancelBookingAppointmentByPassingInvalidStatusCode_PendingAppointment" time="19.888" classname="io.mosip.preregistration.tests.CancelAnBookedAppointment"/>
  <testcase name="Pre Reg_CancelAnBookedAppointment_CancelAnBookedAppointment_smoke" time="20.831" classname="io.mosip.preregistration.tests.CancelAnBookedAppointment"/>
  <testcase name="Pre Reg_CancelAnBookedAppointment_CancelBookingAppointmentForCancelledApplication" time="2.690" classname="io.mosip.preregistration.tests.CancelAnBookedAppointment"/>
  <testcase name="Pre Reg_CancelAnBookedAppointment_CancelBookingAppointmentByPassingInvalidPreRegistrationId_SpecialCharacters" time="4.934" classname="io.mosip.preregistration.tests.CancelAnBookedAppointment"/>
  <testcase name="Pre Reg_CancelAnBookedAppointment_CancelAnReBookedAppointment_smoke" time="21.229" classname="io.mosip.preregistration.tests.CancelAnBookedAppointment"/>
</testsuite> <!-- io.mosip.preregistration.tests.CancelAnBookedAppointment -->
