<?xml version="1.0" encoding="UTF-8"?>
<!-- Generated by org.testng.reporters.JUnitReportReporter -->
<testsuite skipped="0" hostname="A2ML20178" name="io.mosip.preregistration.tests.ValidateOtp" tests="6" failures="0" timestamp="29 Jun 2019 07:14:05 GMT" time="125.905" errors="0">
  <testcase name="preReg_Authentication_validateOtpSendToEmail" time="24.810" classname="io.mosip.preregistration.tests.ValidateOtp"/>
  <testcase name="preReg_Authentication_validateOtpSendToMobileNo" time="24.657" classname="io.mosip.preregistration.tests.ValidateOtp"/>
  <testcase name="preReg_Authentication_validateWithInvalidUserID" time="22.302" classname="io.mosip.preregistration.tests.ValidateOtp"/>
  <testcase name="preReg_Authentication_validateWithoutGeneratingOtp" time="12.030" classname="io.mosip.preregistration.tests.ValidateOtp"/>
  <testcase name="preReg_Authentication_validateWithInvalidOtp" time="13.762" classname="io.mosip.preregistration.tests.ValidateOtp"/>
  <testcase name="preReg_Authentication_blockedUser" time="28.344" classname="io.mosip.preregistration.tests.ValidateOtp"/>
</testsuite> <!-- io.mosip.preregistration.tests.ValidateOtp -->
