<?xml version="1.0" encoding="UTF-8"?>
<!-- Generated by org.testng.reporters.JUnitReportReporter -->
<testsuite skipped="0" hostname="A2MD20092" name="io.mosip.preregistration.tests.BatchJob" tests="2" failures="0" timestamp="03 Jul 2019 08:43:05 GMT" time="24.541" errors="0">
  <testcase name="preReg_BatchJob_batchJobForConsumedApplication" time="15.370" classname="io.mosip.preregistration.tests.BatchJob"/>
  <testcase name="preReg_BatchJob_batchJobForExpiredApplication" time="9.171" classname="io.mosip.preregistration.tests.BatchJob"/>
</testsuite> <!-- io.mosip.preregistration.tests.BatchJob -->
