<?xml version="1.0" encoding="UTF-8"?>
<!-- Generated by org.testng.reporters.JUnitReportReporter -->
<testsuite skipped="0" hostname="A2MD20092" name="io.mosip.preregistration.tests.FetchAvailabilityDataOfRegistrationCenters" tests="6" failures="0" timestamp="02 Jul 2019 13:56:07 GMT" time="19.253" errors="0">
  <testcase name="Pre Reg_FetchAvailabilityDataOfRegistrationCenters_prereg_FetchAvailabilityDataOfRegistrationCenters_registrationCenterId_withEmptyValue" time="0.515" classname="io.mosip.preregistration.tests.FetchAvailabilityDataOfRegistrationCenters"/>
  <testcase name="Pre Reg_FetchAvailabilityDataOfRegistrationCenters_prereg_FetchAvailabilityDataOfRegistrationCenters_registrationCenterId_withSpecialCharacters" time="0.328" classname="io.mosip.preregistration.tests.FetchAvailabilityDataOfRegistrationCenters"/>
  <testcase name="Pre Reg_FetchAvailabilityDataOfRegistrationCenters_prereg_FetchAvailabilityDataOfRegistrationCenters_registrationCenterId_withAlphaNumeric" time="1.033" classname="io.mosip.preregistration.tests.FetchAvailabilityDataOfRegistrationCenters"/>
  <testcase name="Pre Reg_FetchAvailabilityDataOfRegistrationCenters_prereg_FetchAvailabilityDataOfRegistrationCenters_registrationCenterId_withAlphabets" time="0.365" classname="io.mosip.preregistration.tests.FetchAvailabilityDataOfRegistrationCenters"/>
  <testcase name="Pre Reg_FetchAvailabilityDataOfRegistrationCenters_prereg_FetchAvailabilityDataOfRegistrationCenters_registrationCenterId_withAlphaNumericAndSpecialCharacters" time="0.325" classname="io.mosip.preregistration.tests.FetchAvailabilityDataOfRegistrationCenters"/>
  <testcase name="Pre Reg_FetchAvailabilityDataOfRegistrationCenters_prereg_FetchAvailabilityDataOfRegCenters_smoke" time="16.687" classname="io.mosip.preregistration.tests.FetchAvailabilityDataOfRegistrationCenters"/>
</testsuite> <!-- io.mosip.preregistration.tests.FetchAvailabilityDataOfRegistrationCenters -->
