<?xml version="1.0" encoding="UTF-8"?>
<!-- Generated by org.testng.reporters.JUnitReportReporter -->
<testsuite skipped="0" hostname="A2ML20178" name="io.mosip.preregistration.tests.IntegrationScenarios" tests="46" failures="0" timestamp="29 Jun 2019 07:14:05 GMT" time="542.419" errors="0">
  <testcase name="preReg_IntTst_retrivePreRegDataConsumedApplication" time="7.480" classname="io.mosip.preregistration.tests.IntegrationScenarios"/>
  <testcase name="preReg_IntTst_multipleDocumentUploadDeleteDocByPreId" time="5.991" classname="io.mosip.preregistration.tests.IntegrationScenarios"/>
  <testcase name="preReg_IntTst_createAppDiscardUploadDoc" time="4.572" classname="io.mosip.preregistration.tests.IntegrationScenarios"/>
  <testcase name="preReg_IntTst_bookMultipleAppointmentForSamePRID" time="8.011" classname="io.mosip.preregistration.tests.IntegrationScenarios"/>
  <testcase name="preReg_IntTst_cosumedExpiredAppointment" time="23.568" classname="io.mosip.preregistration.tests.IntegrationScenarios"/>
  <testcase name="preReg_IntTst_dataOfDiscardedApplication" time="1.898" classname="io.mosip.preregistration.tests.IntegrationScenarios"/>
  <testcase name="preReg_IntTst_bookAppForInvalidDate" time="5.762" classname="io.mosip.preregistration.tests.IntegrationScenarios"/>
  <testcase name="preReg_IntTst_uploadDocumentForDiscardedApplication" time="2.329" classname="io.mosip.preregistration.tests.IntegrationScenarios"/>
  <testcase name="preReg_IntTst_discardBookedAppointment" time="8.447" classname="io.mosip.preregistration.tests.IntegrationScenarios"/>
  <testcase name="preReg_IntTst_expiredBatchJobService" time="13.600" classname="io.mosip.preregistration.tests.IntegrationScenarios"/>
  <testcase name="preReg_IntTst_getPreRegistrationDataOfDiscardedApplication" time="4.229" classname="io.mosip.preregistration.tests.IntegrationScenarios"/>
  <testcase name="preReg_IntTst_bookAppointmentForExpiredApplication" time="26.504" classname="io.mosip.preregistration.tests.IntegrationScenarios"/>
  <testcase name="preReg_IntTst_cancelAppointmentForExpiredApplication" time="24.532" classname="io.mosip.preregistration.tests.IntegrationScenarios"/>
  <testcase name="preReg_IntTst_retrivePreRegistrationDataForCancelAppointment" time="6.899" classname="io.mosip.preregistration.tests.IntegrationScenarios"/>
  <testcase name="preReg_IntTst_createAppUploadDocDeleteDocByDocId" time="3.499" classname="io.mosip.preregistration.tests.IntegrationScenarios"/>
  <testcase name="preReg_IntTst_fetchCanceledAppointmentCreatedByUser" time="17.116" classname="io.mosip.preregistration.tests.IntegrationScenarios"/>
  <testcase name="preReg_IntTst_multipleDocumentUpload" time="5.117" classname="io.mosip.preregistration.tests.IntegrationScenarios"/>
  <testcase name="preReg_IntTst_getPreRegistrationDataForPendingApplication" time="1.476" classname="io.mosip.preregistration.tests.IntegrationScenarios"/>
  <testcase name="preReg_IntTst_fetchMultipleApplicationCreatedByUser" time="17.023" classname="io.mosip.preregistration.tests.IntegrationScenarios"/>
  <testcase name="preReg_IntTst_getPreRegistrationDataForDiscardedApplication" time="4.135" classname="io.mosip.preregistration.tests.IntegrationScenarios"/>
  <testcase name="preReg_IntTst_createMultipleAppDeleteFewFetchAllAppsByUserId" time="26.301" classname="io.mosip.preregistration.tests.IntegrationScenarios"/>
  <testcase name="preReg_IntTst_createAppUpdateDiscard" time="2.187" classname="io.mosip.preregistration.tests.IntegrationScenarios"/>
  <testcase name="preReg_IntTst_updateDemographicDataAfterBookingAppointMent" time="8.678" classname="io.mosip.preregistration.tests.IntegrationScenarios"/>
  <testcase name="preReg_IntTst_fetchMultipleUserCreatedByUser" time="21.240" classname="io.mosip.preregistration.tests.IntegrationScenarios"/>
  <testcase name="preReg_IntTst_delDocByDocIdForDiscardedApplication" time="3.300" classname="io.mosip.preregistration.tests.IntegrationScenarios"/>
  <testcase name="preReg_IntTst_fetchBookedAppointmentCreatedByUser" time="13.769" classname="io.mosip.preregistration.tests.IntegrationScenarios"/>
  <testcase name="preReg_IntTst_getStatusOfCanceledAppointment" time="6.948" classname="io.mosip.preregistration.tests.IntegrationScenarios"/>
  <testcase name="preReg_IntTst_createAppUploadDocDeleteDocByPreRegId" time="6.183" classname="io.mosip.preregistration.tests.IntegrationScenarios"/>
  <testcase name="preReg_IntTst_bookAppointmentForDiscardedApplication" time="6.332" classname="io.mosip.preregistration.tests.IntegrationScenarios"/>
  <testcase name="preReg_IntTst_cosumedBookedAppointment" time="52.035" classname="io.mosip.preregistration.tests.IntegrationScenarios"/>
  <testcase name="preReg_IntTst_retrivePreRegistrationDataAfterUploadingDemographicDetails" time="4.317" classname="io.mosip.preregistration.tests.IntegrationScenarios"/>
  <testcase name="preReg_IntTst_createAppUploadBookUpdate" time="8.842" classname="io.mosip.preregistration.tests.IntegrationScenarios"/>
  <testcase name="preReg_IntTst_uploadMultipleDocsForSameCategory" time="8.231" classname="io.mosip.preregistration.tests.IntegrationScenarios"/>
  <testcase name="preReg_IntTst_retrivePreRegistrationDataAfterUploadingDocument" time="3.201" classname="io.mosip.preregistration.tests.IntegrationScenarios"/>
  <testcase name="preReg_IntTst_getPreRegistrationDataForBookedAppointment" time="3.556" classname="io.mosip.preregistration.tests.IntegrationScenarios"/>
  <testcase name="preReg_IntTst_retrivePreRegistrationDataOfDiscardedApplication" time="6.668" classname="io.mosip.preregistration.tests.IntegrationScenarios"/>
  <testcase name="preReg_IntTst_createAppUploadFetchBookAppFetchApp" time="9.016" classname="io.mosip.preregistration.tests.IntegrationScenarios"/>
  <testcase name="preReg_IntTst_updatePreRegistrationDataForExpiredApplication" time="18.122" classname="io.mosip.preregistration.tests.IntegrationScenarios"/>
  <testcase name="preReg_IntTst_cancelAppointmentFetchCenterDetails" time="6.767" classname="io.mosip.preregistration.tests.IntegrationScenarios"/>
  <testcase name="preReg_IntTst_fetchDiscardedApplication" time="9.837" classname="io.mosip.preregistration.tests.IntegrationScenarios"/>
  <testcase name="preReg_IntTst_createAppUpdateDemoGetData" time="4.632" classname="io.mosip.preregistration.tests.IntegrationScenarios"/>
  <testcase name="preReg_IntTst_consumedMultiplePRIDWithInvalidPRID" time="19.045" classname="io.mosip.preregistration.tests.IntegrationScenarios"/>
  <testcase name="preReg_IntTst_consumedBatchJobService" time="53.037" classname="io.mosip.preregistration.tests.IntegrationScenarios"/>
  <testcase name="preReg_IntTst_consumedMultiplePRID" time="35.362" classname="io.mosip.preregistration.tests.IntegrationScenarios"/>
  <testcase name="preReg_IntTst_getStatusOfBookedAppointment" time="3.187" classname="io.mosip.preregistration.tests.IntegrationScenarios"/>
  <testcase name="preReg_IntTst_retrivePreRegistrationDataAfterBookingAppointment" time="9.438" classname="io.mosip.preregistration.tests.IntegrationScenarios"/>
</testsuite> <!-- io.mosip.preregistration.tests.IntegrationScenarios -->
