<?xml version="1.0" encoding="UTF-8"?>
<!-- Generated by org.testng.reporters.JUnitReportReporter -->
<testsuite skipped="0" hostname="A2MD20092" name="io.mosip.preregistration.tests.GetAllDocumentForPreRegId" tests="7" failures="0" timestamp="03 Jul 2019 12:15:58 GMT" time="19.802" errors="0">
  <testcase name="Pre Reg_GetAllDocumentForPreRegId_GetAllDocumentForPreRegIdByPassingInvalidPreRegistrationId_EmptyValue" time="1.656" classname="io.mosip.preregistration.tests.GetAllDocumentForPreRegId"/>
  <testcase name="Pre Reg_GetAllDocumentForPreRegId_GetAllDocumentForPreRegIdByPassingInvalidPreRegistrationId_SpecialCharacters" time="3.731" classname="io.mosip.preregistration.tests.GetAllDocumentForPreRegId"/>
  <testcase name="Pre Reg_GetAllDocumentForPreRegId_GetAllDocumentForPreRegIdByPassingInvalidPreRegistrationId_AlphaNumeric" time="3.747" classname="io.mosip.preregistration.tests.GetAllDocumentForPreRegId"/>
  <testcase name="Pre Reg_GetAllDocumentForPreRegId_GetAllDocumentForPreRegIdByPassingInvalidPreRegistrationId_Alphabets" time="1.359" classname="io.mosip.preregistration.tests.GetAllDocumentForPreRegId"/>
  <testcase name="Pre Reg_GetAllDocumentForPreRegId_GetAllDocumentForPreRegId_smoke" time="3.969" classname="io.mosip.preregistration.tests.GetAllDocumentForPreRegId"/>
  <testcase name="Pre Reg_GetAllDocumentForPreRegId_GetAllDocumentForPreRegIdByPassingInvalidPreRegistrationId_GreaterThanMaxLength" time="3.934" classname="io.mosip.preregistration.tests.GetAllDocumentForPreRegId"/>
  <testcase name="Pre Reg_GetAllDocumentForPreRegId_GetAllDocumentForPreRegIdByPassingInvalidPreRegistrationId_AlphaNumericAndSpecialCharacters" time="1.406" classname="io.mosip.preregistration.tests.GetAllDocumentForPreRegId"/>
</testsuite> <!-- io.mosip.preregistration.tests.GetAllDocumentForPreRegId -->
