<?xml version="1.0" encoding="UTF-8"?>
<!-- Generated by org.testng.reporters.JUnitReportReporter -->
<testsuite skipped="0" hostname="A2ML20178" name="io.mosip.kernel.tests.CentetMachineUserMappingToMasterData" tests="15" failures="0" timestamp="27 Jun 2019 11:43:26 GMT" time="5.258" errors="0">
  <testcase name="kernel_CentetMachineUserMappingToMasterData_invalid_machineId" time="0.484" classname="io.mosip.kernel.tests.CentetMachineUserMappingToMasterData"/>
  <testcase name="kernel_CentetMachineUserMappingToMasterData_response_time" time="0.431" classname="io.mosip.kernel.tests.CentetMachineUserMappingToMasterData"/>
  <testcase name="kernel_CentetMachineUserMappingToMasterData_centerId_length_11" time="0.288" classname="io.mosip.kernel.tests.CentetMachineUserMappingToMasterData"/>
  <testcase name="kernel_CentetMachineUserMappingToMasterData_empty_IsActive" time="0.258" classname="io.mosip.kernel.tests.CentetMachineUserMappingToMasterData"/>
  <testcase name="kernel_CentetMachineUserMappingToMasterData_invalid_usrId" time="0.391" classname="io.mosip.kernel.tests.CentetMachineUserMappingToMasterData"/>
  <testcase name="kernel_CentetMachineUserMappingToMasterData_updateExisting" time="0.385" classname="io.mosip.kernel.tests.CentetMachineUserMappingToMasterData"/>
  <testcase name="kernel_CentetMachineUserMappingToMasterData_empty_UserId" time="0.332" classname="io.mosip.kernel.tests.CentetMachineUserMappingToMasterData"/>
  <testcase name="kernel_CentetMachineUserMappingToMasterData_invalid_isActive" time="0.361" classname="io.mosip.kernel.tests.CentetMachineUserMappingToMasterData"/>
  <testcase name="kernel_CentetMachineUserMappingToMasterData_empty_MachineId" time="0.357" classname="io.mosip.kernel.tests.CentetMachineUserMappingToMasterData"/>
  <testcase name="kernel_CentetMachineUserMappingToMasterData_MachineId_length_11" time="0.392" classname="io.mosip.kernel.tests.CentetMachineUserMappingToMasterData"/>
  <testcase name="kernel_CentetMachineUserMappingToMasterData_empty_RegCenterId" time="0.319" classname="io.mosip.kernel.tests.CentetMachineUserMappingToMasterData"/>
  <testcase name="kernel_CentetMachineUserMappingToMasterData_UserId_length_37" time="0.303" classname="io.mosip.kernel.tests.CentetMachineUserMappingToMasterData"/>
  <testcase name="kernel_CentetMachineUserMappingToMasterData_smoke" time="0.313" classname="io.mosip.kernel.tests.CentetMachineUserMappingToMasterData"/>
  <testcase name="kernel_CentetMachineUserMappingToMasterData_invalid_cntrId" time="0.320" classname="io.mosip.kernel.tests.CentetMachineUserMappingToMasterData"/>
  <testcase name="kernel_CentetMachineUserMappingToMasterData_invalid_langCode" time="0.324" classname="io.mosip.kernel.tests.CentetMachineUserMappingToMasterData"/>
</testsuite> <!-- io.mosip.kernel.tests.CentetMachineUserMappingToMasterData -->
