<?xml version="1.0" encoding="UTF-8"?>
<!-- Generated by org.testng.reporters.JUnitReportReporter -->
<testsuite skipped="0" hostname="A2ML20178" name="io.mosip.preregistration.tests.MultipleBookingAppointment" tests="4" failures="0" timestamp="29 Jun 2019 07:14:05 GMT" time="37.118" errors="0">
  <testcase name="MultipleBookingAppointment_smoke" time="11.093" classname="io.mosip.preregistration.tests.MultipleBookingAppointment"/>
  <testcase name="MultipleBookAnAppointmentByPassingInvalidPreRegistrationId_RequestTime" time="11.240" classname="io.mosip.preregistration.tests.MultipleBookingAppointment"/>
  <testcase name="ReBookForMultipleBookedAppointment_smoke" time="7.570" classname="io.mosip.preregistration.tests.MultipleBookingAppointment"/>
  <testcase name="MultipleBookAnAppointmentByPassingInvalidPreRegistrationId_Alphabets" time="7.215" classname="io.mosip.preregistration.tests.MultipleBookingAppointment"/>
</testsuite> <!-- io.mosip.preregistration.tests.MultipleBookingAppointment -->
