<?xml version="1.0" encoding="UTF-8"?>
<!-- Generated by org.testng.reporters.JUnitReportReporter -->
<testsuite skipped="3" hostname="A2ML20178" name="io.mosip.preregistration.tests.Pagination" tests="7" failures="0" timestamp="29 Jun 2019 07:14:05 GMT" time="85.375" errors="1">
  <testcase name="preReg_Demographic_pagination_Smoke" time="21.855" classname="io.mosip.preregistration.tests.Pagination"/>
  <testcase name="preReg_Demographic_pagination_invalidIndex" time="15.514" classname="io.mosip.preregistration.tests.Pagination"/>
  <testcase name="pagination_withNullValue" time="12.254" classname="io.mosip.preregistration.tests.Pagination">
    <skipped/>
  </testcase> <!-- pagination_withNullValue -->
  <testcase name="preReg_Demographic_pagination_noApplicationCreatedForThatUser" time="12.213" classname="io.mosip.preregistration.tests.Pagination"/>
  <testcase name="pagination_withoutPageIndexValue" time="12.627" classname="io.mosip.preregistration.tests.Pagination">
    <skipped/>
  </testcase> <!-- pagination_withoutPageIndexValue -->
  <testcase name="run" time="10.911" classname="io.mosip.preregistration.tests.Pagination">
    <error type="java.lang.IllegalStateException" message="Transaction already active">
      <![CDATA[java.lang.IllegalStateException: Transaction already active
	at org.hibernate.engine.transaction.internal.TransactionImpl.begin(TransactionImpl.java:77)
	at org.hibernate.internal.AbstractSharedSessionContract.beginTransaction(AbstractSharedSessionContract.java:452)
	at sun.reflect.GeneratedMethodAccessor229.invoke(Unknown Source)
	at sun.reflect.DelegatingMethodAccessorImpl.invoke(DelegatingMethodAccessorImpl.java:43)
	at java.lang.reflect.Method.invoke(Method.java:498)
	at org.hibernate.context.internal.ThreadLocalSessionContext$TransactionProtectionWrapper.invoke(ThreadLocalSessionContext.java:350)
	at com.sun.proxy.$Proxy38.beginTransaction(Unknown Source)
	at io.mosip.preregistration.util.PreRegistartionDataBaseAccess.getDataBaseConnection(PreRegistartionDataBaseAccess.java:36)
	at io.mosip.preregistration.util.PreRegistartionDataBaseAccess.getDbData(PreRegistartionDataBaseAccess.java:43)
	at io.mosip.preregistration.dao.PreregistrationDAO.getOTP(PreregistrationDAO.java:83)
	at io.mosip.util.PreRegistrationLibrary.getToken(PreRegistrationLibrary.java:320)
	at io.mosip.preregistration.tests.Pagination.run(Pagination.java:177)
	at sun.reflect.NativeMethodAccessorImpl.invoke0(Native Method)
	at sun.reflect.NativeMethodAccessorImpl.invoke(NativeMethodAccessorImpl.java:62)
	at sun.reflect.DelegatingMethodAccessorImpl.invoke(DelegatingMethodAccessorImpl.java:43)
	at java.lang.reflect.Method.invoke(Method.java:498)
	at org.testng.internal.MethodInvocationHelper.invokeMethod(MethodInvocationHelper.java:108)
	at org.testng.internal.Invoker.invokeConfigurationMethod(Invoker.java:523)
	at org.testng.internal.Invoker.invokeConfigurations(Invoker.java:224)
	at org.testng.internal.Invoker.invokeMethod(Invoker.java:599)
	at org.testng.internal.Invoker.invokeTestMethod(Invoker.java:869)
	at org.testng.internal.Invoker.invokeTestMethods(Invoker.java:1193)
	at org.testng.internal.TestMethodWorker.invokeTestMethods(TestMethodWorker.java:126)
	at org.testng.internal.TestMethodWorker.run(TestMethodWorker.java:109)
	at org.testng.TestRunner.privateRun(TestRunner.java:744)
	at org.testng.TestRunner.run(TestRunner.java:602)
	at org.testng.SuiteRunner.runTest(SuiteRunner.java:380)
	at org.testng.SuiteRunner.runSequentially(SuiteRunner.java:375)
	at org.testng.SuiteRunner.privateRun(SuiteRunner.java:340)
	at org.testng.SuiteRunner.run(SuiteRunner.java:289)
	at org.testng.SuiteRunnerWorker.runSuite(SuiteRunnerWorker.java:52)
	at org.testng.SuiteRunnerWorker.run(SuiteRunnerWorker.java:86)
	at org.testng.TestNG.runSuitesSequentially(TestNG.java:1301)
	at org.testng.TestNG.runSuitesLocally(TestNG.java:1226)
	at org.testng.TestNG.runSuites(TestNG.java:1144)
	at org.testng.TestNG.run(TestNG.java:1115)
	at io.mosip.testrunner.MosipTestRunner.startTestRunner(MosipTestRunner.java:42)
	at io.mosip.testrunner.MosipTestRunner.main(MosipTestRunner.java:30)
]]>
    </error>
  </testcase> <!-- run -->
  <testcase name="pagination_noRecordPresentForThatPageRange" time="0.001" classname="io.mosip.preregistration.tests.Pagination">
    <skipped/>
  </testcase> <!-- pagination_noRecordPresentForThatPageRange -->
</testsuite> <!-- io.mosip.preregistration.tests.Pagination -->
