<?xml version="1.0" encoding="UTF-8"?>
<!-- Generated by org.testng.reporters.JUnitReportReporter -->
<testsuite skipped="0" hostname="A2MD20092" name="io.mosip.preregistration.tests.DiscardIndividual" tests="2" failures="0" timestamp="02 Jul 2019 13:56:07 GMT" time="5.500" errors="0">
  <testcase name="Pre Reg_Demographic_Discard Individual Applicant By using Pre Registration ID_smoke" time="5.207" classname="io.mosip.preregistration.tests.DiscardIndividual"/>
  <testcase name="Pre Reg_Demographic_Discard individual with invalid Pre Registration Id" time="0.293" classname="io.mosip.preregistration.tests.DiscardIndividual"/>
</testsuite> <!-- io.mosip.preregistration.tests.DiscardIndividual -->
