<?xml version="1.0" encoding="UTF-8"?>
<!-- Generated by org.testng.reporters.JUnitReportReporter -->
<testsuite skipped="0" hostname="A2ML20178" name="io.mosip.registrationProcessor.tests.SecurityTests" tests="6" failures="0" timestamp="28 Jun 2019 14:10:38 GMT" time="5.914" errors="0">
  <testcase name="RegProc_SecurityTests_syncRequestWithValidToken" time="1.492" classname="io.mosip.registrationProcessor.tests.SecurityTests"/>
  <testcase name="RegProc_SecurityTests_syncRequestWithInvalidToken" time="1.235" classname="io.mosip.registrationProcessor.tests.SecurityTests"/>
  <testcase name="RegProc_SecurityTests_packetUploadWithValidToken" time="1.173" classname="io.mosip.registrationProcessor.tests.SecurityTests"/>
  <testcase name="RegProc_SecurityTests_packetUploadWithInValidToken" time="0.670" classname="io.mosip.registrationProcessor.tests.SecurityTests"/>
  <testcase name="RegProc_SecurityTests_packetStatusWithValidToken" time="0.842" classname="io.mosip.registrationProcessor.tests.SecurityTests"/>
  <testcase name="RegProc_SecurityTests_packetStatusWithInvalidToken" time="0.502" classname="io.mosip.registrationProcessor.tests.SecurityTests"/>
</testsuite> <!-- io.mosip.registrationProcessor.tests.SecurityTests -->
