<?xml version="1.0" encoding="UTF-8"?>
<!-- Generated by org.testng.reporters.JUnitReportReporter -->
<testsuite skipped="0" hostname="A2ML20178" name="io.mosip.kernel.tests.FetchRegCent" tests="21" failures="0" timestamp="29 Jun 2019 08:58:22 GMT" time="18.434" errors="0">
  <testcase name="kernel_FetchRegCent_allValid_smoke_with hierarchy and name" time="0.301" classname="io.mosip.kernel.tests.FetchRegCent"/>
  <testcase name="kernel_FetchRegCent_invalid_latitude_unexisting" time="0.292" classname="io.mosip.kernel.tests.FetchRegCent"/>
  <testcase name="kernel_FetchRegCent_invalid_id_unexisting" time="12.470" classname="io.mosip.kernel.tests.FetchRegCent"/>
  <testcase name="kernel_FetchRegCent_invalid_locationcode_unexisting" time="0.286" classname="io.mosip.kernel.tests.FetchRegCent"/>
  <testcase name="kernel_FetchRegCent_invalid_name_unexisting in location(location name)" time="0.290" classname="io.mosip.kernel.tests.FetchRegCent"/>
  <testcase name="kernel_FetchRegCent_invalid_hierarchylevel_unexisting with nameList" time="0.303" classname="io.mosip.kernel.tests.FetchRegCent"/>
  <testcase name="kernel_FetchRegCent_allValid_smoke_with loc and lang" time="0.269" classname="io.mosip.kernel.tests.FetchRegCent"/>
  <testcase name="kernel_FetchRegCent_invalid_name_with name List" time="0.286" classname="io.mosip.kernel.tests.FetchRegCent"/>
  <testcase name="kernel_FetchRegCent_invalid_hierarchylevel_unexisting_with name" time="0.316" classname="io.mosip.kernel.tests.FetchRegCent"/>
  <testcase name="kernel_FetchRegCent_invalid_langcode_unexisting_with_locationCode" time="0.275" classname="io.mosip.kernel.tests.FetchRegCent"/>
  <testcase name="kernel_FetchRegCent_allValid_smoke_with proximity distance" time="0.324" classname="io.mosip.kernel.tests.FetchRegCent"/>
  <testcase name="kernel_FetchRegCent_allValid_smoke_with name list" time="0.317" classname="io.mosip.kernel.tests.FetchRegCent"/>
  <testcase name="kernel_FetchRegCent_allValid_smoke_with_lang and id" time="0.310" classname="io.mosip.kernel.tests.FetchRegCent"/>
  <testcase name="kernel_FetchRegCent_invalid_langcode_unexisting with proxDist" time="0.281" classname="io.mosip.kernel.tests.FetchRegCent"/>
  <testcase name="kernel_FetchRegCent_invalid_longitude_unexisting" time="0.302" classname="io.mosip.kernel.tests.FetchRegCent"/>
  <testcase name="kernel_FetchRegCent_invalid_proximitydistance_negative" time="0.303" classname="io.mosip.kernel.tests.FetchRegCent"/>
  <testcase name="kernel_FetchRegCent_allValid_smoke_get" time="0.316" classname="io.mosip.kernel.tests.FetchRegCent"/>
  <testcase name="kernel_FetchRegCent_invalid_name_with name List 1 valid 1 invalid" time="0.293" classname="io.mosip.kernel.tests.FetchRegCent"/>
  <testcase name="kernel_FetchRegCent_invalid_langcode_with hierarchy and name" time="0.302" classname="io.mosip.kernel.tests.FetchRegCent"/>
  <testcase name="kernel_FetchRegCent_invalid_langcode_unexisting_with_id" time="0.294" classname="io.mosip.kernel.tests.FetchRegCent"/>
  <testcase name="kernel_FetchRegCent_invalid_langcode_unexisting with name List" time="0.304" classname="io.mosip.kernel.tests.FetchRegCent"/>
</testsuite> <!-- io.mosip.kernel.tests.FetchRegCent -->
