<?xml version="1.0" encoding="UTF-8"?>
<!-- Generated by org.testng.reporters.JUnitReportReporter -->
<testsuite skipped="0" hostname="A2MD20092" name="io.mosip.preregistration.tests.QRCode" tests="20" failures="0" timestamp="02 Jul 2019 13:56:07 GMT" time="8.356" errors="1">
  <testcase name="preReg_QRCode_requesttime_withInvalidYear" time="0.504" classname="io.mosip.preregistration.tests.QRCode"/>
  <testcase name="preReg_QRCode_requesttime_withEmptyValue" time="0.441" classname="io.mosip.preregistration.tests.QRCode"/>
  <testcase name="preReg_QRCode_requesttime_witDateLessThanCurrentDate" time="0.311" classname="io.mosip.preregistration.tests.QRCode"/>
  <testcase name="preReg_QRCode_requesttime_withSpaces" time="0.321" classname="io.mosip.preregistration.tests.QRCode"/>
  <testcase name="preReg_QRCode_id_withOtherThanStandardValue" time="0.313" classname="io.mosip.preregistration.tests.QRCode"/>
  <testcase name="preReg_QRCode_version_withOtherThanStandardValue" time="0.304" classname="io.mosip.preregistration.tests.QRCode"/>
  <testcase name="preReg_QRCode_requesttime_withInvalidDay" time="0.359" classname="io.mosip.preregistration.tests.QRCode">
    <error type="com.google.common.base.VerifyException">
      <![CDATA[com.google.common.base.VerifyException
	at com.google.common.base.Verify.verify(Verify.java:100)
	at io.mosip.preregistration.tests.QRCode.qrCode(QRCode.java:168)
	at sun.reflect.NativeMethodAccessorImpl.invoke0(Native Method)
	at sun.reflect.NativeMethodAccessorImpl.invoke(Unknown Source)
	at sun.reflect.DelegatingMethodAccessorImpl.invoke(Unknown Source)
	at java.lang.reflect.Method.invoke(Unknown Source)
	at org.testng.internal.MethodInvocationHelper.invokeMethod(MethodInvocationHelper.java:108)
	at org.testng.internal.Invoker.invokeMethod(Invoker.java:661)
	at org.testng.internal.Invoker.invokeTestMethod(Invoker.java:869)
	at org.testng.internal.Invoker.invokeTestMethods(Invoker.java:1193)
	at org.testng.internal.TestMethodWorker.invokeTestMethods(TestMethodWorker.java:126)
	at org.testng.internal.TestMethodWorker.run(TestMethodWorker.java:109)
	at org.testng.TestRunner.privateRun(TestRunner.java:744)
	at org.testng.TestRunner.run(TestRunner.java:602)
	at org.testng.SuiteRunner.runTest(SuiteRunner.java:380)
	at org.testng.SuiteRunner.runSequentially(SuiteRunner.java:375)
	at org.testng.SuiteRunner.privateRun(SuiteRunner.java:340)
	at org.testng.SuiteRunner.run(SuiteRunner.java:289)
	at org.testng.SuiteRunnerWorker.runSuite(SuiteRunnerWorker.java:52)
	at org.testng.SuiteRunnerWorker.run(SuiteRunnerWorker.java:86)
	at org.testng.TestNG.runSuitesSequentially(TestNG.java:1301)
	at org.testng.TestNG.runSuitesLocally(TestNG.java:1226)
	at org.testng.TestNG.runSuites(TestNG.java:1144)
	at org.testng.TestNG.run(TestNG.java:1115)
	at io.mosip.testrunner.MosipTestRunner.startTestRunner(MosipTestRunner.java:42)
	at io.mosip.testrunner.MosipTestRunner.main(MosipTestRunner.java:30)
]]>
    </error>
  </testcase> <!-- preReg_QRCode_requesttime_withInvalidDay -->
  <testcase name="preReg_QRCode_requesttime_withFebGreaterThan29" time="0.297" classname="io.mosip.preregistration.tests.QRCode"/>
  <testcase name="preReg_QRCode_requesttime_withDateGreaterThanCurrentDate" time="0.301" classname="io.mosip.preregistration.tests.QRCode"/>
  <testcase name="preReg_QRCode_id_withEmptyValue" time="0.340" classname="io.mosip.preregistration.tests.QRCode"/>
  <testcase name="preReg_QRCode_requesttime_withInvalidMonth" time="0.297" classname="io.mosip.preregistration.tests.QRCode"/>
  <testcase name="preReg_QRCode_requesttime_withSpecialCharacters" time="0.305" classname="io.mosip.preregistration.tests.QRCode"/>
  <testcase name="preReg_QRCode_version_withEmptyValue" time="0.322" classname="io.mosip.preregistration.tests.QRCode"/>
  <testcase name="preReg_QRCode_requesttime_withZeroInAllFields" time="0.340" classname="io.mosip.preregistration.tests.QRCode"/>
  <testcase name="preReg_QRCode_requesttime_withInvalidDateFormat" time="0.313" classname="io.mosip.preregistration.tests.QRCode"/>
  <testcase name="preReg_QRCode_smoke" time="1.769" classname="io.mosip.preregistration.tests.QRCode"/>
  <testcase name="preReg_QRCode_requesttime_withFebNonLeapYearWith29" time="0.296" classname="io.mosip.preregistration.tests.QRCode"/>
  <testcase name="preReg_QRCode_requesttime_withInvalidTime" time="0.297" classname="io.mosip.preregistration.tests.QRCode"/>
  <testcase name="preReg_QRCode_requesttime_withAlphabets" time="0.578" classname="io.mosip.preregistration.tests.QRCode"/>
  <testcase name="preReg_QRCode_requesttime_withInvalidDateOfSlashInsteadOfHypen" time="0.348" classname="io.mosip.preregistration.tests.QRCode"/>
</testsuite> <!-- io.mosip.preregistration.tests.QRCode -->
