<?xml version="1.0" encoding="UTF-8"?>
<!-- Generated by org.testng.reporters.JUnitReportReporter -->
<testsuite skipped="0" hostname="A2ML20178" name="io.mosip.kernel.tests.AuditLog" tests="29" failures="0" timestamp="27 Jun 2019 15:50:07 GMT" time="10.481" errors="0">
  <testcase name="kernel_AuditLog_invalid_applicationId_above64" time="0.264" classname="io.mosip.kernel.tests.AuditLog"/>
  <testcase name="kernel_AuditLog_invalid_hostIp_blank" time="0.195" classname="io.mosip.kernel.tests.AuditLog"/>
  <testcase name="kernel_AuditLog_invalid_eventId_above64" time="0.197" classname="io.mosip.kernel.tests.AuditLog"/>
  <testcase name="kernel_AuditLog_invalid_createdBy_blank" time="0.213" classname="io.mosip.kernel.tests.AuditLog"/>
  <testcase name="kernel_AuditLog_invalid_sessionUserId_above256" time="0.212" classname="io.mosip.kernel.tests.AuditLog"/>
  <testcase name="kernel_AuditLog_invalid_eventName_blank" time="0.210" classname="io.mosip.kernel.tests.AuditLog"/>
  <testcase name="kernel_AuditLog_invalid_idType_blank" time="0.221" classname="io.mosip.kernel.tests.AuditLog"/>
  <testcase name="kernel_AuditLog_invalid_actionTimeStamp_diff_format" time="0.279" classname="io.mosip.kernel.tests.AuditLog"/>
  <testcase name="kernel_AuditLog_invalid_hostName_blank" time="0.205" classname="io.mosip.kernel.tests.AuditLog"/>
  <testcase name="kernel_AuditLog_invalid_eventName_above128" time="0.207" classname="io.mosip.kernel.tests.AuditLog"/>
  <testcase name="kernel_AuditLog_invalid_applicationId_blank" time="0.222" classname="io.mosip.kernel.tests.AuditLog"/>
  <testcase name="kernel_AuditLog_invalid_idType_above64" time="0.199" classname="io.mosip.kernel.tests.AuditLog"/>
  <testcase name="kernel_AuditLog_invalid_requestBody_format" time="0.198" classname="io.mosip.kernel.tests.AuditLog"/>
  <testcase name="kernel_AuditLog_allValid_smoke" time="0.318" classname="io.mosip.kernel.tests.AuditLog"/>
  <testcase name="kernel_AuditLog_invalid_sessionUserId_blank" time="0.231" classname="io.mosip.kernel.tests.AuditLog"/>
  <testcase name="kernel_AuditLog_allValid_smoke_removing_optional_fields" time="0.274" classname="io.mosip.kernel.tests.AuditLog"/>
  <testcase name="kernel_AuditLog_invalid_hostName_above128" time="0.220" classname="io.mosip.kernel.tests.AuditLog"/>
  <testcase name="kernel_AuditLog_invalid_eventId_blank" time="0.212" classname="io.mosip.kernel.tests.AuditLog"/>
  <testcase name="kernel_AuditLog_invalid_applicationName_blank" time="0.252" classname="io.mosip.kernel.tests.AuditLog"/>
  <testcase name="kernel_AuditLog_invalid_applicationName_above128" time="0.238" classname="io.mosip.kernel.tests.AuditLog"/>
  <testcase name="kernel_AuditLog_invalid_createdBy_Removing required Data" time="0.201" classname="io.mosip.kernel.tests.AuditLog"/>
  <testcase name="kernel_AuditLog_invalid_hostIp_above16" time="0.195" classname="io.mosip.kernel.tests.AuditLog"/>
  <testcase name="kernel_AuditLog_invalid_id_blank" time="0.206" classname="io.mosip.kernel.tests.AuditLog"/>
  <testcase name="kernel_AuditLog_invalid_sessionUserName_blank" time="0.211" classname="io.mosip.kernel.tests.AuditLog"/>
  <testcase name="kernel_AuditLog_invalid_eventType_above64" time="4.132" classname="io.mosip.kernel.tests.AuditLog"/>
  <testcase name="kernel_AuditLog_invalid_sessionUserName_above128" time="0.214" classname="io.mosip.kernel.tests.AuditLog"/>
  <testcase name="kernel_AuditLog_invalid_createdBy_above256" time="0.224" classname="io.mosip.kernel.tests.AuditLog"/>
  <testcase name="kernel_AuditLog_invalid_id_above64" time="0.329" classname="io.mosip.kernel.tests.AuditLog"/>
  <testcase name="kernel_AuditLog_invalid_eventType_blank" time="0.202" classname="io.mosip.kernel.tests.AuditLog"/>
</testsuite> <!-- io.mosip.kernel.tests.AuditLog -->
