<?xml version="1.0" encoding="UTF-8"?>
<!-- Generated by org.testng.reporters.JUnitReportReporter -->
<testsuite skipped="0" hostname="A2ML20178" name="io.mosip.authentication.idRepository.tests.RetrieveIdentityByRid" tests="3" failures="0" timestamp="28 Jun 2019 13:36:43 GMT" time="1.841" errors="0">
  <testcase name="IdRepository_RetrieveIdentity_With InValid Rid" time="0.380" classname="io.mosip.authentication.idRepository.tests.RetrieveIdentityByRid"/>
  <testcase name="IdRepository_RetrieveIdentity_With Deactivted UIN" time="0.765" classname="io.mosip.authentication.idRepository.tests.RetrieveIdentityByRid"/>
  <testcase name="IdRepository_RetrieveIdentity_With Valid Smoke Rid" time="0.696" classname="io.mosip.authentication.idRepository.tests.RetrieveIdentityByRid"/>
</testsuite> <!-- io.mosip.authentication.idRepository.tests.RetrieveIdentityByRid -->
