<?xml version="1.0" encoding="UTF-8"?>
<!-- Generated by org.testng.reporters.JUnitReportReporter -->
<testsuite skipped="0" hostname="A2MD20092" name="io.mosip.preregistration.tests.MultipleBookingAppointment" tests="4" failures="0" timestamp="02 Jul 2019 13:56:07 GMT" time="238.207" errors="0">
  <testcase name="MultipleBookAnAppointmentByPassingInvalidPreRegistrationId_Alphabets" time="57.642" classname="io.mosip.preregistration.tests.MultipleBookingAppointment"/>
  <testcase name="MultipleBookingAppointment_smoke" time="48.861" classname="io.mosip.preregistration.tests.MultipleBookingAppointment"/>
  <testcase name="ReBookForMultipleBookedAppointment_smoke" time="66.225" classname="io.mosip.preregistration.tests.MultipleBookingAppointment"/>
  <testcase name="MultipleBookAnAppointmentByPassingInvalidPreRegistrationId_RequestTime" time="65.479" classname="io.mosip.preregistration.tests.MultipleBookingAppointment"/>
</testsuite> <!-- io.mosip.preregistration.tests.MultipleBookingAppointment -->
