<?xml version="1.0" encoding="UTF-8"?>
<!-- Generated by org.testng.reporters.JUnitReportReporter -->
<testsuite skipped="0" hostname="A2MD20092" name="io.mosip.preregistration.tests.GetPreRegistartionData" tests="2" failures="0" timestamp="02 Jul 2019 13:56:07 GMT" time="7.977" errors="0">
  <testcase name="Get Pre Pregistration Data of the application_smoke" time="7.468" classname="io.mosip.preregistration.tests.GetPreRegistartionData"/>
  <testcase name="Get Pre Registration Data of the application with wrong preid" time="0.509" classname="io.mosip.preregistration.tests.GetPreRegistartionData"/>
</testsuite> <!-- io.mosip.preregistration.tests.GetPreRegistartionData -->
