<?xml version="1.0" encoding="UTF-8"?>
<!-- Generated by org.testng.reporters.JUnitReportReporter -->
<testsuite skipped="0" hostname="A2MD20092" name="io.mosip.preregistration.tests.CopyUploadedDocument" tests="18" failures="0" timestamp="02 Jul 2019 13:56:06 GMT" time="318.397" errors="0">
  <testcase name="Pre Reg_CopyDocument_CopyUploadedDocumentByPassingInvalidSourcePreId_SpecialCharacters" time="10.598" classname="io.mosip.preregistration.tests.CopyUploadedDocument"/>
  <testcase name="Pre Reg_CopyDocument_CopyUploadedDocumentByPassingInvalidCatCode_EmptyValue" time="32.841" classname="io.mosip.preregistration.tests.CopyUploadedDocument"/>
  <testcase name="Pre Reg_CopyDocument_CopyUploadedDocumentByPassingInvalidDestinationPreId_AlphaNumericAndSpecialCharacters" time="15.565" classname="io.mosip.preregistration.tests.CopyUploadedDocument"/>
  <testcase name="Pre Reg_CopyDocument_CopyUploadedDocumentByPassingInvalidDestinationPreId_AlphaNumeric" time="10.972" classname="io.mosip.preregistration.tests.CopyUploadedDocument"/>
  <testcase name="Pre Reg_CopyDocument_CopyUploadedDocumentByPassingInvalidSourcePreId_AlphaNumeric" time="9.467" classname="io.mosip.preregistration.tests.CopyUploadedDocument"/>
  <testcase name="Pre Reg_CopyDocument_CopyUploadedDocumentByPassingDestPreIdForWhichPOADocAlreadyExists_smoke" time="22.840" classname="io.mosip.preregistration.tests.CopyUploadedDocument"/>
  <testcase name="Pre Reg_CopyDocument_CopyUploadedDocumentByPassingInvalidDestinationPreId_Alphabets" time="14.172" classname="io.mosip.preregistration.tests.CopyUploadedDocument"/>
  <testcase name="Pre Reg_CopyDocument_CopyUploadedDocumentByPassingInvalidSourcePreId_EmptyValue" time="11.616" classname="io.mosip.preregistration.tests.CopyUploadedDocument"/>
  <testcase name="Pre Reg_CopyDocument_CopyUploadedDocumentByPassingInvalidSourcePreId_AlphaNumericAndSpecialCharacters" time="10.234" classname="io.mosip.preregistration.tests.CopyUploadedDocument"/>
  <testcase name="Pre Reg_CopyDocument_CopyUploadedDocumentByPassingInvalidCatCode_AlphaNumeric" time="10.241" classname="io.mosip.preregistration.tests.CopyUploadedDocument"/>
  <testcase name="Pre Reg_CopyDocument_CopyUploadedDocumentByPassingInvalidCatCode_AlphabetsOtherThanPOA" time="15.287" classname="io.mosip.preregistration.tests.CopyUploadedDocument"/>
  <testcase name="Pre Reg_CopyDocument_CopyUploadedDocumentByPassingInvalidCatCode_SpecialCharacters" time="67.682" classname="io.mosip.preregistration.tests.CopyUploadedDocument"/>
  <testcase name="Pre Reg_CopyDocument_CopyUploadedDocumentByPassingInvalidDestinationPreId_SpecialCharacters" time="16.015" classname="io.mosip.preregistration.tests.CopyUploadedDocument"/>
  <testcase name="Pre Reg_CopyDocument_CopyUploadedDocument_smoke" time="14.773" classname="io.mosip.preregistration.tests.CopyUploadedDocument"/>
  <testcase name="Pre Reg_CopyDocument_CopyUploadedDocumentByPassingInvalidSourcePreId_Alphabets" time="11.509" classname="io.mosip.preregistration.tests.CopyUploadedDocument"/>
  <testcase name="Pre Reg_CopyDocument_CopyUploadedDocumentByPassingSourcePreIdForWhichNoDocUploaded_Invalid" time="12.856" classname="io.mosip.preregistration.tests.CopyUploadedDocument"/>
  <testcase name="Pre Reg_CopyDocument_CopyUploadedDocumentByPassingInvalidCatCode_AlphaNumericAndSpecialCharacters" time="19.580" classname="io.mosip.preregistration.tests.CopyUploadedDocument"/>
  <testcase name="Pre Reg_CopyDocument_CopyUploadedDocumentByPassingInvalidDestinationPreId_EmptyValue" time="12.149" classname="io.mosip.preregistration.tests.CopyUploadedDocument"/>
</testsuite> <!-- io.mosip.preregistration.tests.CopyUploadedDocument -->
