<?xml version="1.0" encoding="UTF-8"?>
<!-- Generated by org.testng.reporters.JUnitReportReporter -->
<testsuite skipped="0" hostname="A2MD20092" name="io.mosip.preregistration.tests.FetchAllApplicationCreatedByUser" tests="1" failures="0" timestamp="02 Jul 2019 13:56:07 GMT" time="21.337" errors="0">
  <testcase name="preReg_Demographic_fetchAllAplicationCreatedByUser" time="21.337" classname="io.mosip.preregistration.tests.FetchAllApplicationCreatedByUser"/>
</testsuite> <!-- io.mosip.preregistration.tests.FetchAllApplicationCreatedByUser -->
