<?xml version="1.0" encoding="UTF-8"?>
<!-- Generated by org.testng.reporters.JUnitReportReporter -->
<testsuite skipped="0" hostname="A2ML20178" name="io.mosip.preregistration.tests.FetchAllApplicationCreatedByUser" tests="1" failures="0" timestamp="29 Jun 2019 07:14:05 GMT" time="19.991" errors="0">
  <testcase name="preReg_Demographic_fetchAllAplicationCreatedByUser" time="19.991" classname="io.mosip.preregistration.tests.FetchAllApplicationCreatedByUser"/>
</testsuite> <!-- io.mosip.preregistration.tests.FetchAllApplicationCreatedByUser -->
