<?xml version="1.0" encoding="UTF-8"?>
<!-- Generated by org.testng.reporters.JUnitReportReporter -->
<testsuite skipped="0" hostname="A2MD20092" name="io.mosip.preregistration.tests.GetAllDocumentForDocId" tests="13" failures="0" timestamp="03 Jul 2019 12:15:58 GMT" time="42.566" errors="0">
  <testcase name="Pre Reg_GetAllDocumentByDocIdByPassingInvalidDocumentId_EmptyValue" time="3.991" classname="io.mosip.preregistration.tests.GetAllDocumentForDocId"/>
  <testcase name="Pre Reg_GetAllDocumentByDocIdByPassingInvalidPreRegistrationId_Alphabets" time="1.431" classname="io.mosip.preregistration.tests.GetAllDocumentForDocId"/>
  <testcase name="Pre Reg_GetAllDocumentForDocId_smoke" time="2.741" classname="io.mosip.preregistration.tests.GetAllDocumentForDocId"/>
  <testcase name="Pre Reg_GetAllDocumentByDocIdByPassingInvalidDocumentId_Alphabets" time="1.520" classname="io.mosip.preregistration.tests.GetAllDocumentForDocId"/>
  <testcase name="Pre Reg_GetAllDocumentByDocIdByPassingInvalidDocumentId_AlphaNumeric" time="6.468" classname="io.mosip.preregistration.tests.GetAllDocumentForDocId"/>
  <testcase name="Pre Reg_GetAllDocumentByDocIdByPassingInvalidPreRegistrationId_EmptyValue" time="4.507" classname="io.mosip.preregistration.tests.GetAllDocumentForDocId"/>
  <testcase name="Pre Reg_GetAllDocumentByDocIdByPassingInvalidPreRegistrationId_AlphaNumericAndSpecialCharacters" time="1.514" classname="io.mosip.preregistration.tests.GetAllDocumentForDocId"/>
  <testcase name="Pre Reg_GetAllDocumentByDocIdByPassingInvalidDocumentId_GreaterThanMaxLength" time="1.514" classname="io.mosip.preregistration.tests.GetAllDocumentForDocId"/>
  <testcase name="Pre Reg_GetAllDocumentByDocIdByPassingInvalidDocumentId_AlphaNumericAndSpecialCharacters" time="4.233" classname="io.mosip.preregistration.tests.GetAllDocumentForDocId"/>
  <testcase name="Pre Reg_GetAllDocumentByDocIdPassingInvalidDocumentId_SpecialCharacters" time="3.829" classname="io.mosip.preregistration.tests.GetAllDocumentForDocId"/>
  <testcase name="Pre Reg_GetAllDocumentByDocIdByPassingInvalidPreRegistrationId_GreaterThanMaxLength" time="3.711" classname="io.mosip.preregistration.tests.GetAllDocumentForDocId"/>
  <testcase name="Pre Reg_GetAllDocumentByDocIdPassingInvalidPreRegistrationId_SpecialCharacters" time="1.247" classname="io.mosip.preregistration.tests.GetAllDocumentForDocId"/>
  <testcase name="Pre Reg_GetAllDocumentByDocIdByPassingInvalidPreRegistrationId_AlphaNumeric" time="5.860" classname="io.mosip.preregistration.tests.GetAllDocumentForDocId"/>
</testsuite> <!-- io.mosip.preregistration.tests.GetAllDocumentForDocId -->
