<?xml version="1.0" encoding="UTF-8"?>
<!-- Generated by org.testng.reporters.JUnitReportReporter -->
<testsuite skipped="0" hostname="A2ML20178" name="io.mosip.preregistration.tests.GetPreRegistartionData" tests="2" failures="0" timestamp="29 Jun 2019 07:14:05 GMT" time="5.695" errors="0">
  <testcase name="Get Pre Pregistration Data of the application_smoke" time="5.383" classname="io.mosip.preregistration.tests.GetPreRegistartionData"/>
  <testcase name="Get Pre Registration Data of the application with wrong preid" time="0.312" classname="io.mosip.preregistration.tests.GetPreRegistartionData"/>
</testsuite> <!-- io.mosip.preregistration.tests.GetPreRegistartionData -->
