<?xml version="1.0" encoding="UTF-8"?>
<!-- Generated by org.testng.reporters.JUnitReportReporter -->
<testsuite skipped="0" hostname="A2MD20092" name="io.mosip.preregistration.tests.DocumentUpload" tests="5" failures="0" timestamp="02 Jul 2019 13:56:07 GMT" time="29.898" errors="0">
  <testcase name="Pre Reg_DocumentUpload_DocumentUpload_smoke" time="6.586" classname="io.mosip.preregistration.tests.DocumentUpload"/>
  <testcase name="Pre Reg_DocumentUpload_DocumentUploadInvalidId_Alphabets" time="6.922" classname="io.mosip.preregistration.tests.DocumentUpload"/>
  <testcase name="Pre Reg_DocumentUpload_DocumentUploadInvalidDocType_xlsx" time="5.904" classname="io.mosip.preregistration.tests.DocumentUpload"/>
  <testcase name="Pre Reg_DocumentUpload_DocumentUploadInvalidRequesttime_Alphabets" time="3.652" classname="io.mosip.preregistration.tests.DocumentUpload"/>
  <testcase name="Pre Reg_DocumentUpload_DocumentUploadInvalidVersion_Alphabets" time="6.834" classname="io.mosip.preregistration.tests.DocumentUpload"/>
</testsuite> <!-- io.mosip.preregistration.tests.DocumentUpload -->
