<?xml version="1.0" encoding="UTF-8"?>
<!-- Generated by org.testng.reporters.JUnitReportReporter -->
<testsuite skipped="0" hostname="A2ML20178" name="io.mosip.preregistration.tests.CreatePreRegistration" tests="22" failures="0" timestamp="29 Jun 2019 07:14:05 GMT" time="19.270" errors="0">
  <testcase name="Pre Reg_Demographic_Create Pre Registration without passing Address line 1 in request" time="0.426" classname="io.mosip.preregistration.tests.CreatePreRegistration"/>
  <testcase name="Pre Reg_Demographic_Create Pre Registration without passing City in request" time="0.425" classname="io.mosip.preregistration.tests.CreatePreRegistration"/>
  <testcase name="Pre Reg_Demographic_Create Pre Registration by passing 51 charecter in name" time="0.415" classname="io.mosip.preregistration.tests.CreatePreRegistration"/>
  <testcase name="Pre Reg_Demographic_Create Pre Registration with invalid mobile no format" time="0.421" classname="io.mosip.preregistration.tests.CreatePreRegistration"/>
  <testcase name="Pre Reg_Demographic_Create Pre Registration without passing name in request" time="0.424" classname="io.mosip.preregistration.tests.CreatePreRegistration"/>
  <testcase name="Pre Reg_Demographic_Create Pre Registration By Passing future DOB" time="0.414" classname="io.mosip.preregistration.tests.CreatePreRegistration"/>
  <testcase name="Pre Reg_Demographic_Create Pre Registration without passing Region in request" time="0.426" classname="io.mosip.preregistration.tests.CreatePreRegistration"/>
  <testcase name="Pre Reg_Demographic_Create Pre Registration without passing Postal code in request" time="2.743" classname="io.mosip.preregistration.tests.CreatePreRegistration"/>
  <testcase name="Pre Reg_Demographic_Create Pre Registration without passing gender in request" time="0.434" classname="io.mosip.preregistration.tests.CreatePreRegistration"/>
  <testcase name="createPreRegistration_smoke" time="3.331" classname="io.mosip.preregistration.tests.CreatePreRegistration"/>
  <testcase name="Pre Reg_Demographic_Create Pre Registration without passing CNIE in request" time="0.412" classname="io.mosip.preregistration.tests.CreatePreRegistration"/>
  <testcase name="Pre Reg_Demographic_Create Pre Registration without passing DOB in request" time="0.463" classname="io.mosip.preregistration.tests.CreatePreRegistration"/>
  <testcase name="Pre Reg_Demographic_Create Pre Registration by passing 6 alphanumeric Postal code" time="0.408" classname="io.mosip.preregistration.tests.CreatePreRegistration"/>
  <testcase name="Pre Reg_Demographic_Create Pre Registration without passing Province in request" time="0.426" classname="io.mosip.preregistration.tests.CreatePreRegistration"/>
  <testcase name="Pre Reg_Demographic_Create Pre Registration By Passing 09 digit CNIENumber" time="0.425" classname="io.mosip.preregistration.tests.CreatePreRegistration"/>
  <testcase name="Pre Reg_Demographic_Create Pre Registration By Passing 31 digit CNIENumber" time="0.462" classname="io.mosip.preregistration.tests.CreatePreRegistration"/>
  <testcase name="Pre Reg_Demographic_Create Pre registration By Passing 11 digit mobile no" time="2.815" classname="io.mosip.preregistration.tests.CreatePreRegistration"/>
  <testcase name="Pre Reg_Demographic_Create Pre Registration with invalid email format" time="0.416" classname="io.mosip.preregistration.tests.CreatePreRegistration"/>
  <testcase name="Pre Reg_Demographic_Create Pre Registration without passing Local Administrative Authority in request" time="2.760" classname="io.mosip.preregistration.tests.CreatePreRegistration"/>
  <testcase name="Pre Reg_Demographic_Create Pre Registration By passing invalid Language Code" time="0.383" classname="io.mosip.preregistration.tests.CreatePreRegistration"/>
  <testcase name="Pre Reg_Demographic_Create Pre Registration by passing 8 digit mobile no" time="0.422" classname="io.mosip.preregistration.tests.CreatePreRegistration"/>
  <testcase name="Pre Reg_Demographic_Create Pre Registration by passing 4 alphanumeric Postal code" time="0.419" classname="io.mosip.preregistration.tests.CreatePreRegistration"/>
</testsuite> <!-- io.mosip.preregistration.tests.CreatePreRegistration -->
