<?xml version="1.0" encoding="UTF-8"?>
<!-- Generated by org.testng.reporters.JUnitReportReporter -->
<testsuite skipped="0" hostname="A2MD20092" name="io.mosip.preregistration.tests.GetAllDocumentForDocId" tests="13" failures="0" timestamp="02 Jul 2019 13:56:07 GMT" time="77.312" errors="4">
  <testcase name="Pre Reg_GetAllDocumentForDocId_BookAnAppointmentByPassingInvalidRequestTime_InvalidValue" time="6.327" classname="io.mosip.preregistration.tests.GetAllDocumentForDocId"/>
  <testcase name="Pre Reg_GetAllDocumentForDocId_BookAnAppointmentByPassingInvalidRequestTime_InvalidValue" time="4.122" classname="io.mosip.preregistration.tests.GetAllDocumentForDocId"/>
  <testcase name="Pre Reg_GetAllDocumentForDocId_BookAnAppointmentByPassingInvalidRequestTime_InvalidValue" time="7.972" classname="io.mosip.preregistration.tests.GetAllDocumentForDocId">
    <error type="com.google.common.base.VerifyException">
      <![CDATA[com.google.common.base.VerifyException
	at com.google.common.base.Verify.verify(Verify.java:100)
	at io.mosip.preregistration.tests.GetAllDocumentForDocId.getAllDocumentForDocId(GetAllDocumentForDocId.java:190)
	at sun.reflect.NativeMethodAccessorImpl.invoke0(Native Method)
	at sun.reflect.NativeMethodAccessorImpl.invoke(Unknown Source)
	at sun.reflect.DelegatingMethodAccessorImpl.invoke(Unknown Source)
	at java.lang.reflect.Method.invoke(Unknown Source)
	at org.testng.internal.MethodInvocationHelper.invokeMethod(MethodInvocationHelper.java:108)
	at org.testng.internal.Invoker.invokeMethod(Invoker.java:661)
	at org.testng.internal.Invoker.invokeTestMethod(Invoker.java:869)
	at org.testng.internal.Invoker.invokeTestMethods(Invoker.java:1193)
	at org.testng.internal.TestMethodWorker.invokeTestMethods(TestMethodWorker.java:126)
	at org.testng.internal.TestMethodWorker.run(TestMethodWorker.java:109)
	at org.testng.TestRunner.privateRun(TestRunner.java:744)
	at org.testng.TestRunner.run(TestRunner.java:602)
	at org.testng.SuiteRunner.runTest(SuiteRunner.java:380)
	at org.testng.SuiteRunner.runSequentially(SuiteRunner.java:375)
	at org.testng.SuiteRunner.privateRun(SuiteRunner.java:340)
	at org.testng.SuiteRunner.run(SuiteRunner.java:289)
	at org.testng.SuiteRunnerWorker.runSuite(SuiteRunnerWorker.java:52)
	at org.testng.SuiteRunnerWorker.run(SuiteRunnerWorker.java:86)
	at org.testng.TestNG.runSuitesSequentially(TestNG.java:1301)
	at org.testng.TestNG.runSuitesLocally(TestNG.java:1226)
	at org.testng.TestNG.runSuites(TestNG.java:1144)
	at org.testng.TestNG.run(TestNG.java:1115)
	at io.mosip.testrunner.MosipTestRunner.startTestRunner(MosipTestRunner.java:42)
	at io.mosip.testrunner.MosipTestRunner.main(MosipTestRunner.java:30)
]]>
    </error>
  </testcase> <!-- Pre Reg_GetAllDocumentForDocId_BookAnAppointmentByPassingInvalidRequestTime_InvalidValue -->
  <testcase name="Pre Reg_GetAllDocumentForDocId_BookAnAppointmentByPassingInvalidRequestTime_InvalidValue" time="6.487" classname="io.mosip.preregistration.tests.GetAllDocumentForDocId">
    <error type="com.google.common.base.VerifyException">
      <![CDATA[com.google.common.base.VerifyException
	at com.google.common.base.Verify.verify(Verify.java:100)
	at io.mosip.preregistration.tests.GetAllDocumentForDocId.getAllDocumentForDocId(GetAllDocumentForDocId.java:190)
	at sun.reflect.NativeMethodAccessorImpl.invoke0(Native Method)
	at sun.reflect.NativeMethodAccessorImpl.invoke(Unknown Source)
	at sun.reflect.DelegatingMethodAccessorImpl.invoke(Unknown Source)
	at java.lang.reflect.Method.invoke(Unknown Source)
	at org.testng.internal.MethodInvocationHelper.invokeMethod(MethodInvocationHelper.java:108)
	at org.testng.internal.Invoker.invokeMethod(Invoker.java:661)
	at org.testng.internal.Invoker.invokeTestMethod(Invoker.java:869)
	at org.testng.internal.Invoker.invokeTestMethods(Invoker.java:1193)
	at org.testng.internal.TestMethodWorker.invokeTestMethods(TestMethodWorker.java:126)
	at org.testng.internal.TestMethodWorker.run(TestMethodWorker.java:109)
	at org.testng.TestRunner.privateRun(TestRunner.java:744)
	at org.testng.TestRunner.run(TestRunner.java:602)
	at org.testng.SuiteRunner.runTest(SuiteRunner.java:380)
	at org.testng.SuiteRunner.runSequentially(SuiteRunner.java:375)
	at org.testng.SuiteRunner.privateRun(SuiteRunner.java:340)
	at org.testng.SuiteRunner.run(SuiteRunner.java:289)
	at org.testng.SuiteRunnerWorker.runSuite(SuiteRunnerWorker.java:52)
	at org.testng.SuiteRunnerWorker.run(SuiteRunnerWorker.java:86)
	at org.testng.TestNG.runSuitesSequentially(TestNG.java:1301)
	at org.testng.TestNG.runSuitesLocally(TestNG.java:1226)
	at org.testng.TestNG.runSuites(TestNG.java:1144)
	at org.testng.TestNG.run(TestNG.java:1115)
	at io.mosip.testrunner.MosipTestRunner.startTestRunner(MosipTestRunner.java:42)
	at io.mosip.testrunner.MosipTestRunner.main(MosipTestRunner.java:30)
]]>
    </error>
  </testcase> <!-- Pre Reg_GetAllDocumentForDocId_BookAnAppointmentByPassingInvalidRequestTime_InvalidValue -->
  <testcase name="Pre Reg_GetAllDocumentForDocId_BookAnAppointmentByPassingInvalidRequestTime_InvalidValue" time="6.019" classname="io.mosip.preregistration.tests.GetAllDocumentForDocId">
    <error type="com.google.common.base.VerifyException">
      <![CDATA[com.google.common.base.VerifyException
	at com.google.common.base.Verify.verify(Verify.java:100)
	at io.mosip.preregistration.tests.GetAllDocumentForDocId.getAllDocumentForDocId(GetAllDocumentForDocId.java:190)
	at sun.reflect.NativeMethodAccessorImpl.invoke0(Native Method)
	at sun.reflect.NativeMethodAccessorImpl.invoke(Unknown Source)
	at sun.reflect.DelegatingMethodAccessorImpl.invoke(Unknown Source)
	at java.lang.reflect.Method.invoke(Unknown Source)
	at org.testng.internal.MethodInvocationHelper.invokeMethod(MethodInvocationHelper.java:108)
	at org.testng.internal.Invoker.invokeMethod(Invoker.java:661)
	at org.testng.internal.Invoker.invokeTestMethod(Invoker.java:869)
	at org.testng.internal.Invoker.invokeTestMethods(Invoker.java:1193)
	at org.testng.internal.TestMethodWorker.invokeTestMethods(TestMethodWorker.java:126)
	at org.testng.internal.TestMethodWorker.run(TestMethodWorker.java:109)
	at org.testng.TestRunner.privateRun(TestRunner.java:744)
	at org.testng.TestRunner.run(TestRunner.java:602)
	at org.testng.SuiteRunner.runTest(SuiteRunner.java:380)
	at org.testng.SuiteRunner.runSequentially(SuiteRunner.java:375)
	at org.testng.SuiteRunner.privateRun(SuiteRunner.java:340)
	at org.testng.SuiteRunner.run(SuiteRunner.java:289)
	at org.testng.SuiteRunnerWorker.runSuite(SuiteRunnerWorker.java:52)
	at org.testng.SuiteRunnerWorker.run(SuiteRunnerWorker.java:86)
	at org.testng.TestNG.runSuitesSequentially(TestNG.java:1301)
	at org.testng.TestNG.runSuitesLocally(TestNG.java:1226)
	at org.testng.TestNG.runSuites(TestNG.java:1144)
	at org.testng.TestNG.run(TestNG.java:1115)
	at io.mosip.testrunner.MosipTestRunner.startTestRunner(MosipTestRunner.java:42)
	at io.mosip.testrunner.MosipTestRunner.main(MosipTestRunner.java:30)
]]>
    </error>
  </testcase> <!-- Pre Reg_GetAllDocumentForDocId_BookAnAppointmentByPassingInvalidRequestTime_InvalidValue -->
  <testcase name="Pre Reg_GetAllDocumentForDocId_BookAnAppointmentByPassingInvalidRequestTime_InvalidValue" time="5.592" classname="io.mosip.preregistration.tests.GetAllDocumentForDocId"/>
  <testcase name="Pre Reg_GetAllDocumentForDocId_BookAnAppointmentByPassingInvalidRequestTime_InvalidValue" time="7.194" classname="io.mosip.preregistration.tests.GetAllDocumentForDocId"/>
  <testcase name="Pre Reg_GetAllDocumentForDocId_BookAnAppointmentByPassingInvalidRequestTime_InvalidValue" time="4.065" classname="io.mosip.preregistration.tests.GetAllDocumentForDocId"/>
  <testcase name="Pre Reg_GetAllDocumentForDocId_BookAnAppointmentByPassingInvalidRequestTime_InvalidValue" time="8.147" classname="io.mosip.preregistration.tests.GetAllDocumentForDocId"/>
  <testcase name="Pre Reg_GetAllDocumentForDocId_BookAnAppointmentByPassingInvalidRequestTime_InvalidValue" time="8.301" classname="io.mosip.preregistration.tests.GetAllDocumentForDocId">
    <error type="com.google.common.base.VerifyException">
      <![CDATA[com.google.common.base.VerifyException
	at com.google.common.base.Verify.verify(Verify.java:100)
	at io.mosip.preregistration.tests.GetAllDocumentForDocId.getAllDocumentForDocId(GetAllDocumentForDocId.java:190)
	at sun.reflect.NativeMethodAccessorImpl.invoke0(Native Method)
	at sun.reflect.NativeMethodAccessorImpl.invoke(Unknown Source)
	at sun.reflect.DelegatingMethodAccessorImpl.invoke(Unknown Source)
	at java.lang.reflect.Method.invoke(Unknown Source)
	at org.testng.internal.MethodInvocationHelper.invokeMethod(MethodInvocationHelper.java:108)
	at org.testng.internal.Invoker.invokeMethod(Invoker.java:661)
	at org.testng.internal.Invoker.invokeTestMethod(Invoker.java:869)
	at org.testng.internal.Invoker.invokeTestMethods(Invoker.java:1193)
	at org.testng.internal.TestMethodWorker.invokeTestMethods(TestMethodWorker.java:126)
	at org.testng.internal.TestMethodWorker.run(TestMethodWorker.java:109)
	at org.testng.TestRunner.privateRun(TestRunner.java:744)
	at org.testng.TestRunner.run(TestRunner.java:602)
	at org.testng.SuiteRunner.runTest(SuiteRunner.java:380)
	at org.testng.SuiteRunner.runSequentially(SuiteRunner.java:375)
	at org.testng.SuiteRunner.privateRun(SuiteRunner.java:340)
	at org.testng.SuiteRunner.run(SuiteRunner.java:289)
	at org.testng.SuiteRunnerWorker.runSuite(SuiteRunnerWorker.java:52)
	at org.testng.SuiteRunnerWorker.run(SuiteRunnerWorker.java:86)
	at org.testng.TestNG.runSuitesSequentially(TestNG.java:1301)
	at org.testng.TestNG.runSuitesLocally(TestNG.java:1226)
	at org.testng.TestNG.runSuites(TestNG.java:1144)
	at org.testng.TestNG.run(TestNG.java:1115)
	at io.mosip.testrunner.MosipTestRunner.startTestRunner(MosipTestRunner.java:42)
	at io.mosip.testrunner.MosipTestRunner.main(MosipTestRunner.java:30)
]]>
    </error>
  </testcase> <!-- Pre Reg_GetAllDocumentForDocId_BookAnAppointmentByPassingInvalidRequestTime_InvalidValue -->
  <testcase name="Pre Reg_GetAllDocumentForDocId_BookAnAppointmentByPassingInvalidRequestTime_InvalidValue" time="4.921" classname="io.mosip.preregistration.tests.GetAllDocumentForDocId"/>
  <testcase name="Pre Reg_GetAllDocumentForDocId_BookAnAppointmentByPassingInvalidRequestTime_InvalidValue" time="5.151" classname="io.mosip.preregistration.tests.GetAllDocumentForDocId"/>
  <testcase name="Pre Reg_GetAllDocumentForDocId_BookAnAppointmentByPassingInvalidRequestTime_InvalidValue" time="3.014" classname="io.mosip.preregistration.tests.GetAllDocumentForDocId"/>
</testsuite> <!-- io.mosip.preregistration.tests.GetAllDocumentForDocId -->
