<?xml version="1.0" encoding="UTF-8"?>
<!-- Generated by org.testng.reporters.JUnitReportReporter -->
<testsuite skipped="0" hostname="A2ML20178" name="io.mosip.preregistration.tests.SendOtp" tests="6" failures="0" timestamp="29 Jun 2019 07:14:05 GMT" time="41.684" errors="0">
  <testcase name="preReg_Authentication_sendOtpToBlockedUser" time="17.302" classname="io.mosip.preregistration.tests.SendOtp"/>
  <testcase name="preReg_Authentication_sendOtpToInvalidEmailId" time="0.349" classname="io.mosip.preregistration.tests.SendOtp"/>
  <testcase name="preReg_Authentication_sendOtpToInvalidMobileNo" time="0.238" classname="io.mosip.preregistration.tests.SendOtp"/>
  <testcase name="preReg_Authentication_sendOtpWithoutGivingUserId" time="0.242" classname="io.mosip.preregistration.tests.SendOtp"/>
  <testcase name="preReg_Authentication_sendOtpToEmailId" time="12.314" classname="io.mosip.preregistration.tests.SendOtp"/>
  <testcase name="preReg_Authentication_sendOtpToMobile" time="11.239" classname="io.mosip.preregistration.tests.SendOtp"/>
</testsuite> <!-- io.mosip.preregistration.tests.SendOtp -->
