<?xml version="1.0" encoding="UTF-8"?>
<!-- Generated by org.testng.reporters.JUnitReportReporter -->
<testsuite skipped="0" hostname="A2ML20178" name="io.mosip.kernel.tests.AuditLog" tests="29" failures="0" timestamp="29 Jun 2019 08:58:22 GMT" time="13.660" errors="0">
  <testcase name="kernel_AuditLog_allValid_smoke" time="0.374" classname="io.mosip.kernel.tests.AuditLog"/>
  <testcase name="kernel_AuditLog_invalid_requestBody_format" time="0.296" classname="io.mosip.kernel.tests.AuditLog"/>
  <testcase name="kernel_AuditLog_invalid_actionTimeStamp_diff_format" time="0.345" classname="io.mosip.kernel.tests.AuditLog"/>
  <testcase name="kernel_AuditLog_invalid_id_blank" time="0.305" classname="io.mosip.kernel.tests.AuditLog"/>
  <testcase name="kernel_AuditLog_invalid_hostName_blank" time="0.317" classname="io.mosip.kernel.tests.AuditLog"/>
  <testcase name="kernel_AuditLog_invalid_eventType_above64" time="0.309" classname="io.mosip.kernel.tests.AuditLog"/>
  <testcase name="kernel_AuditLog_invalid_createdBy_blank" time="1.103" classname="io.mosip.kernel.tests.AuditLog"/>
  <testcase name="kernel_AuditLog_allValid_smoke_removing_optional_fields" time="0.337" classname="io.mosip.kernel.tests.AuditLog"/>
  <testcase name="kernel_AuditLog_invalid_applicationName_blank" time="0.328" classname="io.mosip.kernel.tests.AuditLog"/>
  <testcase name="kernel_AuditLog_invalid_eventName_above128" time="0.338" classname="io.mosip.kernel.tests.AuditLog"/>
  <testcase name="kernel_AuditLog_invalid_eventType_blank" time="0.877" classname="io.mosip.kernel.tests.AuditLog"/>
  <testcase name="kernel_AuditLog_invalid_id_above64" time="0.327" classname="io.mosip.kernel.tests.AuditLog"/>
  <testcase name="kernel_AuditLog_invalid_sessionUserName_blank" time="0.304" classname="io.mosip.kernel.tests.AuditLog"/>
  <testcase name="kernel_AuditLog_invalid_applicationId_above64" time="0.371" classname="io.mosip.kernel.tests.AuditLog"/>
  <testcase name="kernel_AuditLog_invalid_idType_above64" time="0.324" classname="io.mosip.kernel.tests.AuditLog"/>
  <testcase name="kernel_AuditLog_invalid_sessionUserName_above128" time="0.299" classname="io.mosip.kernel.tests.AuditLog"/>
  <testcase name="kernel_AuditLog_invalid_applicationName_above128" time="0.329" classname="io.mosip.kernel.tests.AuditLog"/>
  <testcase name="kernel_AuditLog_invalid_idType_blank" time="0.289" classname="io.mosip.kernel.tests.AuditLog"/>
  <testcase name="kernel_AuditLog_invalid_createdBy_Removing required Data" time="0.315" classname="io.mosip.kernel.tests.AuditLog"/>
  <testcase name="kernel_AuditLog_invalid_hostIp_above16" time="0.291" classname="io.mosip.kernel.tests.AuditLog"/>
  <testcase name="kernel_AuditLog_invalid_hostName_above128" time="0.292" classname="io.mosip.kernel.tests.AuditLog"/>
  <testcase name="kernel_AuditLog_invalid_hostIp_blank" time="0.329" classname="io.mosip.kernel.tests.AuditLog"/>
  <testcase name="kernel_AuditLog_invalid_sessionUserId_above256" time="0.279" classname="io.mosip.kernel.tests.AuditLog"/>
  <testcase name="kernel_AuditLog_invalid_applicationId_blank" time="0.350" classname="io.mosip.kernel.tests.AuditLog"/>
  <testcase name="kernel_AuditLog_invalid_eventId_blank" time="0.311" classname="io.mosip.kernel.tests.AuditLog"/>
  <testcase name="kernel_AuditLog_invalid_eventName_blank" time="0.299" classname="io.mosip.kernel.tests.AuditLog"/>
  <testcase name="kernel_AuditLog_invalid_sessionUserId_blank" time="3.299" classname="io.mosip.kernel.tests.AuditLog"/>
  <testcase name="kernel_AuditLog_invalid_createdBy_above256" time="0.323" classname="io.mosip.kernel.tests.AuditLog"/>
  <testcase name="kernel_AuditLog_invalid_eventId_above64" time="0.400" classname="io.mosip.kernel.tests.AuditLog"/>
</testsuite> <!-- io.mosip.kernel.tests.AuditLog -->
