<?xml version="1.0" encoding="UTF-8"?>
<!-- Generated by org.testng.reporters.JUnitReportReporter -->
<testsuite skipped="0" hostname="A2MD20092" name="io.mosip.preregistration.tests.Audit" tests="14" failures="1" timestamp="02 Jul 2019 13:56:07 GMT" time="366.781" errors="1">
  <testcase name="PreReg_Audit_getAuditDataForDemographicUpdate" time="14.563" classname="io.mosip.preregistration.tests.Audit"/>
  <testcase name="PreReg_Audit_getAuditDataForCopyDocument" time="28.178" classname="io.mosip.preregistration.tests.Audit"/>
  <testcase name="PreReg_Audit_getAuditDataForGetAvailbleSlot" time="21.791" classname="io.mosip.preregistration.tests.Audit"/>
  <testcase name="PreReg_Audit_getAuditDataForDemographicDiscard" time="17.678" classname="io.mosip.preregistration.tests.Audit"/>
  <testcase name="PreReg_Audit_getAuditDataForRetriveDocumentByDocId" time="32.782" classname="io.mosip.preregistration.tests.Audit"/>
  <testcase name="PreReg_Audit_getAuditDataForDemographicException" time="9.534" classname="io.mosip.preregistration.tests.Audit"/>
  <testcase name="PreReg_Audit_getAuditDataForDocumentUpload" time="26.335" classname="io.mosip.preregistration.tests.Audit"/>
  <testcase name="PreReg_Audit_getAuditDataForDocumentDeleteByDocId" time="25.467" classname="io.mosip.preregistration.tests.Audit"/>
  <testcase name="PreReg_Audit_getAuditDataForBatchJobExpired" time="21.944" classname="io.mosip.preregistration.tests.Audit">
    <error type="java.lang.IllegalStateException" message="Transaction already active">
      <![CDATA[java.lang.IllegalStateException: Transaction already active
	at org.hibernate.engine.transaction.internal.TransactionImpl.begin(TransactionImpl.java:77)
	at org.hibernate.internal.AbstractSharedSessionContract.beginTransaction(AbstractSharedSessionContract.java:452)
	at sun.reflect.NativeMethodAccessorImpl.invoke0(Native Method)
	at sun.reflect.NativeMethodAccessorImpl.invoke(Unknown Source)
	at sun.reflect.DelegatingMethodAccessorImpl.invoke(Unknown Source)
	at java.lang.reflect.Method.invoke(Unknown Source)
	at org.hibernate.context.internal.ThreadLocalSessionContext$TransactionProtectionWrapper.invoke(ThreadLocalSessionContext.java:350)
	at com.sun.proxy.$Proxy41.beginTransaction(Unknown Source)
	at io.mosip.preregistration.util.PreRegistartionDataBaseAccess.getDataBaseConnection(PreRegistartionDataBaseAccess.java:36)
	at io.mosip.preregistration.util.PreRegistartionDataBaseAccess.updateDbData(PreRegistartionDataBaseAccess.java:53)
	at io.mosip.preregistration.dao.PreregistrationDAO.setDate(PreregistrationDAO.java:63)
	at io.mosip.preregistration.tests.Audit.getAuditDataForBatchJobExpired(Audit.java:299)
	at sun.reflect.NativeMethodAccessorImpl.invoke0(Native Method)
	at sun.reflect.NativeMethodAccessorImpl.invoke(Unknown Source)
	at sun.reflect.DelegatingMethodAccessorImpl.invoke(Unknown Source)
	at java.lang.reflect.Method.invoke(Unknown Source)
	at org.testng.internal.MethodInvocationHelper.invokeMethod(MethodInvocationHelper.java:108)
	at org.testng.internal.Invoker.invokeMethod(Invoker.java:661)
	at org.testng.internal.Invoker.invokeTestMethod(Invoker.java:869)
	at org.testng.internal.Invoker.invokeTestMethods(Invoker.java:1193)
	at org.testng.internal.TestMethodWorker.invokeTestMethods(TestMethodWorker.java:126)
	at org.testng.internal.TestMethodWorker.run(TestMethodWorker.java:109)
	at org.testng.TestRunner.privateRun(TestRunner.java:744)
	at org.testng.TestRunner.run(TestRunner.java:602)
	at org.testng.SuiteRunner.runTest(SuiteRunner.java:380)
	at org.testng.SuiteRunner.runSequentially(SuiteRunner.java:375)
	at org.testng.SuiteRunner.privateRun(SuiteRunner.java:340)
	at org.testng.SuiteRunner.run(SuiteRunner.java:289)
	at org.testng.SuiteRunnerWorker.runSuite(SuiteRunnerWorker.java:52)
	at org.testng.SuiteRunnerWorker.run(SuiteRunnerWorker.java:86)
	at org.testng.TestNG.runSuitesSequentially(TestNG.java:1301)
	at org.testng.TestNG.runSuitesLocally(TestNG.java:1226)
	at org.testng.TestNG.runSuites(TestNG.java:1144)
	at org.testng.TestNG.run(TestNG.java:1115)
	at io.mosip.testrunner.MosipTestRunner.startTestRunner(MosipTestRunner.java:42)
	at io.mosip.testrunner.MosipTestRunner.main(MosipTestRunner.java:30)
]]>
    </error>
  </testcase> <!-- PreReg_Audit_getAuditDataForBatchJobExpired -->
  <testcase name="PreReg_Audit_getAuditDataForDemographicCreate" time="19.693" classname="io.mosip.preregistration.tests.Audit"/>
  <testcase name="PreReg_Audit_getAuditDataForDemographicFetchAllApplication" time="35.964" classname="io.mosip.preregistration.tests.Audit"/>
  <testcase name="PreReg_Audit_getAuditDataForReBooking" time="43.387" classname="io.mosip.preregistration.tests.Audit"/>
  <testcase name="PreReg_Audit_getAuditDataForCancelBooking" time="27.718" classname="io.mosip.preregistration.tests.Audit"/>
  <testcase name="PreReg_Audit_getAuditDataForBatchJobConsumed" time="41.747" classname="io.mosip.preregistration.tests.Audit">
    <failure type="java.lang.AssertionError" message="Response Data Mismatch Failure  : difference is : [{&quot;op&quot;:&quot;replace&quot;,&quot;path&quot;:&quot;/log_desc&quot;,&quot;value&quot;:&quot;Availability for booking successfully saved in the database&quot;},{&quot;op&quot;:&quot;replace&quot;,&quot;path&quot;:&quot;/event_id&quot;,&quot;value&quot;:&quot;PRE_407&quot;},{&quot;op&quot;:&quot;replace&quot;,&quot;path&quot;:&quot;/event_type&quot;,&quot;value&quot;:&quot;SYSTEM&quot;},{&quot;op&quot;:&quot;replace&quot;,&quot;path&quot;:&quot;/event_name&quot;,&quot;value&quot;:&quot;PERSIST&quot;},{&quot;op&quot;:&quot;replace&quot;,&quot;path&quot;:&quot;/module_name&quot;,&quot;value&quot;:&quot;BOOKING_SERVICE&quot;}] expected [true] but found [false]">
      <![CDATA[java.lang.AssertionError: Response Data Mismatch Failure  : difference is : [{"op":"replace","path":"/log_desc","value":"Availability for booking successfully saved in the database"},{"op":"replace","path":"/event_id","value":"PRE_407"},{"op":"replace","path":"/event_type","value":"SYSTEM"},{"op":"replace","path":"/event_name","value":"PERSIST"},{"op":"replace","path":"/module_name","value":"BOOKING_SERVICE"}] expected [true] but found [false]
	at org.testng.Assert.fail(Assert.java:93)
	at org.testng.Assert.failNotEquals(Assert.java:512)
	at org.testng.Assert.assertTrue(Assert.java:41)
	at io.mosip.util.PreRegistrationLibrary.jsonComparison(PreRegistrationLibrary.java:1657)
	at io.mosip.preregistration.tests.Audit.getAuditDataForBatchJobConsumed(Audit.java:326)
	at sun.reflect.NativeMethodAccessorImpl.invoke0(Native Method)
	at sun.reflect.NativeMethodAccessorImpl.invoke(Unknown Source)
	at sun.reflect.DelegatingMethodAccessorImpl.invoke(Unknown Source)
	at java.lang.reflect.Method.invoke(Unknown Source)
	at org.testng.internal.MethodInvocationHelper.invokeMethod(MethodInvocationHelper.java:108)
	at org.testng.internal.Invoker.invokeMethod(Invoker.java:661)
	at org.testng.internal.Invoker.invokeTestMethod(Invoker.java:869)
	at org.testng.internal.Invoker.invokeTestMethods(Invoker.java:1193)
	at org.testng.internal.TestMethodWorker.invokeTestMethods(TestMethodWorker.java:126)
	at org.testng.internal.TestMethodWorker.run(TestMethodWorker.java:109)
	at org.testng.TestRunner.privateRun(TestRunner.java:744)
	at org.testng.TestRunner.run(TestRunner.java:602)
	at org.testng.SuiteRunner.runTest(SuiteRunner.java:380)
	at org.testng.SuiteRunner.runSequentially(SuiteRunner.java:375)
	at org.testng.SuiteRunner.privateRun(SuiteRunner.java:340)
	at org.testng.SuiteRunner.run(SuiteRunner.java:289)
	at org.testng.SuiteRunnerWorker.runSuite(SuiteRunnerWorker.java:52)
	at org.testng.SuiteRunnerWorker.run(SuiteRunnerWorker.java:86)
	at org.testng.TestNG.runSuitesSequentially(TestNG.java:1301)
	at org.testng.TestNG.runSuitesLocally(TestNG.java:1226)
	at org.testng.TestNG.runSuites(TestNG.java:1144)
	at org.testng.TestNG.run(TestNG.java:1115)
	at io.mosip.testrunner.MosipTestRunner.startTestRunner(MosipTestRunner.java:42)
	at io.mosip.testrunner.MosipTestRunner.main(MosipTestRunner.java:30)
]]>
    </failure>
  </testcase> <!-- PreReg_Audit_getAuditDataForBatchJobConsumed -->
</testsuite> <!-- io.mosip.preregistration.tests.Audit -->
