<?xml version="1.0" encoding="UTF-8"?>
<!-- Generated by org.testng.reporters.JUnitReportReporter -->
<testsuite skipped="0" hostname="A2MD20092" name="io.mosip.preregistration.tests.FetchAppointmentDetails" tests="10" failures="0" timestamp="02 Jul 2019 13:56:07 GMT" time="69.196" errors="3">
  <testcase name="prereg_FetchAppointmentDetails_preRegistrationId_withAlphaNumeric" time="6.751" classname="io.mosip.preregistration.tests.FetchAppointmentDetails"/>
  <testcase name="prereg_FetchAppointmentDetails_preRegistrationId_withEmptyValue" time="4.050" classname="io.mosip.preregistration.tests.FetchAppointmentDetails"/>
  <testcase name="prereg_FetchAppointmentDetails_preRegistrationId_withSpecialCharacters" time="12.077" classname="io.mosip.preregistration.tests.FetchAppointmentDetails"/>
  <testcase name="prereg_FetchAppointmentDetails_statusCode_withExpired" time="5.193" classname="io.mosip.preregistration.tests.FetchAppointmentDetails">
    <error type="org.hibernate.internal.util.config.ConfigurationException" message="Could not locate cfg.xml resource [preregdev.cfg.xml]">
      <![CDATA[org.hibernate.internal.util.config.ConfigurationException: Could not locate cfg.xml resource [preregdev.cfg.xml]
	at org.hibernate.boot.cfgxml.internal.ConfigLoader.loadConfigXmlResource(ConfigLoader.java:53)
	at org.hibernate.boot.registry.StandardServiceRegistryBuilder.configure(StandardServiceRegistryBuilder.java:165)
	at org.hibernate.cfg.Configuration.configure(Configuration.java:258)
	at io.mosip.dbaccess.PreregDB.validateDBdata(PreregDB.java:430)
	at io.mosip.preregistration.dao.PreregistrationDAO.updateStatusCode(PreregistrationDAO.java:39)
	at io.mosip.util.PreRegistrationLibrary.updateStatusCode(PreRegistrationLibrary.java:1584)
	at io.mosip.preregistration.tests.FetchAppointmentDetails.fetchAppointmentDetails(FetchAppointmentDetails.java:161)
	at sun.reflect.NativeMethodAccessorImpl.invoke0(Native Method)
	at sun.reflect.NativeMethodAccessorImpl.invoke(Unknown Source)
	at sun.reflect.DelegatingMethodAccessorImpl.invoke(Unknown Source)
	at java.lang.reflect.Method.invoke(Unknown Source)
	at org.testng.internal.MethodInvocationHelper.invokeMethod(MethodInvocationHelper.java:108)
	at org.testng.internal.Invoker.invokeMethod(Invoker.java:661)
	at org.testng.internal.Invoker.invokeTestMethod(Invoker.java:869)
	at org.testng.internal.Invoker.invokeTestMethods(Invoker.java:1193)
	at org.testng.internal.TestMethodWorker.invokeTestMethods(TestMethodWorker.java:126)
	at org.testng.internal.TestMethodWorker.run(TestMethodWorker.java:109)
	at org.testng.TestRunner.privateRun(TestRunner.java:744)
	at org.testng.TestRunner.run(TestRunner.java:602)
	at org.testng.SuiteRunner.runTest(SuiteRunner.java:380)
	at org.testng.SuiteRunner.runSequentially(SuiteRunner.java:375)
	at org.testng.SuiteRunner.privateRun(SuiteRunner.java:340)
	at org.testng.SuiteRunner.run(SuiteRunner.java:289)
	at org.testng.SuiteRunnerWorker.runSuite(SuiteRunnerWorker.java:52)
	at org.testng.SuiteRunnerWorker.run(SuiteRunnerWorker.java:86)
	at org.testng.TestNG.runSuitesSequentially(TestNG.java:1301)
	at org.testng.TestNG.runSuitesLocally(TestNG.java:1226)
	at org.testng.TestNG.runSuites(TestNG.java:1144)
	at org.testng.TestNG.run(TestNG.java:1115)
	at io.mosip.testrunner.MosipTestRunner.startTestRunner(MosipTestRunner.java:42)
	at io.mosip.testrunner.MosipTestRunner.main(MosipTestRunner.java:30)
]]>
    </error>
  </testcase> <!-- prereg_FetchAppointmentDetails_statusCode_withExpired -->
  <testcase name="preReg_FetchAppointmentDetails_smoke" time="17.029" classname="io.mosip.preregistration.tests.FetchAppointmentDetails"/>
  <testcase name="prereg_FetchAppointmentDetails_statusCode_withPendingAppointment" time="3.623" classname="io.mosip.preregistration.tests.FetchAppointmentDetails">
    <error type="org.hibernate.internal.util.config.ConfigurationException" message="Could not locate cfg.xml resource [preregdev.cfg.xml]">
      <![CDATA[org.hibernate.internal.util.config.ConfigurationException: Could not locate cfg.xml resource [preregdev.cfg.xml]
	at org.hibernate.boot.cfgxml.internal.ConfigLoader.loadConfigXmlResource(ConfigLoader.java:53)
	at org.hibernate.boot.registry.StandardServiceRegistryBuilder.configure(StandardServiceRegistryBuilder.java:165)
	at org.hibernate.cfg.Configuration.configure(Configuration.java:258)
	at io.mosip.dbaccess.PreregDB.validateDBdata(PreregDB.java:430)
	at io.mosip.preregistration.dao.PreregistrationDAO.updateStatusCode(PreregistrationDAO.java:39)
	at io.mosip.util.PreRegistrationLibrary.updateStatusCode(PreRegistrationLibrary.java:1584)
	at io.mosip.preregistration.tests.FetchAppointmentDetails.fetchAppointmentDetails(FetchAppointmentDetails.java:161)
	at sun.reflect.NativeMethodAccessorImpl.invoke0(Native Method)
	at sun.reflect.NativeMethodAccessorImpl.invoke(Unknown Source)
	at sun.reflect.DelegatingMethodAccessorImpl.invoke(Unknown Source)
	at java.lang.reflect.Method.invoke(Unknown Source)
	at org.testng.internal.MethodInvocationHelper.invokeMethod(MethodInvocationHelper.java:108)
	at org.testng.internal.Invoker.invokeMethod(Invoker.java:661)
	at org.testng.internal.Invoker.invokeTestMethod(Invoker.java:869)
	at org.testng.internal.Invoker.invokeTestMethods(Invoker.java:1193)
	at org.testng.internal.TestMethodWorker.invokeTestMethods(TestMethodWorker.java:126)
	at org.testng.internal.TestMethodWorker.run(TestMethodWorker.java:109)
	at org.testng.TestRunner.privateRun(TestRunner.java:744)
	at org.testng.TestRunner.run(TestRunner.java:602)
	at org.testng.SuiteRunner.runTest(SuiteRunner.java:380)
	at org.testng.SuiteRunner.runSequentially(SuiteRunner.java:375)
	at org.testng.SuiteRunner.privateRun(SuiteRunner.java:340)
	at org.testng.SuiteRunner.run(SuiteRunner.java:289)
	at org.testng.SuiteRunnerWorker.runSuite(SuiteRunnerWorker.java:52)
	at org.testng.SuiteRunnerWorker.run(SuiteRunnerWorker.java:86)
	at org.testng.TestNG.runSuitesSequentially(TestNG.java:1301)
	at org.testng.TestNG.runSuitesLocally(TestNG.java:1226)
	at org.testng.TestNG.runSuites(TestNG.java:1144)
	at org.testng.TestNG.run(TestNG.java:1115)
	at io.mosip.testrunner.MosipTestRunner.startTestRunner(MosipTestRunner.java:42)
	at io.mosip.testrunner.MosipTestRunner.main(MosipTestRunner.java:30)
]]>
    </error>
  </testcase> <!-- prereg_FetchAppointmentDetails_statusCode_withPendingAppointment -->
  <testcase name="prereg_FetchAppointmentDetails_preRegistrationId_withAlphaNumericAndSpecialCharacters" time="9.422" classname="io.mosip.preregistration.tests.FetchAppointmentDetails"/>
  <testcase name="prereg_FetchAppointmentDetails_preRegistrationId_withGreaterThanMaxLength" time="2.030" classname="io.mosip.preregistration.tests.FetchAppointmentDetails"/>
  <testcase name="prereg_FetchAppointmentDetails_preRegistrationId_withAlphabets" time="4.016" classname="io.mosip.preregistration.tests.FetchAppointmentDetails"/>
  <testcase name="prereg_FetchAppointmentDetails_statusCode_withConsumed" time="5.005" classname="io.mosip.preregistration.tests.FetchAppointmentDetails">
    <error type="org.hibernate.internal.util.config.ConfigurationException" message="Could not locate cfg.xml resource [preregdev.cfg.xml]">
      <![CDATA[org.hibernate.internal.util.config.ConfigurationException: Could not locate cfg.xml resource [preregdev.cfg.xml]
	at org.hibernate.boot.cfgxml.internal.ConfigLoader.loadConfigXmlResource(ConfigLoader.java:53)
	at org.hibernate.boot.registry.StandardServiceRegistryBuilder.configure(StandardServiceRegistryBuilder.java:165)
	at org.hibernate.cfg.Configuration.configure(Configuration.java:258)
	at io.mosip.dbaccess.PreregDB.validateDBdata(PreregDB.java:430)
	at io.mosip.preregistration.dao.PreregistrationDAO.updateStatusCode(PreregistrationDAO.java:39)
	at io.mosip.util.PreRegistrationLibrary.updateStatusCode(PreRegistrationLibrary.java:1584)
	at io.mosip.preregistration.tests.FetchAppointmentDetails.fetchAppointmentDetails(FetchAppointmentDetails.java:161)
	at sun.reflect.NativeMethodAccessorImpl.invoke0(Native Method)
	at sun.reflect.NativeMethodAccessorImpl.invoke(Unknown Source)
	at sun.reflect.DelegatingMethodAccessorImpl.invoke(Unknown Source)
	at java.lang.reflect.Method.invoke(Unknown Source)
	at org.testng.internal.MethodInvocationHelper.invokeMethod(MethodInvocationHelper.java:108)
	at org.testng.internal.Invoker.invokeMethod(Invoker.java:661)
	at org.testng.internal.Invoker.invokeTestMethod(Invoker.java:869)
	at org.testng.internal.Invoker.invokeTestMethods(Invoker.java:1193)
	at org.testng.internal.TestMethodWorker.invokeTestMethods(TestMethodWorker.java:126)
	at org.testng.internal.TestMethodWorker.run(TestMethodWorker.java:109)
	at org.testng.TestRunner.privateRun(TestRunner.java:744)
	at org.testng.TestRunner.run(TestRunner.java:602)
	at org.testng.SuiteRunner.runTest(SuiteRunner.java:380)
	at org.testng.SuiteRunner.runSequentially(SuiteRunner.java:375)
	at org.testng.SuiteRunner.privateRun(SuiteRunner.java:340)
	at org.testng.SuiteRunner.run(SuiteRunner.java:289)
	at org.testng.SuiteRunnerWorker.runSuite(SuiteRunnerWorker.java:52)
	at org.testng.SuiteRunnerWorker.run(SuiteRunnerWorker.java:86)
	at org.testng.TestNG.runSuitesSequentially(TestNG.java:1301)
	at org.testng.TestNG.runSuitesLocally(TestNG.java:1226)
	at org.testng.TestNG.runSuites(TestNG.java:1144)
	at org.testng.TestNG.run(TestNG.java:1115)
	at io.mosip.testrunner.MosipTestRunner.startTestRunner(MosipTestRunner.java:42)
	at io.mosip.testrunner.MosipTestRunner.main(MosipTestRunner.java:30)
]]>
    </error>
  </testcase> <!-- prereg_FetchAppointmentDetails_statusCode_withConsumed -->
</testsuite> <!-- io.mosip.preregistration.tests.FetchAppointmentDetails -->
