<?xml version="1.0" encoding="UTF-8"?>
<!-- Generated by org.testng.reporters.JUnitReportReporter -->
<testsuite skipped="0" hostname="A2MD20092" name="io.mosip.preregistration.tests.DeleteAllDocumentsByPreRegID" tests="8" failures="0" timestamp="03 Jul 2019 12:15:58 GMT" time="9.671" errors="0">
  <testcase name="Pre Reg_DeleteAllDocumentsByPreRegID_DeleteAllDocumentForPreRegisrationIdByPassingInvalidPreRegisrationId_Alphabets" time="5.277" classname="io.mosip.preregistration.tests.DeleteAllDocumentsByPreRegID"/>
  <testcase name="Pre Reg_DeleteAllDocumentsByPreRegID_DeleteAllDocumentForPreRegisrationIdByPassingInvalidPreRegisrationId_AlphaNumeric" time="0.317" classname="io.mosip.preregistration.tests.DeleteAllDocumentsByPreRegID"/>
  <testcase name="Pre Reg_DeleteAllDocumentsByPreRegID_DeleteAllDocumentForPreRegisrationIdByPassingInvalidPreRegisrationId_SpecialCharacters" time="0.300" classname="io.mosip.preregistration.tests.DeleteAllDocumentsByPreRegID"/>
  <testcase name="Pre Reg_DeleteAllDocumentsByPreRegID_DeleteAllDocumentForPreRegisrationIdByPassingInvalidPreRegisrationId_Spaces" time="0.300" classname="io.mosip.preregistration.tests.DeleteAllDocumentsByPreRegID"/>
  <testcase name="Pre Reg_DeleteAllDocumentsByPreRegID_DeleteAllDocumentForPreRegId_smoke" time="2.338" classname="io.mosip.preregistration.tests.DeleteAllDocumentsByPreRegID"/>
  <testcase name="Pre Reg_DeleteAllDocumentsByPreRegID_DeleteAllDocumentForPreRegisrationIdByPassingInvalidPreRegisrationId_GreaterThanMaxLength" time="0.328" classname="io.mosip.preregistration.tests.DeleteAllDocumentsByPreRegID"/>
  <testcase name="Pre Reg_DeleteAllDocumentsByPreRegID_DeleteAllDocumentForPreRegisrationIdByPassingInvalidPreRegisrationId_AlphaNumericAndSpecialCharacters" time="0.484" classname="io.mosip.preregistration.tests.DeleteAllDocumentsByPreRegID"/>
  <testcase name="Pre Reg_DeleteAllDocumentsByPreRegID_DeleteAllDocumentForPreRegisrationIdByPassingInvalidPreRegisrationId_EmptyValue" time="0.327" classname="io.mosip.preregistration.tests.DeleteAllDocumentsByPreRegID"/>
</testsuite> <!-- io.mosip.preregistration.tests.DeleteAllDocumentsByPreRegID -->
