<?xml version="1.0" encoding="UTF-8"?>
<!-- Generated by org.testng.reporters.JUnitReportReporter -->
<testsuite skipped="0" hostname="A2ML20178" name="io.mosip.registrationProcessor.tests.SecurityTests" tests="6" failures="0" timestamp="27 Jun 2019 11:28:17 GMT" time="7.250" errors="0">
  <testcase name="RegProc_SecurityTests_syncRequestWithValidToken" time="3.973" classname="io.mosip.registrationProcessor.tests.SecurityTests"/>
  <testcase name="RegProc_SecurityTests_syncRequestWithInvalidToken" time="0.906" classname="io.mosip.registrationProcessor.tests.SecurityTests"/>
  <testcase name="RegProc_SecurityTests_packetUploadWithValidToken" time="1.248" classname="io.mosip.registrationProcessor.tests.SecurityTests"/>
  <testcase name="RegProc_SecurityTests_packetUploadWithInValidToken" time="0.624" classname="io.mosip.registrationProcessor.tests.SecurityTests"/>
  <testcase name="RegProc_SecurityTests_packetStatusWithValidToken" time="0.251" classname="io.mosip.registrationProcessor.tests.SecurityTests"/>
  <testcase name="RegProc_SecurityTests_packetStatusWithInvalidToken" time="0.248" classname="io.mosip.registrationProcessor.tests.SecurityTests"/>
</testsuite> <!-- io.mosip.registrationProcessor.tests.SecurityTests -->
