<?xml version="1.0" encoding="UTF-8"?>
<!-- Generated by org.testng.reporters.JUnitReportReporter -->
<testsuite skipped="0" hostname="A2ML20178" name="io.mosip.preregistration.tests.Audit" tests="14" failures="0" timestamp="29 Jun 2019 07:14:05 GMT" time="279.752" errors="0">
  <testcase name="PreReg_Audit_getAuditDataForCancelBooking" time="18.501" classname="io.mosip.preregistration.tests.Audit"/>
  <testcase name="PreReg_Audit_getAuditDataForCopyDocument" time="20.726" classname="io.mosip.preregistration.tests.Audit"/>
  <testcase name="PreReg_Audit_getAuditDataForRetriveDocumentByDocId" time="19.660" classname="io.mosip.preregistration.tests.Audit"/>
  <testcase name="PreReg_Audit_getAuditDataForDemographicUpdate" time="17.786" classname="io.mosip.preregistration.tests.Audit"/>
  <testcase name="PreReg_Audit_getAuditDataForDocumentUpload" time="18.642" classname="io.mosip.preregistration.tests.Audit"/>
  <testcase name="PreReg_Audit_getAuditDataForDemographicDiscard" time="17.525" classname="io.mosip.preregistration.tests.Audit"/>
  <testcase name="PreReg_Audit_getAuditDataForDemographicCreate" time="17.250" classname="io.mosip.preregistration.tests.Audit"/>
  <testcase name="PreReg_Audit_getAuditDataForDemographicFetchAllApplication" time="24.092" classname="io.mosip.preregistration.tests.Audit"/>
  <testcase name="PreReg_Audit_getAuditDataForGetAvailbleSlot" time="16.962" classname="io.mosip.preregistration.tests.Audit"/>
  <testcase name="PreReg_Audit_getAuditDataForDocumentDeleteByDocId" time="19.357" classname="io.mosip.preregistration.tests.Audit"/>
  <testcase name="PreReg_Audit_getAuditDataForBatchJobExpired" time="35.087" classname="io.mosip.preregistration.tests.Audit"/>
  <testcase name="PreReg_Audit_getAuditDataForReBooking" time="19.290" classname="io.mosip.preregistration.tests.Audit"/>
  <testcase name="PreReg_Audit_getAuditDataForDemographicException" time="13.978" classname="io.mosip.preregistration.tests.Audit"/>
  <testcase name="PreReg_Audit_getAuditDataForBatchJobConsumed" time="20.896" classname="io.mosip.preregistration.tests.Audit"/>
</testsuite> <!-- io.mosip.preregistration.tests.Audit -->
