<?xml version="1.0" encoding="UTF-8"?>
<!-- Generated by org.testng.reporters.JUnitReportReporter -->
<testsuite skipped="0" hostname="A2ML30049" name="io.mosip.authentication.idRepository.prerequiste.CreateVID" tests="1" failures="0" timestamp="12 Jul 2019 07:44:48 GMT" time="10.956" errors="1">
  <testcase name="Authenticaiton_CreateVID" time="10.956" classname="io.mosip.authentication.idRepository.prerequiste.CreateVID">
    <error type="io.mosip.authentication.fw.util.AuthenticationTestException" message="Create VID failed. This may lead to failure for some authentication test execution">
      <![CDATA[io.mosip.authentication.fw.util.AuthenticationTestException: Create VID failed. This may lead to failure for some authentication test execution
	at io.mosip.authentication.idRepository.prerequiste.CreateVID.generateVidForUin(CreateVID.java:136)
	at sun.reflect.NativeMethodAccessorImpl.invoke0(Native Method)
	at sun.reflect.NativeMethodAccessorImpl.invoke(NativeMethodAccessorImpl.java:62)
	at sun.reflect.DelegatingMethodAccessorImpl.invoke(DelegatingMethodAccessorImpl.java:43)
	at java.lang.reflect.Method.invoke(Method.java:498)
	at org.testng.internal.MethodInvocationHelper.invokeMethod(MethodInvocationHelper.java:108)
	at org.testng.internal.Invoker.invokeMethod(Invoker.java:661)
	at org.testng.internal.Invoker.invokeTestMethod(Invoker.java:869)
	at org.testng.internal.Invoker.invokeTestMethods(Invoker.java:1193)
	at org.testng.internal.TestMethodWorker.invokeTestMethods(TestMethodWorker.java:126)
	at org.testng.internal.TestMethodWorker.run(TestMethodWorker.java:109)
	at org.testng.TestRunner.privateRun(TestRunner.java:744)
	at org.testng.TestRunner.run(TestRunner.java:602)
	at org.testng.SuiteRunner.runTest(SuiteRunner.java:380)
	at org.testng.SuiteRunner.runSequentially(SuiteRunner.java:375)
	at org.testng.SuiteRunner.privateRun(SuiteRunner.java:340)
	at org.testng.SuiteRunner.run(SuiteRunner.java:289)
	at org.testng.SuiteRunnerWorker.runSuite(SuiteRunnerWorker.java:52)
	at org.testng.SuiteRunnerWorker.run(SuiteRunnerWorker.java:86)
	at org.testng.TestNG.runSuitesSequentially(TestNG.java:1301)
	at org.testng.TestNG.runSuitesLocally(TestNG.java:1226)
	at org.testng.TestNG.runSuites(TestNG.java:1144)
	at org.testng.TestNG.run(TestNG.java:1115)
	at io.mosip.testrunner.MosipTestRunner.startTestRunner(MosipTestRunner.java:53)
	at io.mosip.authentication.e2e.AuthenticationE2E.performAuthE2E(AuthenticationE2E.java:10)
	at io.mosip.authentication.e2e.AuthenticationE2E.main(AuthenticationE2E.java:15)
]]>
    </error>
  </testcase> <!-- Authenticaiton_CreateVID -->
</testsuite> <!-- io.mosip.authentication.idRepository.prerequiste.CreateVID -->
