<?xml version="1.0" encoding="UTF-8"?>
<!-- Generated by org.testng.reporters.JUnitReportReporter -->
<testsuite skipped="0" hostname="A2ML30049" name="io.mosip.authentication.idRepository.prerequiste.CreateUinRecord" tests="1" failures="0" timestamp="12 Jul 2019 13:28:25 GMT" time="51.395" errors="0">
  <testcase name="Create UIN" time="51.395" classname="io.mosip.authentication.idRepository.prerequiste.CreateUinRecord"/>
</testsuite> <!-- io.mosip.authentication.idRepository.prerequiste.CreateUinRecord -->
