<?xml version="1.0" encoding="UTF-8"?>
<!-- Generated by org.testng.reporters.JUnitReportReporter -->
<testsuite skipped="0" hostname="A2ML30049" name="io.mosip.registration.main.PacketCreation" tests="1" failures="0" timestamp="04 Jun 2019 04:45:31 GMT" time="27.736" errors="1">
  <testcase name="createPacket" time="27.736" classname="io.mosip.registration.main.PacketCreation">
    <error type="io.mosip.kernel.idgenerator.rid.exception.NullValueException" message="KER-RIG-001 --&gt; Null value entered">
      <![CDATA[io.mosip.kernel.idgenerator.rid.exception.NullValueException: KER-RIG-001 --> Null value entered
at io.mosip.kernel.idgenerator.rid.impl.RidGeneratorImpl.validateInput(RidGeneratorImpl.java:103)
at io.mosip.kernel.idgenerator.rid.impl.RidGeneratorImpl.generateId(RidGeneratorImpl.java:62)
at io.mosip.kernel.idgenerator.rid.impl.RidGeneratorImpl.generateId(RidGeneratorImpl.java:33)
at io.mosip.registration.util.CommonUtil.createRegistrationDTOObject(CommonUtil.java:507)
at io.mosip.registration.main.PacketCreation.createPacket(PacketCreation.java:111)
at sun.reflect.NativeMethodAccessorImpl.invoke0(Native Method)
at sun.reflect.NativeMethodAccessorImpl.invoke(Unknown Source)
at sun.reflect.DelegatingMethodAccessorImpl.invoke(Unknown Source)
at java.lang.reflect.Method.invoke(Unknown Source)
at org.testng.internal.MethodInvocationHelper.invokeMethod(MethodInvocationHelper.java:124)
at org.testng.internal.MethodInvocationHelper$1.runTestMethod(MethodInvocationHelper.java:230)
at org.springframework.test.context.testng.AbstractTestNGSpringContextTests.run(AbstractTestNGSpringContextTests.java:180)
at org.testng.internal.MethodInvocationHelper.invokeHookable(MethodInvocationHelper.java:242)
at org.testng.internal.Invoker.invokeMethod(Invoker.java:579)
at org.testng.internal.Invoker.invokeTestMethod(Invoker.java:719)
at org.testng.internal.Invoker.invokeTestMethods(Invoker.java:989)
at org.testng.internal.TestMethodWorker.invokeTestMethods(TestMethodWorker.java:125)
at org.testng.internal.TestMethodWorker.run(TestMethodWorker.java:109)
at org.testng.TestRunner.privateRun(TestRunner.java:648)
at org.testng.TestRunner.run(TestRunner.java:505)
at org.testng.SuiteRunner.runTest(SuiteRunner.java:455)
at org.testng.SuiteRunner.runSequentially(SuiteRunner.java:450)
at org.testng.SuiteRunner.privateRun(SuiteRunner.java:415)
at org.testng.SuiteRunner.run(SuiteRunner.java:364)
at org.testng.SuiteRunnerWorker.runSuite(SuiteRunnerWorker.java:52)
at org.testng.SuiteRunnerWorker.run(SuiteRunnerWorker.java:84)
at org.testng.TestNG.runSuitesSequentially(TestNG.java:1208)
at org.testng.TestNG.runSuitesLocally(TestNG.java:1137)
at org.testng.TestNG.runSuites(TestNG.java:1049)
at org.testng.TestNG.run(TestNG.java:1017)
at io.mosip.registration.main.RegClient.createPacket(RegClient.java:22)
at io.mosip.registration.main.RegClient.main(RegClient.java:28)
]]>
    </error>
  </testcase> <!-- createPacket -->
</testsuite> <!-- io.mosip.registration.main.PacketCreation -->
