<?xml version="1.0" encoding="UTF-8"?>
<!-- Generated by org.testng.reporters.JUnitReportReporter -->
<testsuite hostname="b2ml30367" name="io.mosip.registration.main.CreatePackets" tests="1" failures="0" timestamp="28 May 2019 08:49:28 GMT" time="9.950" errors="0">
  <testcase name="createPacket" time="9.950" classname="io.mosip.registration.main.CreatePackets"/>
</testsuite> <!-- io.mosip.registration.main.CreatePackets -->
