<?xml version="1.0" encoding="UTF-8"?>
<!-- Generated by org.testng.reporters.JUnitReportReporter -->
<testsuite hostname="b2ml30367" name="io.mosip.registration.main.PacketCreation" tests="1" failures="0" timestamp="28 May 2019 12:13:02 GMT" time="25.099" errors="0">
  <testcase name="createPacket" time="25.099" classname="io.mosip.registration.main.PacketCreation"/>
</testsuite> <!-- io.mosip.registration.main.PacketCreation -->
