<?xml version="1.0" encoding="UTF-8"?>
<!-- Generated by org.testng.reporters.JUnitReportReporter -->
<testsuite skipped="0" hostname="A2ML30049" name="io.mosip.registration.main.PacketCreation" tests="1" failures="0" timestamp="04 Jun 2019 07:35:07 GMT" time="60.373" errors="0">
  <testcase name="createPacket" time="60.373" classname="io.mosip.registration.main.PacketCreation"/>
</testsuite> <!-- io.mosip.registration.main.PacketCreation -->
