<?xml version="1.0" encoding="UTF-8"?>
<!-- Generated by org.testng.reporters.JUnitReportReporter -->
<testsuite skipped="0" hostname="A2ML30049" name="io.mosip.authentication.idRepository.prerequiste.CreateVID" tests="1" failures="0" timestamp="15 Jul 2019 12:27:15 GMT" time="0.323" errors="0">
  <testcase name="Authenticaiton_CreateVID" time="0.323" classname="io.mosip.authentication.idRepository.prerequiste.CreateVID"/>
</testsuite> <!-- io.mosip.authentication.idRepository.prerequiste.CreateVID -->
