<?xml version="1.0" encoding="UTF-8"?>
<!-- Generated by org.testng.reporters.JUnitReportReporter -->
<testsuite hostname="B2ML30358" failures="0" tests="2" name="io.mosip.authentication.tests.OtpAuthentication" time="26.409" errors="0" timestamp="27 May 2019 07:38:23 GMT" skipped="0">
  <testcase classname="io.mosip.authentication.tests.OtpAuthentication" name="Authentication_OTP_IntegrationTest_UIN_1_smoke_Pos" time="14.084"/>
  <testcase classname="io.mosip.authentication.tests.OtpAuthentication" name="Authentication_OTP_Invalid UIN_Neg_02" time="12.325"/>
</testsuite> <!-- io.mosip.authentication.tests.OtpAuthentication -->
