<?xml version="1.0" encoding="UTF-8"?>
<!-- Generated by org.testng.reporters.JUnitReportReporter -->
<testsuite hostname="B2ML30358" failures="0" tests="2" name="io.mosip.authentication.tests.OtpGeneration" time="11.127" errors="0" timestamp="27 May 2019 07:38:23 GMT" skipped="0">
  <testcase classname="io.mosip.authentication.tests.OtpGeneration" name="Authentication_OTPGenerate_With_Valid_Request_IntegrationTest_Smoke_Pos" time="4.596"/>
  <testcase classname="io.mosip.authentication.tests.OtpGeneration" name="Authentication_OTPGenerate_With_Valid_Request_EMAIL_alone_IntegrationTest_Smoke_Pos" time="6.531"/>
</testsuite> <!-- io.mosip.authentication.tests.OtpGeneration -->
