<?xml version="1.0" encoding="UTF-8"?>
<!-- Generated by org.testng.reporters.JUnitReportReporter -->
<testsuite skipped="0" hostname="A2MD20092" name="io.mosip.test.GetPreRegistartion" tests="1" failures="0" timestamp="10 May 2019 09:05:56 GMT" time="0.516" errors="1">
  <testcase name="test" time="0.516" classname="io.mosip.test.GetPreRegistartion">
    <error type="java.lang.NoClassDefFoundError" message="org/hamcrest/Matcher">
      <![CDATA[java.lang.NoClassDefFoundError: org/hamcrest/Matcher
	at java.lang.Class.getDeclaredMethods0(Native Method)
	at java.lang.Class.privateGetDeclaredMethods(Unknown Source)
	at java.lang.Class.privateGetPublicMethods(Unknown Source)
	at java.lang.Class.getMethods(Unknown Source)
	at java.beans.Introspector.getPublicDeclaredMethods(Unknown Source)
	at java.beans.Introspector.getTargetMethodInfo(Unknown Source)
	at java.beans.Introspector.getBeanInfo(Unknown Source)
	at java.beans.Introspector.getBeanInfo(Unknown Source)
	at groovy.lang.MetaClassImpl$15.run(MetaClassImpl.java:3313)
	at java.security.AccessController.doPrivileged(Native Method)
	at groovy.lang.MetaClassImpl.addProperties(MetaClassImpl.java:3311)
	at groovy.lang.MetaClassImpl.initialize(MetaClassImpl.java:3288)
	at org.codehaus.groovy.reflection.ClassInfo.getMetaClassUnderLock(ClassInfo.java:260)
	at org.codehaus.groovy.reflection.ClassInfo.getMetaClass(ClassInfo.java:302)
	at io.restassured.internal.ResponseSpecificationImpl.$getStaticMetaClass(ResponseSpecificationImpl.groovy)
	at io.restassured.internal.ResponseSpecificationImpl.<init>(ResponseSpecificationImpl.groovy:53)
	at io.restassured.internal.ResponseSpecificationImpl.<init>(ResponseSpecificationImpl.groovy:68)
	at io.restassured.RestAssured.createTestSpecification(RestAssured.java:1510)
	at io.restassured.RestAssured.given(RestAssured.java:711)
	at io.mosip.restassured.RestAssuredLibrary.postRequestWithoutToken(RestAssuredLibrary.java:33)
	at io.mosip.restassured.RestAssuredMethod.postRequestWithOutToken(RestAssuredMethod.java:14)
	at io.mosip.util.PreRegistartionUtil.getToken(PreRegistartionUtil.java:162)
	at io.mosip.test.GetPreRegistartion.test(GetPreRegistartion.java:27)
	at sun.reflect.NativeMethodAccessorImpl.invoke0(Native Method)
	at sun.reflect.NativeMethodAccessorImpl.invoke(Unknown Source)
	at sun.reflect.DelegatingMethodAccessorImpl.invoke(Unknown Source)
	at java.lang.reflect.Method.invoke(Unknown Source)
	at org.testng.internal.MethodInvocationHelper.invokeMethod(MethodInvocationHelper.java:108)
	at org.testng.internal.Invoker.invokeMethod(Invoker.java:661)
	at org.testng.internal.Invoker.invokeTestMethod(Invoker.java:869)
	at org.testng.internal.Invoker.invokeTestMethods(Invoker.java:1193)
	at org.testng.internal.TestMethodWorker.invokeTestMethods(TestMethodWorker.java:126)
	at org.testng.internal.TestMethodWorker.run(TestMethodWorker.java:109)
	at org.testng.TestRunner.privateRun(TestRunner.java:744)
	at org.testng.TestRunner.run(TestRunner.java:602)
	at org.testng.SuiteRunner.runTest(SuiteRunner.java:380)
	at org.testng.SuiteRunner.runSequentially(SuiteRunner.java:375)
	at org.testng.SuiteRunner.privateRun(SuiteRunner.java:340)
	at org.testng.SuiteRunner.run(SuiteRunner.java:289)
	at org.testng.SuiteRunnerWorker.runSuite(SuiteRunnerWorker.java:52)
	at org.testng.SuiteRunnerWorker.run(SuiteRunnerWorker.java:86)
	at org.testng.TestNG.runSuitesSequentially(TestNG.java:1301)
	at org.testng.TestNG.runSuitesLocally(TestNG.java:1226)
	at org.testng.TestNG.runSuites(TestNG.java:1144)
	at org.testng.TestNG.run(TestNG.java:1115)
	at org.testng.remote.AbstractRemoteTestNG.run(AbstractRemoteTestNG.java:114)
	at org.testng.remote.RemoteTestNG.initAndRun(RemoteTestNG.java:251)
	at org.testng.remote.RemoteTestNG.main(RemoteTestNG.java:77)
Caused by: java.lang.ClassNotFoundException: org.hamcrest.Matcher
	at java.net.URLClassLoader.findClass(Unknown Source)
	at java.lang.ClassLoader.loadClass(Unknown Source)
	at sun.misc.Launcher$AppClassLoader.loadClass(Unknown Source)
	at java.lang.ClassLoader.loadClass(Unknown Source)
	... 48 more
]]>
    </error>
  </testcase> <!-- test -->
</testsuite> <!-- io.mosip.test.GetPreRegistartion -->
