<?xml version="1.0" encoding="UTF-8"?>
<!-- Generated by org.testng.reporters.JUnitReportReporter -->
<testsuite skipped="0" hostname="A2MD20092" name="io.mosip.test.Booking" tests="1" failures="0" timestamp="23 May 2019 07:01:30 GMT" time="0.011" errors="0">
  <testcase name="main1" time="0.011" classname="io.mosip.test.Booking"/>
</testsuite> <!-- io.mosip.test.Booking -->
