<?xml version="1.0" encoding="UTF-8"?>
<!-- Generated by org.testng.reporters.JUnitReportReporter -->
<testsuite skipped="0" hostname="A2ML30049" name="io.mosip.registrationProcessor.tests.StageValidationTests" tests="2" failures="0" timestamp="06 Mar 2019 12:47:17 GMT" time="15.094" errors="0">
  <testcase name="virusScanUploadTestSmoke" time="6.106" classname="io.mosip.registrationProcessor.tests.StageValidationTests"/>
  <testcase name="allStagesFailed" time="8.988" classname="io.mosip.registrationProcessor.tests.StageValidationTests"/>
</testsuite> <!-- io.mosip.registrationProcessor.tests.StageValidationTests -->
