<?xml version="1.0" encoding="UTF-8"?>
<!-- Generated by org.testng.reporters.JUnitReportReporter -->
<testsuite skipped="0" hostname="A2ML30049" name="io.mosip.service.IntegMethods" tests="1" failures="0" timestamp="06 Mar 2019 09:29:39 GMT" time="2.954" errors="0">
  <testcase name="mainTest" time="2.954" classname="io.mosip.service.IntegMethods"/>
</testsuite> <!-- io.mosip.service.IntegMethods -->
