<?xml version="1.0" encoding="UTF-8"?>
<!-- Generated by org.testng.reporters.JUnitReportReporter -->
<testsuite skipped="0" hostname="A2ML30049" name="io.mosip.registrationProcessor.tests.IntegrationScenarios" tests="1" failures="0" timestamp="06 Mar 2019 11:38:12 GMT" time="0.694" errors="0">
  <testcase name="syncSmoke_packetUploadSmoke" time="0.694" classname="io.mosip.registrationProcessor.tests.IntegrationScenarios"/>
</testsuite> <!-- io.mosip.registrationProcessor.tests.IntegrationScenarios -->
