<?xml version="1.0" encoding="UTF-8"?>
<!-- Generated by org.testng.reporters.JUnitReportReporter -->
<testsuite skipped="0" hostname="A2ML30049" name="io.mosip.registrationProcessor.tests.PacketStatus" tests="8" failures="0" timestamp="06 Mar 2019 11:38:12 GMT" time="57.058" errors="0">
  <testcase name="Invalid_registrationId" time="0.299" classname="io.mosip.registrationProcessor.tests.PacketStatus"/>
  <testcase name="PacketStatus_smoke" time="12.622" classname="io.mosip.registrationProcessor.tests.PacketStatus"/>
  <testcase name="Invalid_validAndInvalidRegIds" time="13.389" classname="io.mosip.registrationProcessor.tests.PacketStatus"/>
  <testcase name="PacketStatus_mutipleRegIds_smoke" time="29.488" classname="io.mosip.registrationProcessor.tests.PacketStatus"/>
  <testcase name="Invalid_emptyRegId" time="0.488" classname="io.mosip.registrationProcessor.tests.PacketStatus"/>
  <testcase name="Invalid_emptyTimestamp" time="0.210" classname="io.mosip.registrationProcessor.tests.PacketStatus"/>
  <testcase name="Invalid_emptyVersion" time="0.330" classname="io.mosip.registrationProcessor.tests.PacketStatus"/>
  <testcase name="Invalid_emptyId" time="0.232" classname="io.mosip.registrationProcessor.tests.PacketStatus"/>
</testsuite> <!-- io.mosip.registrationProcessor.tests.PacketStatus -->
