<?xml version="1.0" encoding="UTF-8"?>
<!-- Generated by org.testng.reporters.JUnitReportReporter -->
<testsuite skipped="0" hostname="A2ML30049" name="io.mosip.e2e.tests.PreRegistrationTests" tests="1" failures="0" timestamp="03 Jun 2019 10:21:52 GMT" time="201.182" errors="0">
  <testcase name="E2E_PreRegistration_getPrids" time="201.182" classname="io.mosip.e2e.tests.PreRegistrationTests"/>
</testsuite> <!-- io.mosip.e2e.tests.PreRegistrationTests -->
