<?xml version="1.0" encoding="UTF-8"?>
<!-- Generated by org.testng.reporters.JUnitReportReporter -->
<testsuite skipped="0" hostname="A2ML30049" name="io.mosip.e2e.util.PacketGenerator" tests="1" failures="0" timestamp="04 Jun 2019 08:32:13 GMT" time="9.320" errors="0">
  <testcase name="getPackets" time="9.320" classname="io.mosip.e2e.util.PacketGenerator"/>
</testsuite> <!-- io.mosip.e2e.util.PacketGenerator -->
