<?xml version="1.0" encoding="UTF-8"?>
<!-- Generated by org.testng.reporters.JUnitReportReporter -->
<testsuite skipped="0" hostname="A2ML30049" name="io.mosip.e2e.tests.EndToEndRun" tests="5" failures="0" timestamp="04 Jun 2019 05:08:16 GMT" time="42.655" errors="0">
  <testcase name="E2E_AdultPacket_getPrids" time="0.012" classname="io.mosip.e2e.tests.EndToEndRun"/>
  <testcase name="E2E_AdultPacket_getPackets" time="0.003" classname="io.mosip.e2e.tests.EndToEndRun"/>
  <testcase name="E2E_AdultPacket_syncPacket" time="6.486" classname="io.mosip.e2e.tests.EndToEndRun"/>
  <testcase name="E2E_AdultPacket_uploadPacket" time="2.429" classname="io.mosip.e2e.tests.EndToEndRun"/>
  <testcase name="E2E_AdultPacket_compareDbTransactions" time="33.725" classname="io.mosip.e2e.tests.EndToEndRun"/>
</testsuite> <!-- io.mosip.e2e.tests.EndToEndRun -->
