<?xml version="1.0" encoding="UTF-8"?>
<!-- Generated by org.testng.reporters.JUnitReportReporter -->
<testsuite skipped="0" hostname="A2ML30049" name="io.mosip.e2e.tests.PreRegistrationTests" tests="1" failures="0" timestamp="31 May 2019 12:20:20 GMT" time="69.787" errors="0">
  <testcase name="E2E_PreRegistration_getPrids" time="69.787" classname="io.mosip.e2e.tests.PreRegistrationTests"/>
</testsuite> <!-- io.mosip.e2e.tests.PreRegistrationTests -->
