<?xml version="1.0" encoding="UTF-8"?>
<!-- Generated by org.testng.reporters.JUnitReportReporter -->
<testsuite skipped="0" hostname="A2ML30049" name="io.mosip.registration.main.PacketCreation" tests="5" failures="0" timestamp="15 Jul 2019 11:05:26 GMT" time="12.171" errors="0">
  <testcase name="validatePacketCreation" time="1.920" classname="io.mosip.registration.main.PacketCreation"/>
  <testcase name="validatePacketCreation" time="4.180" classname="io.mosip.registration.main.PacketCreation"/>
  <testcase name="validatePacketCreation" time="3.720" classname="io.mosip.registration.main.PacketCreation"/>
  <testcase name="validatePacketCreation" time="1.662" classname="io.mosip.registration.main.PacketCreation"/>
  <testcase name="validatePacketCreation" time="0.689" classname="io.mosip.registration.main.PacketCreation"/>
</testsuite> <!-- io.mosip.registration.main.PacketCreation -->
