<?xml version="1.0" encoding="UTF-8"?>
<!-- Generated by org.testng.reporters.JUnitReportReporter -->
<testsuite skipped="0" hostname="A2ML30049" name="io.mosip.e2e.tests.RegistrationProcessor" tests="5" failures="0" timestamp="04 Jun 2019 04:09:17 GMT" time="75.057" errors="0">
  <testcase name="E2E_AdultPacket_getPrids" time="35.727" classname="io.mosip.e2e.tests.RegistrationProcessor"/>
  <testcase name="E2E_AdultPacket_getPackets" time="0.007" classname="io.mosip.e2e.tests.RegistrationProcessor"/>
  <testcase name="E2E_AdultPacket_syncPacket" time="5.148" classname="io.mosip.e2e.tests.RegistrationProcessor"/>
  <testcase name="E2E_AdultPacket_uploadPacket" time="2.609" classname="io.mosip.e2e.tests.RegistrationProcessor"/>
  <testcase name="E2E_AdultPacket_compareDbTransactions" time="31.566" classname="io.mosip.e2e.tests.RegistrationProcessor"/>
</testsuite> <!-- io.mosip.e2e.tests.RegistrationProcessor -->
