<?xml version="1.0" encoding="UTF-8"?>
<!-- Generated by org.testng.reporters.JUnitReportReporter -->
<testsuite skipped="0" hostname="A2ML30049" name="io.mosip.e2e.tests.RegistrationProcessor" tests="5" failures="0" timestamp="03 Jun 2019 14:39:06 GMT" time="84.116" errors="0">
  <testcase name="E2E_AdultPacket_getPrids" time="34.641" classname="io.mosip.e2e.tests.RegistrationProcessor"/>
  <testcase name="E2E_AdultPacket_getPackets" time="0.000" classname="io.mosip.e2e.tests.RegistrationProcessor"/>
  <testcase name="E2E_AdultPacket_syncPacket" time="9.054" classname="io.mosip.e2e.tests.RegistrationProcessor"/>
  <testcase name="E2E_AdultPacket_uploadPacket" time="8.999" classname="io.mosip.e2e.tests.RegistrationProcessor"/>
  <testcase name="E2E_AdultPacket_compareDbTransactions" time="31.422" classname="io.mosip.e2e.tests.RegistrationProcessor"/>
</testsuite> <!-- io.mosip.e2e.tests.RegistrationProcessor -->
