<?xml version="1.0" encoding="UTF-8"?>
<!-- Generated by org.testng.reporters.JUnitReportReporter -->
<testsuite skipped="0" hostname="A2ML30049" name="io.mosip.e2e.tests.PacketGeneratorTest" tests="2" failures="0" timestamp="15 Jul 2019 11:10:51 GMT" time="128.856" errors="0">
  <testcase name="E2E_PacketGenerator_generatePrids" time="65.964" classname="io.mosip.e2e.tests.PacketGeneratorTest"/>
  <testcase name="E2E_PacketGenerator_generateValidInvalidPackets" time="62.892" classname="io.mosip.e2e.tests.PacketGeneratorTest"/>
</testsuite> <!-- io.mosip.e2e.tests.PacketGeneratorTest -->
